<?xml version="1.0" encoding="UTF-8"?>
<!-- Generated by org.testng.reporters.JUnitXMLReporter -->
<testsuite hostname="P3BLAP-7172WMV" ignored="0" name="Colorway" tests="372" failures="0" timestamp="13 Feb 2018 11:32:22 GMT" time="0.505" errors="0">
  <testcase name="@BeforeTest checkTestcaseSkip" time="0.002" classname="com.hasbro.security.Colorway">
    <skipped/>
  </testcase> <!-- @BeforeTest checkTestcaseSkip -->
  <testcase name="@AfterTest reportTestcaseResult" time="0.0" classname="com.hasbro.security.Colorway">
    <skipped/>
  </testcase> <!-- @AfterTest reportTestcaseResult -->
  <testcase name="tcColor" time="0.0" classname="com.hasbro.security.Colorway">
    <skipped/>
  </testcase> <!-- tcColor -->
  <testcase name="tcColor" time="0.0" classname="com.hasbro.security.Colorway">
    <skipped/>
  </testcase> <!-- tcColor -->
  <testcase name="tcColor" time="0.0" classname="com.hasbro.security.Colorway">
    <skipped/>
  </testcase> <!-- tcColor -->
  <testcase name="tcColor" time="0.0" classname="com.hasbro.security.Colorway">
    <skipped/>
  </testcase> <!-- tcColor -->
  <testcase name="tcColor" time="0.0" classname="com.hasbro.security.Colorway">
    <skipped/>
  </testcase> <!-- tcColor -->
  <testcase name="tcColor" time="0.0" classname="com.hasbro.security.Colorway">
    <skipped/>
  </testcase> <!-- tcColor -->
  <testcase name="tcColor" time="0.0" classname="com.hasbro.security.Colorway">
    <skipped/>
  </testcase> <!-- tcColor -->
  <testcase name="tcColor" time="0.0" classname="com.hasbro.security.Colorway">
    <skipped/>
  </testcase> <!-- tcColor -->
  <testcase name="tcColor" time="0.0" classname="com.hasbro.security.Colorway">
    <skipped/>
  </testcase> <!-- tcColor -->
  <testcase name="tcColor" time="0.0" classname="com.hasbro.security.Colorway">
    <skipped/>
  </testcase> <!-- tcColor -->
  <testcase name="tcColor" time="0.0" classname="com.hasbro.security.Colorway">
    <skipped/>
  </testcase> <!-- tcColor -->
  <testcase name="tcColor" time="0.0" classname="com.hasbro.security.Colorway">
    <skipped/>
  </testcase> <!-- tcColor -->
  <testcase name="tcColor" time="0.0" classname="com.hasbro.security.Colorway">
    <skipped/>
  </testcase> <!-- tcColor -->
  <testcase name="tcColor" time="0.0" classname="com.hasbro.security.Colorway">
    <skipped/>
  </testcase> <!-- tcColor -->
  <testcase name="tcColor" time="0.0" classname="com.hasbro.security.Colorway">
    <skipped/>
  </testcase> <!-- tcColor -->
  <testcase name="tcColor" time="0.0" classname="com.hasbro.security.Colorway">
    <skipped/>
  </testcase> <!-- tcColor -->
  <testcase name="tcColor" time="0.0" classname="com.hasbro.security.Colorway">
    <skipped/>
  </testcase> <!-- tcColor -->
  <testcase name="tcColor" time="0.0" classname="com.hasbro.security.Colorway">
    <skipped/>
  </testcase> <!-- tcColor -->
  <testcase name="tcColor" time="0.0" classname="com.hasbro.security.Colorway">
    <skipped/>
  </testcase> <!-- tcColor -->
  <testcase name="tcColor" time="0.0" classname="com.hasbro.security.Colorway">
    <skipped/>
  </testcase> <!-- tcColor -->
  <testcase name="tcColor" time="0.0" classname="com.hasbro.security.Colorway">
    <skipped/>
  </testcase> <!-- tcColor -->
  <testcase name="tcColor" time="0.0" classname="com.hasbro.security.Colorway">
    <skipped/>
  </testcase> <!-- tcColor -->
  <testcase name="tcColor" time="0.0" classname="com.hasbro.security.Colorway">
    <skipped/>
  </testcase> <!-- tcColor -->
  <testcase name="tcColor" time="0.0" classname="com.hasbro.security.Colorway">
    <skipped/>
  </testcase> <!-- tcColor -->
  <testcase name="tcColor" time="0.0" classname="com.hasbro.security.Colorway">
    <skipped/>
  </testcase> <!-- tcColor -->
  <testcase name="tcColor" time="0.0" classname="com.hasbro.security.Colorway">
    <skipped/>
  </testcase> <!-- tcColor -->
  <testcase name="tcColor" time="0.0" classname="com.hasbro.security.Colorway">
    <skipped/>
  </testcase> <!-- tcColor -->
  <testcase name="tcColor" time="0.0" classname="com.hasbro.security.Colorway">
    <skipped/>
  </testcase> <!-- tcColor -->
  <testcase name="tcColor" time="0.0" classname="com.hasbro.security.Colorway">
    <skipped/>
  </testcase> <!-- tcColor -->
  <testcase name="tcColor" time="0.0" classname="com.hasbro.security.Colorway">
    <skipped/>
  </testcase> <!-- tcColor -->
  <testcase name="tcColor" time="0.0" classname="com.hasbro.security.Colorway">
    <skipped/>
  </testcase> <!-- tcColor -->
  <testcase name="tcColor" time="0.0" classname="com.hasbro.security.Colorway">
    <skipped/>
  </testcase> <!-- tcColor -->
  <testcase name="tcColor" time="0.0" classname="com.hasbro.security.Colorway">
    <skipped/>
  </testcase> <!-- tcColor -->
  <testcase name="tcColor" time="0.0" classname="com.hasbro.security.Colorway">
    <skipped/>
  </testcase> <!-- tcColor -->
  <testcase name="tcColor" time="0.0" classname="com.hasbro.security.Colorway">
    <skipped/>
  </testcase> <!-- tcColor -->
  <testcase name="tcColor" time="0.0" classname="com.hasbro.security.Colorway">
    <skipped/>
  </testcase> <!-- tcColor -->
  <testcase name="tcColor" time="0.0" classname="com.hasbro.security.Colorway">
    <skipped/>
  </testcase> <!-- tcColor -->
  <testcase name="tcColor" time="0.0" classname="com.hasbro.security.Colorway">
    <skipped/>
  </testcase> <!-- tcColor -->
  <testcase name="tcColor" time="0.0" classname="com.hasbro.security.Colorway">
    <skipped/>
  </testcase> <!-- tcColor -->
  <testcase name="tcColor" time="0.0" classname="com.hasbro.security.Colorway">
    <skipped/>
  </testcase> <!-- tcColor -->
  <testcase name="tcColor" time="0.0" classname="com.hasbro.security.Colorway">
    <skipped/>
  </testcase> <!-- tcColor -->
  <testcase name="tcColor" time="0.0" classname="com.hasbro.security.Colorway">
    <skipped/>
  </testcase> <!-- tcColor -->
  <testcase name="tcColor" time="0.0" classname="com.hasbro.security.Colorway">
    <skipped/>
  </testcase> <!-- tcColor -->
  <testcase name="tcColor" time="0.0" classname="com.hasbro.security.Colorway">
    <skipped/>
  </testcase> <!-- tcColor -->
  <testcase name="tcColor" time="0.0" classname="com.hasbro.security.Colorway">
    <skipped/>
  </testcase> <!-- tcColor -->
  <testcase name="tcColor" time="0.0" classname="com.hasbro.security.Colorway">
    <skipped/>
  </testcase> <!-- tcColor -->
  <testcase name="tcColor" time="0.0" classname="com.hasbro.security.Colorway">
    <skipped/>
  </testcase> <!-- tcColor -->
  <testcase name="tcColor" time="0.0" classname="com.hasbro.security.Colorway">
    <skipped/>
  </testcase> <!-- tcColor -->
  <testcase name="tcColor" time="0.0" classname="com.hasbro.security.Colorway">
    <skipped/>
  </testcase> <!-- tcColor -->
  <testcase name="tcColor" time="0.0" classname="com.hasbro.security.Colorway">
    <skipped/>
  </testcase> <!-- tcColor -->
  <testcase name="tcColor" time="0.0" classname="com.hasbro.security.Colorway">
    <skipped/>
  </testcase> <!-- tcColor -->
  <testcase name="tcColor" time="0.0" classname="com.hasbro.security.Colorway">
    <skipped/>
  </testcase> <!-- tcColor -->
  <testcase name="tcColor" time="0.0" classname="com.hasbro.security.Colorway">
    <skipped/>
  </testcase> <!-- tcColor -->
  <testcase name="tcColor" time="0.0" classname="com.hasbro.security.Colorway">
    <skipped/>
  </testcase> <!-- tcColor -->
  <testcase name="tcColor" time="0.0" classname="com.hasbro.security.Colorway">
    <skipped/>
  </testcase> <!-- tcColor -->
  <testcase name="tcColor" time="0.0" classname="com.hasbro.security.Colorway">
    <skipped/>
  </testcase> <!-- tcColor -->
  <testcase name="tcColor" time="0.0" classname="com.hasbro.security.Colorway">
    <skipped/>
  </testcase> <!-- tcColor -->
  <testcase name="tcColor" time="0.0" classname="com.hasbro.security.Colorway">
    <skipped/>
  </testcase> <!-- tcColor -->
  <testcase name="tcColor" time="0.0" classname="com.hasbro.security.Colorway">
    <skipped/>
  </testcase> <!-- tcColor -->
  <testcase name="tcColor" time="0.0" classname="com.hasbro.security.Colorway">
    <skipped/>
  </testcase> <!-- tcColor -->
  <testcase name="tcColor" time="0.0" classname="com.hasbro.security.Colorway">
    <skipped/>
  </testcase> <!-- tcColor -->
  <testcase name="tcColor" time="0.0" classname="com.hasbro.security.Colorway">
    <skipped/>
  </testcase> <!-- tcColor -->
  <testcase name="tcColor" time="0.0" classname="com.hasbro.security.Colorway">
    <skipped/>
  </testcase> <!-- tcColor -->
  <testcase name="tcColor" time="0.0" classname="com.hasbro.security.Colorway">
    <skipped/>
  </testcase> <!-- tcColor -->
  <testcase name="tcColor" time="0.0" classname="com.hasbro.security.Colorway">
    <skipped/>
  </testcase> <!-- tcColor -->
  <testcase name="tcColor" time="0.0" classname="com.hasbro.security.Colorway">
    <skipped/>
  </testcase> <!-- tcColor -->
  <testcase name="tcColor" time="0.0" classname="com.hasbro.security.Colorway">
    <skipped/>
  </testcase> <!-- tcColor -->
  <testcase name="tcColor" time="0.0" classname="com.hasbro.security.Colorway">
    <skipped/>
  </testcase> <!-- tcColor -->
  <testcase name="tcColor" time="0.0" classname="com.hasbro.security.Colorway">
    <skipped/>
  </testcase> <!-- tcColor -->
  <testcase name="tcColor" time="0.0" classname="com.hasbro.security.Colorway">
    <skipped/>
  </testcase> <!-- tcColor -->
  <testcase name="tcColor" time="0.0" classname="com.hasbro.security.Colorway">
    <skipped/>
  </testcase> <!-- tcColor -->
  <testcase name="tcColor" time="0.0" classname="com.hasbro.security.Colorway">
    <skipped/>
  </testcase> <!-- tcColor -->
  <testcase name="tcColor" time="0.0" classname="com.hasbro.security.Colorway">
    <skipped/>
  </testcase> <!-- tcColor -->
  <testcase name="tcColor" time="0.0" classname="com.hasbro.security.Colorway">
    <skipped/>
  </testcase> <!-- tcColor -->
  <testcase name="tcColor" time="0.0" classname="com.hasbro.security.Colorway">
    <skipped/>
  </testcase> <!-- tcColor -->
  <testcase name="tcColor" time="0.0" classname="com.hasbro.security.Colorway">
    <skipped/>
  </testcase> <!-- tcColor -->
  <testcase name="tcColor" time="0.0" classname="com.hasbro.security.Colorway">
    <skipped/>
  </testcase> <!-- tcColor -->
  <testcase name="tcColor" time="0.0" classname="com.hasbro.security.Colorway">
    <skipped/>
  </testcase> <!-- tcColor -->
  <testcase name="tcColor" time="0.0" classname="com.hasbro.security.Colorway">
    <skipped/>
  </testcase> <!-- tcColor -->
  <testcase name="tcColor" time="0.0" classname="com.hasbro.security.Colorway">
    <skipped/>
  </testcase> <!-- tcColor -->
  <testcase name="tcColor" time="0.0" classname="com.hasbro.security.Colorway">
    <skipped/>
  </testcase> <!-- tcColor -->
  <testcase name="tcColor" time="0.0" classname="com.hasbro.security.Colorway">
    <skipped/>
  </testcase> <!-- tcColor -->
  <testcase name="tcColor" time="0.0" classname="com.hasbro.security.Colorway">
    <skipped/>
  </testcase> <!-- tcColor -->
  <testcase name="tcColor" time="0.0" classname="com.hasbro.security.Colorway">
    <skipped/>
  </testcase> <!-- tcColor -->
  <testcase name="tcColor" time="0.0" classname="com.hasbro.security.Colorway">
    <skipped/>
  </testcase> <!-- tcColor -->
  <testcase name="tcColor" time="0.0" classname="com.hasbro.security.Colorway">
    <skipped/>
  </testcase> <!-- tcColor -->
  <testcase name="tcColor" time="0.0" classname="com.hasbro.security.Colorway">
    <skipped/>
  </testcase> <!-- tcColor -->
  <testcase name="tcColor" time="0.0" classname="com.hasbro.security.Colorway">
    <skipped/>
  </testcase> <!-- tcColor -->
  <testcase name="tcColor" time="0.0" classname="com.hasbro.security.Colorway">
    <skipped/>
  </testcase> <!-- tcColor -->
  <testcase name="tcColor" time="0.0" classname="com.hasbro.security.Colorway">
    <skipped/>
  </testcase> <!-- tcColor -->
  <testcase name="tcColor" time="0.0" classname="com.hasbro.security.Colorway">
    <skipped/>
  </testcase> <!-- tcColor -->
  <testcase name="tcColor" time="0.0" classname="com.hasbro.security.Colorway">
    <skipped/>
  </testcase> <!-- tcColor -->
  <testcase name="tcColor" time="0.0" classname="com.hasbro.security.Colorway">
    <skipped/>
  </testcase> <!-- tcColor -->
  <testcase name="tcColor" time="0.0" classname="com.hasbro.security.Colorway">
    <skipped/>
  </testcase> <!-- tcColor -->
  <testcase name="tcColor" time="0.0" classname="com.hasbro.security.Colorway">
    <skipped/>
  </testcase> <!-- tcColor -->
  <testcase name="tcColor" time="0.0" classname="com.hasbro.security.Colorway">
    <skipped/>
  </testcase> <!-- tcColor -->
  <testcase name="tcColor" time="0.0" classname="com.hasbro.security.Colorway">
    <skipped/>
  </testcase> <!-- tcColor -->
  <testcase name="tcColor" time="0.0" classname="com.hasbro.security.Colorway">
    <skipped/>
  </testcase> <!-- tcColor -->
  <testcase name="tcColor" time="0.0" classname="com.hasbro.security.Colorway">
    <skipped/>
  </testcase> <!-- tcColor -->
  <testcase name="tcColor" time="0.0" classname="com.hasbro.security.Colorway">
    <skipped/>
  </testcase> <!-- tcColor -->
  <testcase name="tcColor" time="0.0" classname="com.hasbro.security.Colorway">
    <skipped/>
  </testcase> <!-- tcColor -->
  <testcase name="tcColor" time="0.0" classname="com.hasbro.security.Colorway">
    <skipped/>
  </testcase> <!-- tcColor -->
  <testcase name="tcColor" time="0.0" classname="com.hasbro.security.Colorway">
    <skipped/>
  </testcase> <!-- tcColor -->
  <testcase name="tcColor" time="0.0" classname="com.hasbro.security.Colorway">
    <skipped/>
  </testcase> <!-- tcColor -->
  <testcase name="tcColor" time="0.0" classname="com.hasbro.security.Colorway">
    <skipped/>
  </testcase> <!-- tcColor -->
  <testcase name="tcColor" time="0.0" classname="com.hasbro.security.Colorway">
    <skipped/>
  </testcase> <!-- tcColor -->
  <testcase name="tcColor" time="0.0" classname="com.hasbro.security.Colorway">
    <skipped/>
  </testcase> <!-- tcColor -->
  <testcase name="tcColor" time="0.0" classname="com.hasbro.security.Colorway">
    <skipped/>
  </testcase> <!-- tcColor -->
  <testcase name="tcColor" time="0.0" classname="com.hasbro.security.Colorway">
    <skipped/>
  </testcase> <!-- tcColor -->
  <testcase name="tcColor" time="0.0" classname="com.hasbro.security.Colorway">
    <skipped/>
  </testcase> <!-- tcColor -->
  <testcase name="tcColor" time="0.0" classname="com.hasbro.security.Colorway">
    <skipped/>
  </testcase> <!-- tcColor -->
  <testcase name="tcColor" time="0.0" classname="com.hasbro.security.Colorway">
    <skipped/>
  </testcase> <!-- tcColor -->
  <testcase name="tcColor" time="0.0" classname="com.hasbro.security.Colorway">
    <skipped/>
  </testcase> <!-- tcColor -->
  <testcase name="tcColor" time="0.0" classname="com.hasbro.security.Colorway">
    <skipped/>
  </testcase> <!-- tcColor -->
  <testcase name="tcColor" time="0.0" classname="com.hasbro.security.Colorway">
    <skipped/>
  </testcase> <!-- tcColor -->
  <testcase name="tcColor" time="0.0" classname="com.hasbro.security.Colorway">
    <skipped/>
  </testcase> <!-- tcColor -->
  <testcase name="tcColor" time="0.0" classname="com.hasbro.security.Colorway">
    <skipped/>
  </testcase> <!-- tcColor -->
  <testcase name="tcColor" time="0.0" classname="com.hasbro.security.Colorway">
    <skipped/>
  </testcase> <!-- tcColor -->
  <testcase name="tcColor" time="0.0" classname="com.hasbro.security.Colorway">
    <skipped/>
  </testcase> <!-- tcColor -->
  <testcase name="tcColor" time="0.0" classname="com.hasbro.security.Colorway">
    <skipped/>
  </testcase> <!-- tcColor -->
  <testcase name="tcColor" time="0.0" classname="com.hasbro.security.Colorway">
    <skipped/>
  </testcase> <!-- tcColor -->
  <testcase name="tcColor" time="0.0" classname="com.hasbro.security.Colorway">
    <skipped/>
  </testcase> <!-- tcColor -->
  <testcase name="tcColor" time="0.0" classname="com.hasbro.security.Colorway">
    <skipped/>
  </testcase> <!-- tcColor -->
  <testcase name="tcColor" time="0.0" classname="com.hasbro.security.Colorway">
    <skipped/>
  </testcase> <!-- tcColor -->
  <testcase name="tcColor" time="0.0" classname="com.hasbro.security.Colorway">
    <skipped/>
  </testcase> <!-- tcColor -->
  <testcase name="tcColor" time="0.0" classname="com.hasbro.security.Colorway">
    <skipped/>
  </testcase> <!-- tcColor -->
  <testcase name="tcColor" time="0.0" classname="com.hasbro.security.Colorway">
    <skipped/>
  </testcase> <!-- tcColor -->
  <testcase name="tcColor" time="0.0" classname="com.hasbro.security.Colorway">
    <skipped/>
  </testcase> <!-- tcColor -->
  <testcase name="tcColor" time="0.0" classname="com.hasbro.security.Colorway">
    <skipped/>
  </testcase> <!-- tcColor -->
  <testcase name="tcColor" time="0.0" classname="com.hasbro.security.Colorway">
    <skipped/>
  </testcase> <!-- tcColor -->
  <testcase name="tcColor" time="0.0" classname="com.hasbro.security.Colorway">
    <skipped/>
  </testcase> <!-- tcColor -->
  <testcase name="tcColor" time="0.0" classname="com.hasbro.security.Colorway">
    <skipped/>
  </testcase> <!-- tcColor -->
  <testcase name="tcColor" time="0.0" classname="com.hasbro.security.Colorway">
    <skipped/>
  </testcase> <!-- tcColor -->
  <testcase name="tcColor" time="0.0" classname="com.hasbro.security.Colorway">
    <skipped/>
  </testcase> <!-- tcColor -->
  <testcase name="tcColor" time="0.0" classname="com.hasbro.security.Colorway">
    <skipped/>
  </testcase> <!-- tcColor -->
  <testcase name="tcColor" time="0.0" classname="com.hasbro.security.Colorway">
    <skipped/>
  </testcase> <!-- tcColor -->
  <testcase name="tcColor" time="0.0" classname="com.hasbro.security.Colorway">
    <skipped/>
  </testcase> <!-- tcColor -->
  <testcase name="tcColor" time="0.0" classname="com.hasbro.security.Colorway">
    <skipped/>
  </testcase> <!-- tcColor -->
  <testcase name="tcColor" time="0.0" classname="com.hasbro.security.Colorway">
    <skipped/>
  </testcase> <!-- tcColor -->
  <testcase name="tcColor" time="0.0" classname="com.hasbro.security.Colorway">
    <skipped/>
  </testcase> <!-- tcColor -->
  <testcase name="tcColor" time="0.0" classname="com.hasbro.security.Colorway">
    <skipped/>
  </testcase> <!-- tcColor -->
  <testcase name="tcColor" time="0.0" classname="com.hasbro.security.Colorway">
    <skipped/>
  </testcase> <!-- tcColor -->
  <testcase name="tcColor" time="0.0" classname="com.hasbro.security.Colorway">
    <skipped/>
  </testcase> <!-- tcColor -->
  <testcase name="tcColor" time="0.0" classname="com.hasbro.security.Colorway">
    <skipped/>
  </testcase> <!-- tcColor -->
  <testcase name="tcColor" time="0.0" classname="com.hasbro.security.Colorway">
    <skipped/>
  </testcase> <!-- tcColor -->
  <testcase name="tcColor" time="0.0" classname="com.hasbro.security.Colorway">
    <skipped/>
  </testcase> <!-- tcColor -->
  <testcase name="tcColor" time="0.0" classname="com.hasbro.security.Colorway">
    <skipped/>
  </testcase> <!-- tcColor -->
  <testcase name="tcColor" time="0.0" classname="com.hasbro.security.Colorway">
    <skipped/>
  </testcase> <!-- tcColor -->
  <testcase name="tcColor" time="0.0" classname="com.hasbro.security.Colorway">
    <skipped/>
  </testcase> <!-- tcColor -->
  <testcase name="tcColor" time="0.0" classname="com.hasbro.security.Colorway">
    <skipped/>
  </testcase> <!-- tcColor -->
  <testcase name="tcColor" time="0.0" classname="com.hasbro.security.Colorway">
    <skipped/>
  </testcase> <!-- tcColor -->
  <testcase name="tcColor" time="0.0" classname="com.hasbro.security.Colorway">
    <skipped/>
  </testcase> <!-- tcColor -->
  <testcase name="tcColor" time="0.0" classname="com.hasbro.security.Colorway">
    <skipped/>
  </testcase> <!-- tcColor -->
  <testcase name="tcColor" time="0.0" classname="com.hasbro.security.Colorway">
    <skipped/>
  </testcase> <!-- tcColor -->
  <testcase name="tcColor" time="0.0" classname="com.hasbro.security.Colorway">
    <skipped/>
  </testcase> <!-- tcColor -->
  <testcase name="tcColor" time="0.0" classname="com.hasbro.security.Colorway">
    <skipped/>
  </testcase> <!-- tcColor -->
  <testcase name="tcColor" time="0.0" classname="com.hasbro.security.Colorway">
    <skipped/>
  </testcase> <!-- tcColor -->
  <testcase name="tcColor" time="0.0" classname="com.hasbro.security.Colorway">
    <skipped/>
  </testcase> <!-- tcColor -->
  <testcase name="tcColor" time="0.0" classname="com.hasbro.security.Colorway">
    <skipped/>
  </testcase> <!-- tcColor -->
  <testcase name="tcColor" time="0.0" classname="com.hasbro.security.Colorway">
    <skipped/>
  </testcase> <!-- tcColor -->
  <testcase name="tcColor" time="0.0" classname="com.hasbro.security.Colorway">
    <skipped/>
  </testcase> <!-- tcColor -->
  <testcase name="tcColor" time="0.0" classname="com.hasbro.security.Colorway">
    <skipped/>
  </testcase> <!-- tcColor -->
  <testcase name="tcColor" time="0.0" classname="com.hasbro.security.Colorway">
    <skipped/>
  </testcase> <!-- tcColor -->
  <testcase name="tcColor" time="0.0" classname="com.hasbro.security.Colorway">
    <skipped/>
  </testcase> <!-- tcColor -->
  <testcase name="tcColor" time="0.0" classname="com.hasbro.security.Colorway">
    <skipped/>
  </testcase> <!-- tcColor -->
  <testcase name="tcColor" time="0.0" classname="com.hasbro.security.Colorway">
    <skipped/>
  </testcase> <!-- tcColor -->
  <testcase name="tcColor" time="0.0" classname="com.hasbro.security.Colorway">
    <skipped/>
  </testcase> <!-- tcColor -->
  <testcase name="tcColor" time="0.0" classname="com.hasbro.security.Colorway">
    <skipped/>
  </testcase> <!-- tcColor -->
  <testcase name="tcColor" time="0.0" classname="com.hasbro.security.Colorway">
    <skipped/>
  </testcase> <!-- tcColor -->
  <testcase name="tcColor" time="0.0" classname="com.hasbro.security.Colorway">
    <skipped/>
  </testcase> <!-- tcColor -->
  <testcase name="tcColor" time="0.0" classname="com.hasbro.security.Colorway">
    <skipped/>
  </testcase> <!-- tcColor -->
  <testcase name="tcColor" time="0.0" classname="com.hasbro.security.Colorway">
    <skipped/>
  </testcase> <!-- tcColor -->
  <testcase name="tcColor" time="0.0" classname="com.hasbro.security.Colorway">
    <skipped/>
  </testcase> <!-- tcColor -->
  <testcase name="tcColor" time="0.0" classname="com.hasbro.security.Colorway">
    <skipped/>
  </testcase> <!-- tcColor -->
  <testcase name="tcColor" time="0.0" classname="com.hasbro.security.Colorway">
    <skipped/>
  </testcase> <!-- tcColor -->
  <testcase name="tcColor" time="0.0" classname="com.hasbro.security.Colorway">
    <skipped/>
  </testcase> <!-- tcColor -->
  <testcase name="tcColor" time="0.0" classname="com.hasbro.security.Colorway">
    <skipped/>
  </testcase> <!-- tcColor -->
  <testcase name="tcColor" time="0.0" classname="com.hasbro.security.Colorway">
    <skipped/>
  </testcase> <!-- tcColor -->
  <testcase name="tcColor" time="0.0" classname="com.hasbro.security.Colorway">
    <skipped/>
  </testcase> <!-- tcColor -->
  <testcase name="tcColor" time="0.0" classname="com.hasbro.security.Colorway">
    <skipped/>
  </testcase> <!-- tcColor -->
  <testcase name="tcColor" time="0.0" classname="com.hasbro.security.Colorway">
    <skipped/>
  </testcase> <!-- tcColor -->
  <testcase name="tcColor" time="0.0" classname="com.hasbro.security.Colorway">
    <skipped/>
  </testcase> <!-- tcColor -->
  <testcase name="tcColor" time="0.0" classname="com.hasbro.security.Colorway">
    <skipped/>
  </testcase> <!-- tcColor -->
  <testcase name="tcColor" time="0.0" classname="com.hasbro.security.Colorway">
    <skipped/>
  </testcase> <!-- tcColor -->
  <testcase name="tcColor" time="0.0" classname="com.hasbro.security.Colorway">
    <skipped/>
  </testcase> <!-- tcColor -->
  <testcase name="tcColor" time="0.0" classname="com.hasbro.security.Colorway">
    <skipped/>
  </testcase> <!-- tcColor -->
  <testcase name="tcColor" time="0.0" classname="com.hasbro.security.Colorway">
    <skipped/>
  </testcase> <!-- tcColor -->
  <testcase name="tcColor" time="0.0" classname="com.hasbro.security.Colorway">
    <skipped/>
  </testcase> <!-- tcColor -->
  <testcase name="tcColor" time="0.0" classname="com.hasbro.security.Colorway">
    <skipped/>
  </testcase> <!-- tcColor -->
  <testcase name="tcColor" time="0.0" classname="com.hasbro.security.Colorway">
    <skipped/>
  </testcase> <!-- tcColor -->
  <testcase name="tcColor" time="0.0" classname="com.hasbro.security.Colorway">
    <skipped/>
  </testcase> <!-- tcColor -->
  <testcase name="tcColor" time="0.0" classname="com.hasbro.security.Colorway">
    <skipped/>
  </testcase> <!-- tcColor -->
  <testcase name="tcColor" time="0.0" classname="com.hasbro.security.Colorway">
    <skipped/>
  </testcase> <!-- tcColor -->
  <testcase name="tcColor" time="0.0" classname="com.hasbro.security.Colorway">
    <skipped/>
  </testcase> <!-- tcColor -->
  <testcase name="tcColor" time="0.0" classname="com.hasbro.security.Colorway">
    <skipped/>
  </testcase> <!-- tcColor -->
  <testcase name="tcColor" time="0.0" classname="com.hasbro.security.Colorway">
    <skipped/>
  </testcase> <!-- tcColor -->
  <testcase name="tcColor" time="0.0" classname="com.hasbro.security.Colorway">
    <skipped/>
  </testcase> <!-- tcColor -->
  <testcase name="tcColor" time="0.0" classname="com.hasbro.security.Colorway">
    <skipped/>
  </testcase> <!-- tcColor -->
  <testcase name="tcColor" time="0.0" classname="com.hasbro.security.Colorway">
    <skipped/>
  </testcase> <!-- tcColor -->
  <testcase name="tcColor" time="0.0" classname="com.hasbro.security.Colorway">
    <skipped/>
  </testcase> <!-- tcColor -->
  <testcase name="tcColor" time="0.0" classname="com.hasbro.security.Colorway">
    <skipped/>
  </testcase> <!-- tcColor -->
  <testcase name="tcColor" time="0.0" classname="com.hasbro.security.Colorway">
    <skipped/>
  </testcase> <!-- tcColor -->
  <testcase name="tcColor" time="0.0" classname="com.hasbro.security.Colorway">
    <skipped/>
  </testcase> <!-- tcColor -->
  <testcase name="tcColor" time="0.0" classname="com.hasbro.security.Colorway">
    <skipped/>
  </testcase> <!-- tcColor -->
  <testcase name="tcColor" time="0.0" classname="com.hasbro.security.Colorway">
    <skipped/>
  </testcase> <!-- tcColor -->
  <testcase name="tcColor" time="0.0" classname="com.hasbro.security.Colorway">
    <skipped/>
  </testcase> <!-- tcColor -->
  <testcase name="tcColor" time="0.0" classname="com.hasbro.security.Colorway">
    <skipped/>
  </testcase> <!-- tcColor -->
  <testcase name="tcColor" time="0.0" classname="com.hasbro.security.Colorway">
    <skipped/>
  </testcase> <!-- tcColor -->
  <testcase name="tcColor" time="0.0" classname="com.hasbro.security.Colorway">
    <skipped/>
  </testcase> <!-- tcColor -->
  <testcase name="tcColor" time="0.0" classname="com.hasbro.security.Colorway">
    <skipped/>
  </testcase> <!-- tcColor -->
  <testcase name="tcColor" time="0.0" classname="com.hasbro.security.Colorway">
    <skipped/>
  </testcase> <!-- tcColor -->
  <testcase name="tcColor" time="0.0" classname="com.hasbro.security.Colorway">
    <skipped/>
  </testcase> <!-- tcColor -->
  <testcase name="tcColor" time="0.0" classname="com.hasbro.security.Colorway">
    <skipped/>
  </testcase> <!-- tcColor -->
  <testcase name="tcColor" time="0.0" classname="com.hasbro.security.Colorway">
    <skipped/>
  </testcase> <!-- tcColor -->
  <testcase name="tcColor" time="0.001" classname="com.hasbro.security.Colorway">
    <skipped/>
  </testcase> <!-- tcColor -->
  <testcase name="tcColor" time="0.0" classname="com.hasbro.security.Colorway">
    <skipped/>
  </testcase> <!-- tcColor -->
  <testcase name="tcColor" time="0.0" classname="com.hasbro.security.Colorway">
    <skipped/>
  </testcase> <!-- tcColor -->
  <testcase name="tcColor" time="0.0" classname="com.hasbro.security.Colorway">
    <skipped/>
  </testcase> <!-- tcColor -->
  <testcase name="tcColor" time="0.0" classname="com.hasbro.security.Colorway">
    <skipped/>
  </testcase> <!-- tcColor -->
  <testcase name="tcColor" time="0.0" classname="com.hasbro.security.Colorway">
    <skipped/>
  </testcase> <!-- tcColor -->
  <testcase name="tcColor" time="0.0" classname="com.hasbro.security.Colorway">
    <skipped/>
  </testcase> <!-- tcColor -->
  <testcase name="tcColor" time="0.0" classname="com.hasbro.security.Colorway">
    <skipped/>
  </testcase> <!-- tcColor -->
  <testcase name="tcColor" time="0.0" classname="com.hasbro.security.Colorway">
    <skipped/>
  </testcase> <!-- tcColor -->
  <testcase name="tcColor" time="0.0" classname="com.hasbro.security.Colorway">
    <skipped/>
  </testcase> <!-- tcColor -->
  <testcase name="tcColor" time="0.0" classname="com.hasbro.security.Colorway">
    <skipped/>
  </testcase> <!-- tcColor -->
  <testcase name="tcColor" time="0.0" classname="com.hasbro.security.Colorway">
    <skipped/>
  </testcase> <!-- tcColor -->
  <testcase name="tcColor" time="0.0" classname="com.hasbro.security.Colorway">
    <skipped/>
  </testcase> <!-- tcColor -->
  <testcase name="tcColor" time="0.0" classname="com.hasbro.security.Colorway">
    <skipped/>
  </testcase> <!-- tcColor -->
  <testcase name="tcColor" time="0.0" classname="com.hasbro.security.Colorway">
    <skipped/>
  </testcase> <!-- tcColor -->
  <testcase name="tcColor" time="0.0" classname="com.hasbro.security.Colorway">
    <skipped/>
  </testcase> <!-- tcColor -->
  <testcase name="tcColor" time="0.0" classname="com.hasbro.security.Colorway">
    <skipped/>
  </testcase> <!-- tcColor -->
  <testcase name="tcColor" time="0.0" classname="com.hasbro.security.Colorway">
    <skipped/>
  </testcase> <!-- tcColor -->
  <testcase name="tcColor" time="0.0" classname="com.hasbro.security.Colorway">
    <skipped/>
  </testcase> <!-- tcColor -->
  <testcase name="tcColor" time="0.0" classname="com.hasbro.security.Colorway">
    <skipped/>
  </testcase> <!-- tcColor -->
  <testcase name="tcColor" time="0.0" classname="com.hasbro.security.Colorway">
    <skipped/>
  </testcase> <!-- tcColor -->
  <testcase name="tcColor" time="0.0" classname="com.hasbro.security.Colorway">
    <skipped/>
  </testcase> <!-- tcColor -->
  <testcase name="tcColor" time="0.0" classname="com.hasbro.security.Colorway">
    <skipped/>
  </testcase> <!-- tcColor -->
  <testcase name="tcColor" time="0.0" classname="com.hasbro.security.Colorway">
    <skipped/>
  </testcase> <!-- tcColor -->
  <testcase name="tcColor" time="0.0" classname="com.hasbro.security.Colorway">
    <skipped/>
  </testcase> <!-- tcColor -->
  <testcase name="tcColor" time="0.0" classname="com.hasbro.security.Colorway">
    <skipped/>
  </testcase> <!-- tcColor -->
  <testcase name="tcColor" time="0.0" classname="com.hasbro.security.Colorway">
    <skipped/>
  </testcase> <!-- tcColor -->
  <testcase name="tcColor" time="0.0" classname="com.hasbro.security.Colorway">
    <skipped/>
  </testcase> <!-- tcColor -->
  <testcase name="tcColor" time="0.0" classname="com.hasbro.security.Colorway">
    <skipped/>
  </testcase> <!-- tcColor -->
  <testcase name="tcColor" time="0.0" classname="com.hasbro.security.Colorway">
    <skipped/>
  </testcase> <!-- tcColor -->
  <testcase name="tcColor" time="0.0" classname="com.hasbro.security.Colorway">
    <skipped/>
  </testcase> <!-- tcColor -->
  <testcase name="tcColor" time="0.0" classname="com.hasbro.security.Colorway">
    <skipped/>
  </testcase> <!-- tcColor -->
  <testcase name="tcColor" time="0.0" classname="com.hasbro.security.Colorway">
    <skipped/>
  </testcase> <!-- tcColor -->
  <testcase name="tcColor" time="0.0" classname="com.hasbro.security.Colorway">
    <skipped/>
  </testcase> <!-- tcColor -->
  <testcase name="tcColor" time="0.0" classname="com.hasbro.security.Colorway">
    <skipped/>
  </testcase> <!-- tcColor -->
  <testcase name="tcColor" time="0.0" classname="com.hasbro.security.Colorway">
    <skipped/>
  </testcase> <!-- tcColor -->
  <testcase name="tcColor" time="0.0" classname="com.hasbro.security.Colorway">
    <skipped/>
  </testcase> <!-- tcColor -->
  <testcase name="tcColor" time="0.0" classname="com.hasbro.security.Colorway">
    <skipped/>
  </testcase> <!-- tcColor -->
  <testcase name="tcColor" time="0.0" classname="com.hasbro.security.Colorway">
    <skipped/>
  </testcase> <!-- tcColor -->
  <testcase name="tcColor" time="0.0" classname="com.hasbro.security.Colorway">
    <skipped/>
  </testcase> <!-- tcColor -->
  <testcase name="tcColor" time="0.0" classname="com.hasbro.security.Colorway">
    <skipped/>
  </testcase> <!-- tcColor -->
  <testcase name="tcColor" time="0.0" classname="com.hasbro.security.Colorway">
    <skipped/>
  </testcase> <!-- tcColor -->
  <testcase name="tcColor" time="0.0" classname="com.hasbro.security.Colorway">
    <skipped/>
  </testcase> <!-- tcColor -->
  <testcase name="tcColor" time="0.0" classname="com.hasbro.security.Colorway">
    <skipped/>
  </testcase> <!-- tcColor -->
  <testcase name="tcColor" time="0.0" classname="com.hasbro.security.Colorway">
    <skipped/>
  </testcase> <!-- tcColor -->
  <testcase name="tcColor" time="0.0" classname="com.hasbro.security.Colorway">
    <skipped/>
  </testcase> <!-- tcColor -->
  <testcase name="tcColor" time="0.0" classname="com.hasbro.security.Colorway">
    <skipped/>
  </testcase> <!-- tcColor -->
  <testcase name="tcColor" time="0.0" classname="com.hasbro.security.Colorway">
    <skipped/>
  </testcase> <!-- tcColor -->
  <testcase name="tcColor" time="0.0" classname="com.hasbro.security.Colorway">
    <skipped/>
  </testcase> <!-- tcColor -->
  <testcase name="tcColor" time="0.0" classname="com.hasbro.security.Colorway">
    <skipped/>
  </testcase> <!-- tcColor -->
  <testcase name="tcColor" time="0.0" classname="com.hasbro.security.Colorway">
    <skipped/>
  </testcase> <!-- tcColor -->
  <testcase name="tcColor" time="0.0" classname="com.hasbro.security.Colorway">
    <skipped/>
  </testcase> <!-- tcColor -->
  <testcase name="tcColor" time="0.0" classname="com.hasbro.security.Colorway">
    <skipped/>
  </testcase> <!-- tcColor -->
  <testcase name="tcColor" time="0.0" classname="com.hasbro.security.Colorway">
    <skipped/>
  </testcase> <!-- tcColor -->
  <testcase name="tcColor" time="0.0" classname="com.hasbro.security.Colorway">
    <skipped/>
  </testcase> <!-- tcColor -->
  <testcase name="tcColor" time="0.0" classname="com.hasbro.security.Colorway">
    <skipped/>
  </testcase> <!-- tcColor -->
  <testcase name="tcColor" time="0.0" classname="com.hasbro.security.Colorway">
    <skipped/>
  </testcase> <!-- tcColor -->
  <testcase name="tcColor" time="0.0" classname="com.hasbro.security.Colorway">
    <skipped/>
  </testcase> <!-- tcColor -->
  <testcase name="tcColor" time="0.0" classname="com.hasbro.security.Colorway">
    <skipped/>
  </testcase> <!-- tcColor -->
  <testcase name="tcColor" time="0.0" classname="com.hasbro.security.Colorway">
    <skipped/>
  </testcase> <!-- tcColor -->
  <testcase name="tcColor" time="0.0" classname="com.hasbro.security.Colorway">
    <skipped/>
  </testcase> <!-- tcColor -->
  <testcase name="tcColor" time="0.0" classname="com.hasbro.security.Colorway">
    <skipped/>
  </testcase> <!-- tcColor -->
  <testcase name="tcColor" time="0.0" classname="com.hasbro.security.Colorway">
    <skipped/>
  </testcase> <!-- tcColor -->
  <testcase name="tcColor" time="0.0" classname="com.hasbro.security.Colorway">
    <skipped/>
  </testcase> <!-- tcColor -->
  <testcase name="tcColor" time="0.0" classname="com.hasbro.security.Colorway">
    <skipped/>
  </testcase> <!-- tcColor -->
  <testcase name="tcColor" time="0.0" classname="com.hasbro.security.Colorway">
    <skipped/>
  </testcase> <!-- tcColor -->
  <testcase name="tcColor" time="0.0" classname="com.hasbro.security.Colorway">
    <skipped/>
  </testcase> <!-- tcColor -->
  <testcase name="tcColor" time="0.0" classname="com.hasbro.security.Colorway">
    <skipped/>
  </testcase> <!-- tcColor -->
  <testcase name="tcColor" time="0.0" classname="com.hasbro.security.Colorway">
    <skipped/>
  </testcase> <!-- tcColor -->
  <testcase name="tcColor" time="0.0" classname="com.hasbro.security.Colorway">
    <skipped/>
  </testcase> <!-- tcColor -->
  <testcase name="tcColor" time="0.0" classname="com.hasbro.security.Colorway">
    <skipped/>
  </testcase> <!-- tcColor -->
  <testcase name="tcColor" time="0.0" classname="com.hasbro.security.Colorway">
    <skipped/>
  </testcase> <!-- tcColor -->
  <testcase name="tcColor" time="0.0" classname="com.hasbro.security.Colorway">
    <skipped/>
  </testcase> <!-- tcColor -->
  <testcase name="tcColor" time="0.0" classname="com.hasbro.security.Colorway">
    <skipped/>
  </testcase> <!-- tcColor -->
  <testcase name="tcColor" time="0.0" classname="com.hasbro.security.Colorway">
    <skipped/>
  </testcase> <!-- tcColor -->
  <testcase name="tcColor" time="0.0" classname="com.hasbro.security.Colorway">
    <skipped/>
  </testcase> <!-- tcColor -->
  <testcase name="tcColor" time="0.0" classname="com.hasbro.security.Colorway">
    <skipped/>
  </testcase> <!-- tcColor -->
  <testcase name="tcColor" time="0.0" classname="com.hasbro.security.Colorway">
    <skipped/>
  </testcase> <!-- tcColor -->
  <testcase name="tcColor" time="0.0" classname="com.hasbro.security.Colorway">
    <skipped/>
  </testcase> <!-- tcColor -->
  <testcase name="tcColor" time="0.0" classname="com.hasbro.security.Colorway">
    <skipped/>
  </testcase> <!-- tcColor -->
  <testcase name="tcColor" time="0.0" classname="com.hasbro.security.Colorway">
    <skipped/>
  </testcase> <!-- tcColor -->
  <testcase name="tcColor" time="0.0" classname="com.hasbro.security.Colorway">
    <skipped/>
  </testcase> <!-- tcColor -->
  <testcase name="tcColor" time="0.0" classname="com.hasbro.security.Colorway">
    <skipped/>
  </testcase> <!-- tcColor -->
  <testcase name="tcColor" time="0.0" classname="com.hasbro.security.Colorway">
    <skipped/>
  </testcase> <!-- tcColor -->
  <testcase name="tcColor" time="0.0" classname="com.hasbro.security.Colorway">
    <skipped/>
  </testcase> <!-- tcColor -->
  <testcase name="tcColor" time="0.0" classname="com.hasbro.security.Colorway">
    <skipped/>
  </testcase> <!-- tcColor -->
  <testcase name="tcColor" time="0.0" classname="com.hasbro.security.Colorway">
    <skipped/>
  </testcase> <!-- tcColor -->
  <testcase name="tcColor" time="0.0" classname="com.hasbro.security.Colorway">
    <skipped/>
  </testcase> <!-- tcColor -->
  <testcase name="tcColor" time="0.0" classname="com.hasbro.security.Colorway">
    <skipped/>
  </testcase> <!-- tcColor -->
  <testcase name="tcColor" time="0.0" classname="com.hasbro.security.Colorway">
    <skipped/>
  </testcase> <!-- tcColor -->
  <testcase name="tcColor" time="0.0" classname="com.hasbro.security.Colorway">
    <skipped/>
  </testcase> <!-- tcColor -->
  <testcase name="tcColor" time="0.0" classname="com.hasbro.security.Colorway">
    <skipped/>
  </testcase> <!-- tcColor -->
  <testcase name="tcColor" time="0.0" classname="com.hasbro.security.Colorway">
    <skipped/>
  </testcase> <!-- tcColor -->
  <testcase name="tcColor" time="0.0" classname="com.hasbro.security.Colorway">
    <skipped/>
  </testcase> <!-- tcColor -->
  <testcase name="tcColor" time="0.0" classname="com.hasbro.security.Colorway">
    <skipped/>
  </testcase> <!-- tcColor -->
  <testcase name="tcColor" time="0.0" classname="com.hasbro.security.Colorway">
    <skipped/>
  </testcase> <!-- tcColor -->
  <testcase name="tcColor" time="0.0" classname="com.hasbro.security.Colorway">
    <skipped/>
  </testcase> <!-- tcColor -->
  <testcase name="tcColor" time="0.0" classname="com.hasbro.security.Colorway">
    <skipped/>
  </testcase> <!-- tcColor -->
  <testcase name="tcColor" time="0.0" classname="com.hasbro.security.Colorway">
    <skipped/>
  </testcase> <!-- tcColor -->
  <testcase name="tcColor" time="0.0" classname="com.hasbro.security.Colorway">
    <skipped/>
  </testcase> <!-- tcColor -->
  <testcase name="tcColor" time="0.0" classname="com.hasbro.security.Colorway">
    <skipped/>
  </testcase> <!-- tcColor -->
  <testcase name="tcColor" time="0.0" classname="com.hasbro.security.Colorway">
    <skipped/>
  </testcase> <!-- tcColor -->
  <testcase name="tcColor" time="0.0" classname="com.hasbro.security.Colorway">
    <skipped/>
  </testcase> <!-- tcColor -->
  <testcase name="tcColor" time="0.0" classname="com.hasbro.security.Colorway">
    <skipped/>
  </testcase> <!-- tcColor -->
  <testcase name="tcColor" time="0.0" classname="com.hasbro.security.Colorway">
    <skipped/>
  </testcase> <!-- tcColor -->
  <testcase name="tcColor" time="0.0" classname="com.hasbro.security.Colorway">
    <skipped/>
  </testcase> <!-- tcColor -->
  <testcase name="tcColor" time="0.0" classname="com.hasbro.security.Colorway">
    <skipped/>
  </testcase> <!-- tcColor -->
  <testcase name="tcColor" time="0.0" classname="com.hasbro.security.Colorway">
    <skipped/>
  </testcase> <!-- tcColor -->
  <testcase name="tcColor" time="0.0" classname="com.hasbro.security.Colorway">
    <skipped/>
  </testcase> <!-- tcColor -->
  <testcase name="tcColor" time="0.0" classname="com.hasbro.security.Colorway">
    <skipped/>
  </testcase> <!-- tcColor -->
  <testcase name="tcColor" time="0.0" classname="com.hasbro.security.Colorway">
    <skipped/>
  </testcase> <!-- tcColor -->
  <testcase name="tcColor" time="0.0" classname="com.hasbro.security.Colorway">
    <skipped/>
  </testcase> <!-- tcColor -->
  <testcase name="tcColor" time="0.0" classname="com.hasbro.security.Colorway">
    <skipped/>
  </testcase> <!-- tcColor -->
  <testcase name="tcColor" time="0.0" classname="com.hasbro.security.Colorway">
    <skipped/>
  </testcase> <!-- tcColor -->
  <testcase name="tcColor" time="0.0" classname="com.hasbro.security.Colorway">
    <skipped/>
  </testcase> <!-- tcColor -->
  <testcase name="tcColor" time="0.0" classname="com.hasbro.security.Colorway">
    <skipped/>
  </testcase> <!-- tcColor -->
  <testcase name="tcColor" time="0.0" classname="com.hasbro.security.Colorway">
    <skipped/>
  </testcase> <!-- tcColor -->
  <testcase name="tcColor" time="0.0" classname="com.hasbro.security.Colorway">
    <skipped/>
  </testcase> <!-- tcColor -->
  <testcase name="tcColor" time="0.0" classname="com.hasbro.security.Colorway">
    <skipped/>
  </testcase> <!-- tcColor -->
  <testcase name="tcColor" time="0.0" classname="com.hasbro.security.Colorway">
    <skipped/>
  </testcase> <!-- tcColor -->
  <testcase name="tcColor" time="0.0" classname="com.hasbro.security.Colorway">
    <skipped/>
  </testcase> <!-- tcColor -->
  <testcase name="tcColor" time="0.0" classname="com.hasbro.security.Colorway">
    <skipped/>
  </testcase> <!-- tcColor -->
  <testcase name="tcColor" time="0.0" classname="com.hasbro.security.Colorway">
    <skipped/>
  </testcase> <!-- tcColor -->
  <testcase name="tcColor" time="0.0" classname="com.hasbro.security.Colorway">
    <skipped/>
  </testcase> <!-- tcColor -->
  <testcase name="tcColor" time="0.0" classname="com.hasbro.security.Colorway">
    <skipped/>
  </testcase> <!-- tcColor -->
  <testcase name="tcColor" time="0.0" classname="com.hasbro.security.Colorway">
    <skipped/>
  </testcase> <!-- tcColor -->
  <testcase name="tcColor" time="0.0" classname="com.hasbro.security.Colorway">
    <skipped/>
  </testcase> <!-- tcColor -->
  <testcase name="tcColor" time="0.0" classname="com.hasbro.security.Colorway">
    <skipped/>
  </testcase> <!-- tcColor -->
  <testcase name="tcColor" time="0.0" classname="com.hasbro.security.Colorway">
    <skipped/>
  </testcase> <!-- tcColor -->
  <testcase name="tcColor" time="0.0" classname="com.hasbro.security.Colorway">
    <skipped/>
  </testcase> <!-- tcColor -->
  <testcase name="tcColor" time="0.0" classname="com.hasbro.security.Colorway">
    <skipped/>
  </testcase> <!-- tcColor -->
  <testcase name="tcColor" time="0.0" classname="com.hasbro.security.Colorway">
    <skipped/>
  </testcase> <!-- tcColor -->
  <testcase name="tcColor" time="0.0" classname="com.hasbro.security.Colorway">
    <skipped/>
  </testcase> <!-- tcColor -->
  <testcase name="tcColor" time="0.0" classname="com.hasbro.security.Colorway">
    <skipped/>
  </testcase> <!-- tcColor -->
  <testcase name="tcColor" time="0.0" classname="com.hasbro.security.Colorway">
    <skipped/>
  </testcase> <!-- tcColor -->
  <testcase name="tcColor" time="0.0" classname="com.hasbro.security.Colorway">
    <skipped/>
  </testcase> <!-- tcColor -->
  <testcase name="tcColor" time="0.0" classname="com.hasbro.security.Colorway">
    <skipped/>
  </testcase> <!-- tcColor -->
  <testcase name="tcColor" time="0.0" classname="com.hasbro.security.Colorway">
    <skipped/>
  </testcase> <!-- tcColor -->
  <testcase name="tcColor" time="0.0" classname="com.hasbro.security.Colorway">
    <skipped/>
  </testcase> <!-- tcColor -->
  <testcase name="tcColor" time="0.0" classname="com.hasbro.security.Colorway">
    <skipped/>
  </testcase> <!-- tcColor -->
  <testcase name="tcColor" time="0.0" classname="com.hasbro.security.Colorway">
    <skipped/>
  </testcase> <!-- tcColor -->
  <testcase name="tcColor" time="0.0" classname="com.hasbro.security.Colorway">
    <skipped/>
  </testcase> <!-- tcColor -->
  <testcase name="tcColor" time="0.0" classname="com.hasbro.security.Colorway">
    <skipped/>
  </testcase> <!-- tcColor -->
  <testcase name="tcColor" time="0.0" classname="com.hasbro.security.Colorway">
    <skipped/>
  </testcase> <!-- tcColor -->
  <testcase name="tcColor" time="0.0" classname="com.hasbro.security.Colorway">
    <skipped/>
  </testcase> <!-- tcColor -->
  <testcase name="tcColor" time="0.0" classname="com.hasbro.security.Colorway">
    <skipped/>
  </testcase> <!-- tcColor -->
  <testcase name="tcColor" time="0.0" classname="com.hasbro.security.Colorway">
    <skipped/>
  </testcase> <!-- tcColor -->
  <testcase name="tcColor" time="0.0" classname="com.hasbro.security.Colorway">
    <skipped/>
  </testcase> <!-- tcColor -->
  <testcase name="tcColor" time="0.0" classname="com.hasbro.security.Colorway">
    <skipped/>
  </testcase> <!-- tcColor -->
  <testcase name="tcColor" time="0.0" classname="com.hasbro.security.Colorway">
    <skipped/>
  </testcase> <!-- tcColor -->
  <testcase name="tcColor" time="0.0" classname="com.hasbro.security.Colorway">
    <skipped/>
  </testcase> <!-- tcColor -->
  <testcase name="tcColor" time="0.0" classname="com.hasbro.security.Colorway">
    <skipped/>
  </testcase> <!-- tcColor -->
  <testcase name="tcColor" time="0.0" classname="com.hasbro.security.Colorway">
    <skipped/>
  </testcase> <!-- tcColor -->
  <testcase name="tcColor" time="0.0" classname="com.hasbro.security.Colorway">
    <skipped/>
  </testcase> <!-- tcColor -->
  <testcase name="tcColor" time="0.0" classname="com.hasbro.security.Colorway">
    <skipped/>
  </testcase> <!-- tcColor -->
  <testcase name="tcColor" time="0.0" classname="com.hasbro.security.Colorway">
    <skipped/>
  </testcase> <!-- tcColor -->
  <testcase name="tcColor" time="0.0" classname="com.hasbro.security.Colorway">
    <skipped/>
  </testcase> <!-- tcColor -->
  <testcase name="tcColor" time="0.0" classname="com.hasbro.security.Colorway">
    <skipped/>
  </testcase> <!-- tcColor -->
</testsuite> <!-- Colorway -->
