<?xml version="1.0" encoding="UTF-8"?>
<!-- Generated by org.testng.reporters.JUnitXMLReporter -->
<testsuite hostname="P3BLAP-7172WMV" ignored="0" name="Country" tests="161" failures="0" timestamp="14 Feb 2018 09:20:32 GMT" time="0.503" errors="0">
  <testcase name="@BeforeTest checkTestcaseSkip" time="0.0" classname="com.hasbro.security.Country">
    <skipped/>
  </testcase> <!-- @BeforeTest checkTestcaseSkip -->
  <testcase name="@AfterTest reportTestcaseResult" time="0.0" classname="com.hasbro.security.Country">
    <skipped/>
  </testcase> <!-- @AfterTest reportTestcaseResult -->
  <testcase name="tcSupplier" time="0.0" classname="com.hasbro.security.Country">
    <skipped/>
  </testcase> <!-- tcSupplier -->
  <testcase name="tcSupplier" time="0.0" classname="com.hasbro.security.Country">
    <skipped/>
  </testcase> <!-- tcSupplier -->
  <testcase name="tcSupplier" time="0.0" classname="com.hasbro.security.Country">
    <skipped/>
  </testcase> <!-- tcSupplier -->
  <testcase name="tcSupplier" time="0.0" classname="com.hasbro.security.Country">
    <skipped/>
  </testcase> <!-- tcSupplier -->
  <testcase name="tcSupplier" time="0.0" classname="com.hasbro.security.Country">
    <skipped/>
  </testcase> <!-- tcSupplier -->
  <testcase name="tcSupplier" time="0.0" classname="com.hasbro.security.Country">
    <skipped/>
  </testcase> <!-- tcSupplier -->
  <testcase name="tcSupplier" time="0.0" classname="com.hasbro.security.Country">
    <skipped/>
  </testcase> <!-- tcSupplier -->
  <testcase name="tcSupplier" time="0.0" classname="com.hasbro.security.Country">
    <skipped/>
  </testcase> <!-- tcSupplier -->
  <testcase name="tcSupplier" time="0.0" classname="com.hasbro.security.Country">
    <skipped/>
  </testcase> <!-- tcSupplier -->
  <testcase name="tcSupplier" time="0.0" classname="com.hasbro.security.Country">
    <skipped/>
  </testcase> <!-- tcSupplier -->
  <testcase name="tcSupplier" time="0.0" classname="com.hasbro.security.Country">
    <skipped/>
  </testcase> <!-- tcSupplier -->
  <testcase name="tcSupplier" time="0.0" classname="com.hasbro.security.Country">
    <skipped/>
  </testcase> <!-- tcSupplier -->
  <testcase name="tcSupplier" time="0.0" classname="com.hasbro.security.Country">
    <skipped/>
  </testcase> <!-- tcSupplier -->
  <testcase name="tcSupplier" time="0.0" classname="com.hasbro.security.Country">
    <skipped/>
  </testcase> <!-- tcSupplier -->
  <testcase name="tcSupplier" time="0.0" classname="com.hasbro.security.Country">
    <skipped/>
  </testcase> <!-- tcSupplier -->
  <testcase name="tcSupplier" time="0.0" classname="com.hasbro.security.Country">
    <skipped/>
  </testcase> <!-- tcSupplier -->
  <testcase name="tcSupplier" time="0.0" classname="com.hasbro.security.Country">
    <skipped/>
  </testcase> <!-- tcSupplier -->
  <testcase name="tcSupplier" time="0.0" classname="com.hasbro.security.Country">
    <skipped/>
  </testcase> <!-- tcSupplier -->
  <testcase name="tcSupplier" time="0.0" classname="com.hasbro.security.Country">
    <skipped/>
  </testcase> <!-- tcSupplier -->
  <testcase name="tcSupplier" time="0.0" classname="com.hasbro.security.Country">
    <skipped/>
  </testcase> <!-- tcSupplier -->
  <testcase name="tcSupplier" time="0.0" classname="com.hasbro.security.Country">
    <skipped/>
  </testcase> <!-- tcSupplier -->
  <testcase name="tcSupplier" time="0.0" classname="com.hasbro.security.Country">
    <skipped/>
  </testcase> <!-- tcSupplier -->
  <testcase name="tcSupplier" time="0.0" classname="com.hasbro.security.Country">
    <skipped/>
  </testcase> <!-- tcSupplier -->
  <testcase name="tcSupplier" time="0.0" classname="com.hasbro.security.Country">
    <skipped/>
  </testcase> <!-- tcSupplier -->
  <testcase name="tcSupplier" time="0.0" classname="com.hasbro.security.Country">
    <skipped/>
  </testcase> <!-- tcSupplier -->
  <testcase name="tcSupplier" time="0.0" classname="com.hasbro.security.Country">
    <skipped/>
  </testcase> <!-- tcSupplier -->
  <testcase name="tcSupplier" time="0.0" classname="com.hasbro.security.Country">
    <skipped/>
  </testcase> <!-- tcSupplier -->
  <testcase name="tcSupplier" time="0.0" classname="com.hasbro.security.Country">
    <skipped/>
  </testcase> <!-- tcSupplier -->
  <testcase name="tcSupplier" time="0.0" classname="com.hasbro.security.Country">
    <skipped/>
  </testcase> <!-- tcSupplier -->
  <testcase name="tcSupplier" time="0.0" classname="com.hasbro.security.Country">
    <skipped/>
  </testcase> <!-- tcSupplier -->
  <testcase name="tcSupplier" time="0.0" classname="com.hasbro.security.Country">
    <skipped/>
  </testcase> <!-- tcSupplier -->
  <testcase name="tcSupplier" time="0.0" classname="com.hasbro.security.Country">
    <skipped/>
  </testcase> <!-- tcSupplier -->
  <testcase name="tcSupplier" time="0.0" classname="com.hasbro.security.Country">
    <skipped/>
  </testcase> <!-- tcSupplier -->
  <testcase name="tcSupplier" time="0.0" classname="com.hasbro.security.Country">
    <skipped/>
  </testcase> <!-- tcSupplier -->
  <testcase name="tcSupplier" time="0.0" classname="com.hasbro.security.Country">
    <skipped/>
  </testcase> <!-- tcSupplier -->
  <testcase name="tcSupplier" time="0.0" classname="com.hasbro.security.Country">
    <skipped/>
  </testcase> <!-- tcSupplier -->
  <testcase name="tcSupplier" time="0.0" classname="com.hasbro.security.Country">
    <skipped/>
  </testcase> <!-- tcSupplier -->
  <testcase name="tcSupplier" time="0.0" classname="com.hasbro.security.Country">
    <skipped/>
  </testcase> <!-- tcSupplier -->
  <testcase name="tcSupplier" time="0.0" classname="com.hasbro.security.Country">
    <skipped/>
  </testcase> <!-- tcSupplier -->
  <testcase name="tcSupplier" time="0.0" classname="com.hasbro.security.Country">
    <skipped/>
  </testcase> <!-- tcSupplier -->
  <testcase name="tcSupplier" time="0.0" classname="com.hasbro.security.Country">
    <skipped/>
  </testcase> <!-- tcSupplier -->
  <testcase name="tcSupplier" time="0.0" classname="com.hasbro.security.Country">
    <skipped/>
  </testcase> <!-- tcSupplier -->
  <testcase name="tcSupplier" time="0.0" classname="com.hasbro.security.Country">
    <skipped/>
  </testcase> <!-- tcSupplier -->
  <testcase name="tcSupplier" time="0.0" classname="com.hasbro.security.Country">
    <skipped/>
  </testcase> <!-- tcSupplier -->
  <testcase name="tcSupplier" time="0.0" classname="com.hasbro.security.Country">
    <skipped/>
  </testcase> <!-- tcSupplier -->
  <testcase name="tcSupplier" time="0.0" classname="com.hasbro.security.Country">
    <skipped/>
  </testcase> <!-- tcSupplier -->
  <testcase name="tcSupplier" time="0.0" classname="com.hasbro.security.Country">
    <skipped/>
  </testcase> <!-- tcSupplier -->
  <testcase name="tcSupplier" time="0.0" classname="com.hasbro.security.Country">
    <skipped/>
  </testcase> <!-- tcSupplier -->
  <testcase name="tcSupplier" time="0.0" classname="com.hasbro.security.Country">
    <skipped/>
  </testcase> <!-- tcSupplier -->
  <testcase name="tcSupplier" time="0.0" classname="com.hasbro.security.Country">
    <skipped/>
  </testcase> <!-- tcSupplier -->
  <testcase name="tcSupplier" time="0.0" classname="com.hasbro.security.Country">
    <skipped/>
  </testcase> <!-- tcSupplier -->
  <testcase name="tcSupplier" time="0.0" classname="com.hasbro.security.Country">
    <skipped/>
  </testcase> <!-- tcSupplier -->
  <testcase name="tcSupplier" time="0.0" classname="com.hasbro.security.Country">
    <skipped/>
  </testcase> <!-- tcSupplier -->
  <testcase name="tcSupplier" time="0.0" classname="com.hasbro.security.Country">
    <skipped/>
  </testcase> <!-- tcSupplier -->
  <testcase name="tcSupplier" time="0.0" classname="com.hasbro.security.Country">
    <skipped/>
  </testcase> <!-- tcSupplier -->
  <testcase name="tcSupplier" time="0.0" classname="com.hasbro.security.Country">
    <skipped/>
  </testcase> <!-- tcSupplier -->
  <testcase name="tcSupplier" time="0.0" classname="com.hasbro.security.Country">
    <skipped/>
  </testcase> <!-- tcSupplier -->
  <testcase name="tcSupplier" time="0.0" classname="com.hasbro.security.Country">
    <skipped/>
  </testcase> <!-- tcSupplier -->
  <testcase name="tcSupplier" time="0.0" classname="com.hasbro.security.Country">
    <skipped/>
  </testcase> <!-- tcSupplier -->
  <testcase name="tcSupplier" time="0.0" classname="com.hasbro.security.Country">
    <skipped/>
  </testcase> <!-- tcSupplier -->
  <testcase name="tcSupplier" time="0.0" classname="com.hasbro.security.Country">
    <skipped/>
  </testcase> <!-- tcSupplier -->
  <testcase name="tcSupplier" time="0.0" classname="com.hasbro.security.Country">
    <skipped/>
  </testcase> <!-- tcSupplier -->
  <testcase name="tcSupplier" time="0.0" classname="com.hasbro.security.Country">
    <skipped/>
  </testcase> <!-- tcSupplier -->
  <testcase name="tcSupplier" time="0.0" classname="com.hasbro.security.Country">
    <skipped/>
  </testcase> <!-- tcSupplier -->
  <testcase name="tcSupplier" time="0.0" classname="com.hasbro.security.Country">
    <skipped/>
  </testcase> <!-- tcSupplier -->
  <testcase name="tcSupplier" time="0.0" classname="com.hasbro.security.Country">
    <skipped/>
  </testcase> <!-- tcSupplier -->
  <testcase name="tcSupplier" time="0.0" classname="com.hasbro.security.Country">
    <skipped/>
  </testcase> <!-- tcSupplier -->
  <testcase name="tcSupplier" time="0.0" classname="com.hasbro.security.Country">
    <skipped/>
  </testcase> <!-- tcSupplier -->
  <testcase name="tcSupplier" time="0.0" classname="com.hasbro.security.Country">
    <skipped/>
  </testcase> <!-- tcSupplier -->
  <testcase name="tcSupplier" time="0.0" classname="com.hasbro.security.Country">
    <skipped/>
  </testcase> <!-- tcSupplier -->
  <testcase name="tcSupplier" time="0.0" classname="com.hasbro.security.Country">
    <skipped/>
  </testcase> <!-- tcSupplier -->
  <testcase name="tcSupplier" time="0.0" classname="com.hasbro.security.Country">
    <skipped/>
  </testcase> <!-- tcSupplier -->
  <testcase name="tcSupplier" time="0.0" classname="com.hasbro.security.Country">
    <skipped/>
  </testcase> <!-- tcSupplier -->
  <testcase name="tcSupplier" time="0.001" classname="com.hasbro.security.Country">
    <skipped/>
  </testcase> <!-- tcSupplier -->
  <testcase name="tcSupplier" time="0.0" classname="com.hasbro.security.Country">
    <skipped/>
  </testcase> <!-- tcSupplier -->
  <testcase name="tcSupplier" time="0.0" classname="com.hasbro.security.Country">
    <skipped/>
  </testcase> <!-- tcSupplier -->
  <testcase name="tcSupplier" time="0.0" classname="com.hasbro.security.Country">
    <skipped/>
  </testcase> <!-- tcSupplier -->
  <testcase name="tcSupplier" time="0.0" classname="com.hasbro.security.Country">
    <skipped/>
  </testcase> <!-- tcSupplier -->
  <testcase name="tcSupplier" time="0.0" classname="com.hasbro.security.Country">
    <skipped/>
  </testcase> <!-- tcSupplier -->
  <testcase name="tcSupplier" time="0.0" classname="com.hasbro.security.Country">
    <skipped/>
  </testcase> <!-- tcSupplier -->
  <testcase name="tcSupplier" time="0.0" classname="com.hasbro.security.Country">
    <skipped/>
  </testcase> <!-- tcSupplier -->
  <testcase name="tcSupplier" time="0.0" classname="com.hasbro.security.Country">
    <skipped/>
  </testcase> <!-- tcSupplier -->
  <testcase name="tcSupplier" time="0.0" classname="com.hasbro.security.Country">
    <skipped/>
  </testcase> <!-- tcSupplier -->
  <testcase name="tcSupplier" time="0.001" classname="com.hasbro.security.Country">
    <skipped/>
  </testcase> <!-- tcSupplier -->
  <testcase name="tcSupplier" time="0.0" classname="com.hasbro.security.Country">
    <skipped/>
  </testcase> <!-- tcSupplier -->
  <testcase name="tcSupplier" time="0.0" classname="com.hasbro.security.Country">
    <skipped/>
  </testcase> <!-- tcSupplier -->
  <testcase name="tcSupplier" time="0.0" classname="com.hasbro.security.Country">
    <skipped/>
  </testcase> <!-- tcSupplier -->
  <testcase name="tcSupplier" time="0.0" classname="com.hasbro.security.Country">
    <skipped/>
  </testcase> <!-- tcSupplier -->
  <testcase name="tcSupplier" time="0.0" classname="com.hasbro.security.Country">
    <skipped/>
  </testcase> <!-- tcSupplier -->
  <testcase name="tcSupplier" time="0.0" classname="com.hasbro.security.Country">
    <skipped/>
  </testcase> <!-- tcSupplier -->
  <testcase name="tcSupplier" time="0.0" classname="com.hasbro.security.Country">
    <skipped/>
  </testcase> <!-- tcSupplier -->
  <testcase name="tcSupplier" time="0.0" classname="com.hasbro.security.Country">
    <skipped/>
  </testcase> <!-- tcSupplier -->
  <testcase name="tcSupplier" time="0.0" classname="com.hasbro.security.Country">
    <skipped/>
  </testcase> <!-- tcSupplier -->
  <testcase name="tcSupplier" time="0.0" classname="com.hasbro.security.Country">
    <skipped/>
  </testcase> <!-- tcSupplier -->
  <testcase name="tcSupplier" time="0.0" classname="com.hasbro.security.Country">
    <skipped/>
  </testcase> <!-- tcSupplier -->
  <testcase name="tcSupplier" time="0.0" classname="com.hasbro.security.Country">
    <skipped/>
  </testcase> <!-- tcSupplier -->
  <testcase name="tcSupplier" time="0.0" classname="com.hasbro.security.Country">
    <skipped/>
  </testcase> <!-- tcSupplier -->
  <testcase name="tcSupplier" time="0.0" classname="com.hasbro.security.Country">
    <skipped/>
  </testcase> <!-- tcSupplier -->
  <testcase name="tcSupplier" time="0.0" classname="com.hasbro.security.Country">
    <skipped/>
  </testcase> <!-- tcSupplier -->
  <testcase name="tcSupplier" time="0.0" classname="com.hasbro.security.Country">
    <skipped/>
  </testcase> <!-- tcSupplier -->
  <testcase name="tcSupplier" time="0.0" classname="com.hasbro.security.Country">
    <skipped/>
  </testcase> <!-- tcSupplier -->
  <testcase name="tcSupplier" time="0.0" classname="com.hasbro.security.Country">
    <skipped/>
  </testcase> <!-- tcSupplier -->
  <testcase name="tcSupplier" time="0.0" classname="com.hasbro.security.Country">
    <skipped/>
  </testcase> <!-- tcSupplier -->
  <testcase name="tcSupplier" time="0.0" classname="com.hasbro.security.Country">
    <skipped/>
  </testcase> <!-- tcSupplier -->
  <testcase name="tcSupplier" time="0.0" classname="com.hasbro.security.Country">
    <skipped/>
  </testcase> <!-- tcSupplier -->
  <testcase name="tcSupplier" time="0.0" classname="com.hasbro.security.Country">
    <skipped/>
  </testcase> <!-- tcSupplier -->
  <testcase name="tcSupplier" time="0.0" classname="com.hasbro.security.Country">
    <skipped/>
  </testcase> <!-- tcSupplier -->
  <testcase name="tcSupplier" time="0.0" classname="com.hasbro.security.Country">
    <skipped/>
  </testcase> <!-- tcSupplier -->
  <testcase name="tcSupplier" time="0.0" classname="com.hasbro.security.Country">
    <skipped/>
  </testcase> <!-- tcSupplier -->
  <testcase name="tcSupplier" time="0.0" classname="com.hasbro.security.Country">
    <skipped/>
  </testcase> <!-- tcSupplier -->
  <testcase name="tcSupplier" time="0.0" classname="com.hasbro.security.Country">
    <skipped/>
  </testcase> <!-- tcSupplier -->
  <testcase name="tcSupplier" time="0.0" classname="com.hasbro.security.Country">
    <skipped/>
  </testcase> <!-- tcSupplier -->
  <testcase name="tcSupplier" time="0.0" classname="com.hasbro.security.Country">
    <skipped/>
  </testcase> <!-- tcSupplier -->
  <testcase name="tcSupplier" time="0.0" classname="com.hasbro.security.Country">
    <skipped/>
  </testcase> <!-- tcSupplier -->
  <testcase name="tcSupplier" time="0.0" classname="com.hasbro.security.Country">
    <skipped/>
  </testcase> <!-- tcSupplier -->
  <testcase name="tcSupplier" time="0.0" classname="com.hasbro.security.Country">
    <skipped/>
  </testcase> <!-- tcSupplier -->
  <testcase name="tcSupplier" time="0.0" classname="com.hasbro.security.Country">
    <skipped/>
  </testcase> <!-- tcSupplier -->
  <testcase name="tcSupplier" time="0.0" classname="com.hasbro.security.Country">
    <skipped/>
  </testcase> <!-- tcSupplier -->
  <testcase name="tcSupplier" time="0.0" classname="com.hasbro.security.Country">
    <skipped/>
  </testcase> <!-- tcSupplier -->
  <testcase name="tcSupplier" time="0.0" classname="com.hasbro.security.Country">
    <skipped/>
  </testcase> <!-- tcSupplier -->
  <testcase name="tcSupplier" time="0.0" classname="com.hasbro.security.Country">
    <skipped/>
  </testcase> <!-- tcSupplier -->
  <testcase name="tcSupplier" time="0.0" classname="com.hasbro.security.Country">
    <skipped/>
  </testcase> <!-- tcSupplier -->
  <testcase name="tcSupplier" time="0.0" classname="com.hasbro.security.Country">
    <skipped/>
  </testcase> <!-- tcSupplier -->
  <testcase name="tcSupplier" time="0.0" classname="com.hasbro.security.Country">
    <skipped/>
  </testcase> <!-- tcSupplier -->
  <testcase name="tcSupplier" time="0.0" classname="com.hasbro.security.Country">
    <skipped/>
  </testcase> <!-- tcSupplier -->
  <testcase name="tcSupplier" time="0.0" classname="com.hasbro.security.Country">
    <skipped/>
  </testcase> <!-- tcSupplier -->
  <testcase name="tcSupplier" time="0.0" classname="com.hasbro.security.Country">
    <skipped/>
  </testcase> <!-- tcSupplier -->
  <testcase name="tcSupplier" time="0.0" classname="com.hasbro.security.Country">
    <skipped/>
  </testcase> <!-- tcSupplier -->
  <testcase name="tcSupplier" time="0.0" classname="com.hasbro.security.Country">
    <skipped/>
  </testcase> <!-- tcSupplier -->
  <testcase name="tcSupplier" time="0.0" classname="com.hasbro.security.Country">
    <skipped/>
  </testcase> <!-- tcSupplier -->
  <testcase name="tcSupplier" time="0.0" classname="com.hasbro.security.Country">
    <skipped/>
  </testcase> <!-- tcSupplier -->
  <testcase name="tcSupplier" time="0.0" classname="com.hasbro.security.Country">
    <skipped/>
  </testcase> <!-- tcSupplier -->
  <testcase name="tcSupplier" time="0.0" classname="com.hasbro.security.Country">
    <skipped/>
  </testcase> <!-- tcSupplier -->
  <testcase name="tcSupplier" time="0.0" classname="com.hasbro.security.Country">
    <skipped/>
  </testcase> <!-- tcSupplier -->
  <testcase name="tcSupplier" time="0.0" classname="com.hasbro.security.Country">
    <skipped/>
  </testcase> <!-- tcSupplier -->
  <testcase name="tcSupplier" time="0.0" classname="com.hasbro.security.Country">
    <skipped/>
  </testcase> <!-- tcSupplier -->
  <testcase name="tcSupplier" time="0.0" classname="com.hasbro.security.Country">
    <skipped/>
  </testcase> <!-- tcSupplier -->
  <testcase name="tcSupplier" time="0.0" classname="com.hasbro.security.Country">
    <skipped/>
  </testcase> <!-- tcSupplier -->
  <testcase name="tcSupplier" time="0.0" classname="com.hasbro.security.Country">
    <skipped/>
  </testcase> <!-- tcSupplier -->
  <testcase name="tcSupplier" time="0.0" classname="com.hasbro.security.Country">
    <skipped/>
  </testcase> <!-- tcSupplier -->
  <testcase name="tcSupplier" time="0.0" classname="com.hasbro.security.Country">
    <skipped/>
  </testcase> <!-- tcSupplier -->
  <testcase name="tcSupplier" time="0.0" classname="com.hasbro.security.Country">
    <skipped/>
  </testcase> <!-- tcSupplier -->
  <testcase name="tcSupplier" time="0.0" classname="com.hasbro.security.Country">
    <skipped/>
  </testcase> <!-- tcSupplier -->
  <testcase name="tcSupplier" time="0.0" classname="com.hasbro.security.Country">
    <skipped/>
  </testcase> <!-- tcSupplier -->
  <testcase name="tcSupplier" time="0.0" classname="com.hasbro.security.Country">
    <skipped/>
  </testcase> <!-- tcSupplier -->
  <testcase name="tcSupplier" time="0.0" classname="com.hasbro.security.Country">
    <skipped/>
  </testcase> <!-- tcSupplier -->
  <testcase name="tcSupplier" time="0.0" classname="com.hasbro.security.Country">
    <skipped/>
  </testcase> <!-- tcSupplier -->
  <testcase name="tcSupplier" time="0.0" classname="com.hasbro.security.Country">
    <skipped/>
  </testcase> <!-- tcSupplier -->
  <testcase name="tcSupplier" time="0.0" classname="com.hasbro.security.Country">
    <skipped/>
  </testcase> <!-- tcSupplier -->
  <testcase name="tcSupplier" time="0.0" classname="com.hasbro.security.Country">
    <skipped/>
  </testcase> <!-- tcSupplier -->
  <testcase name="tcSupplier" time="0.0" classname="com.hasbro.security.Country">
    <skipped/>
  </testcase> <!-- tcSupplier -->
  <testcase name="tcSupplier" time="0.0" classname="com.hasbro.security.Country">
    <skipped/>
  </testcase> <!-- tcSupplier -->
  <testcase name="tcSupplier" time="0.0" classname="com.hasbro.security.Country">
    <skipped/>
  </testcase> <!-- tcSupplier -->
  <testcase name="tcSupplier" time="0.0" classname="com.hasbro.security.Country">
    <skipped/>
  </testcase> <!-- tcSupplier -->
  <testcase name="tcSupplier" time="0.0" classname="com.hasbro.security.Country">
    <skipped/>
  </testcase> <!-- tcSupplier -->
  <testcase name="tcSupplier" time="0.0" classname="com.hasbro.security.Country">
    <skipped/>
  </testcase> <!-- tcSupplier -->
  <testcase name="tcSupplier" time="0.0" classname="com.hasbro.security.Country">
    <skipped/>
  </testcase> <!-- tcSupplier -->
  <testcase name="tcSupplier" time="0.0" classname="com.hasbro.security.Country">
    <skipped/>
  </testcase> <!-- tcSupplier -->
  <testcase name="tcSupplier" time="0.0" classname="com.hasbro.security.Country">
    <skipped/>
  </testcase> <!-- tcSupplier -->
  <testcase name="tcSupplier" time="0.0" classname="com.hasbro.security.Country">
    <skipped/>
  </testcase> <!-- tcSupplier -->
  <testcase name="tcSupplier" time="0.0" classname="com.hasbro.security.Country">
    <skipped/>
  </testcase> <!-- tcSupplier -->
</testsuite> <!-- Country -->
