<?xml version="1.0" encoding="UTF-8"?>
<!-- Generated by org.testng.reporters.JUnitXMLReporter -->
<testsuite hostname="P3BLAP-7172WMV" ignored="0" name="PlaceHolderDevPlan" tests="104" failures="0" timestamp="13 Feb 2018 11:32:26 GMT" time="0.17" errors="0">
  <testcase name="@BeforeTest checkTestcaseSkip" time="0.002" classname="com.hasbro.security.PlaceHolderDevPlan">
    <skipped/>
  </testcase> <!-- @BeforeTest checkTestcaseSkip -->
  <testcase name="@AfterTest reportTestcaseResult" time="0.0" classname="com.hasbro.security.PlaceHolderDevPlan">
    <skipped/>
  </testcase> <!-- @AfterTest reportTestcaseResult -->
  <testcase name="tcPlaceHolderDevPlan" time="0.0" classname="com.hasbro.security.PlaceHolderDevPlan">
    <skipped/>
  </testcase> <!-- tcPlaceHolderDevPlan -->
  <testcase name="tcPlaceHolderDevPlan" time="0.0" classname="com.hasbro.security.PlaceHolderDevPlan">
    <skipped/>
  </testcase> <!-- tcPlaceHolderDevPlan -->
  <testcase name="tcPlaceHolderDevPlan" time="0.0" classname="com.hasbro.security.PlaceHolderDevPlan">
    <skipped/>
  </testcase> <!-- tcPlaceHolderDevPlan -->
  <testcase name="tcPlaceHolderDevPlan" time="0.0" classname="com.hasbro.security.PlaceHolderDevPlan">
    <skipped/>
  </testcase> <!-- tcPlaceHolderDevPlan -->
  <testcase name="tcPlaceHolderDevPlan" time="0.0" classname="com.hasbro.security.PlaceHolderDevPlan">
    <skipped/>
  </testcase> <!-- tcPlaceHolderDevPlan -->
  <testcase name="tcPlaceHolderDevPlan" time="0.0" classname="com.hasbro.security.PlaceHolderDevPlan">
    <skipped/>
  </testcase> <!-- tcPlaceHolderDevPlan -->
  <testcase name="tcPlaceHolderDevPlan" time="0.0" classname="com.hasbro.security.PlaceHolderDevPlan">
    <skipped/>
  </testcase> <!-- tcPlaceHolderDevPlan -->
  <testcase name="tcPlaceHolderDevPlan" time="0.0" classname="com.hasbro.security.PlaceHolderDevPlan">
    <skipped/>
  </testcase> <!-- tcPlaceHolderDevPlan -->
  <testcase name="tcPlaceHolderDevPlan" time="0.0" classname="com.hasbro.security.PlaceHolderDevPlan">
    <skipped/>
  </testcase> <!-- tcPlaceHolderDevPlan -->
  <testcase name="tcPlaceHolderDevPlan" time="0.0" classname="com.hasbro.security.PlaceHolderDevPlan">
    <skipped/>
  </testcase> <!-- tcPlaceHolderDevPlan -->
  <testcase name="tcPlaceHolderDevPlan" time="0.0" classname="com.hasbro.security.PlaceHolderDevPlan">
    <skipped/>
  </testcase> <!-- tcPlaceHolderDevPlan -->
  <testcase name="tcPlaceHolderDevPlan" time="0.0" classname="com.hasbro.security.PlaceHolderDevPlan">
    <skipped/>
  </testcase> <!-- tcPlaceHolderDevPlan -->
  <testcase name="tcPlaceHolderDevPlan" time="0.0" classname="com.hasbro.security.PlaceHolderDevPlan">
    <skipped/>
  </testcase> <!-- tcPlaceHolderDevPlan -->
  <testcase name="tcPlaceHolderDevPlan" time="0.0" classname="com.hasbro.security.PlaceHolderDevPlan">
    <skipped/>
  </testcase> <!-- tcPlaceHolderDevPlan -->
  <testcase name="tcPlaceHolderDevPlan" time="0.0" classname="com.hasbro.security.PlaceHolderDevPlan">
    <skipped/>
  </testcase> <!-- tcPlaceHolderDevPlan -->
  <testcase name="tcPlaceHolderDevPlan" time="0.0" classname="com.hasbro.security.PlaceHolderDevPlan">
    <skipped/>
  </testcase> <!-- tcPlaceHolderDevPlan -->
  <testcase name="tcPlaceHolderDevPlan" time="0.0" classname="com.hasbro.security.PlaceHolderDevPlan">
    <skipped/>
  </testcase> <!-- tcPlaceHolderDevPlan -->
  <testcase name="tcPlaceHolderDevPlan" time="0.0" classname="com.hasbro.security.PlaceHolderDevPlan">
    <skipped/>
  </testcase> <!-- tcPlaceHolderDevPlan -->
  <testcase name="tcPlaceHolderDevPlan" time="0.0" classname="com.hasbro.security.PlaceHolderDevPlan">
    <skipped/>
  </testcase> <!-- tcPlaceHolderDevPlan -->
  <testcase name="tcPlaceHolderDevPlan" time="0.0" classname="com.hasbro.security.PlaceHolderDevPlan">
    <skipped/>
  </testcase> <!-- tcPlaceHolderDevPlan -->
  <testcase name="tcPlaceHolderDevPlan" time="0.0" classname="com.hasbro.security.PlaceHolderDevPlan">
    <skipped/>
  </testcase> <!-- tcPlaceHolderDevPlan -->
  <testcase name="tcPlaceHolderDevPlan" time="0.0" classname="com.hasbro.security.PlaceHolderDevPlan">
    <skipped/>
  </testcase> <!-- tcPlaceHolderDevPlan -->
  <testcase name="tcPlaceHolderDevPlan" time="0.0" classname="com.hasbro.security.PlaceHolderDevPlan">
    <skipped/>
  </testcase> <!-- tcPlaceHolderDevPlan -->
  <testcase name="tcPlaceHolderDevPlan" time="0.0" classname="com.hasbro.security.PlaceHolderDevPlan">
    <skipped/>
  </testcase> <!-- tcPlaceHolderDevPlan -->
  <testcase name="tcPlaceHolderDevPlan" time="0.0" classname="com.hasbro.security.PlaceHolderDevPlan">
    <skipped/>
  </testcase> <!-- tcPlaceHolderDevPlan -->
  <testcase name="tcPlaceHolderDevPlan" time="0.0" classname="com.hasbro.security.PlaceHolderDevPlan">
    <skipped/>
  </testcase> <!-- tcPlaceHolderDevPlan -->
  <testcase name="tcPlaceHolderDevPlan" time="0.0" classname="com.hasbro.security.PlaceHolderDevPlan">
    <skipped/>
  </testcase> <!-- tcPlaceHolderDevPlan -->
  <testcase name="tcPlaceHolderDevPlan" time="0.0" classname="com.hasbro.security.PlaceHolderDevPlan">
    <skipped/>
  </testcase> <!-- tcPlaceHolderDevPlan -->
  <testcase name="tcPlaceHolderDevPlan" time="0.0" classname="com.hasbro.security.PlaceHolderDevPlan">
    <skipped/>
  </testcase> <!-- tcPlaceHolderDevPlan -->
  <testcase name="tcPlaceHolderDevPlan" time="0.0" classname="com.hasbro.security.PlaceHolderDevPlan">
    <skipped/>
  </testcase> <!-- tcPlaceHolderDevPlan -->
  <testcase name="tcPlaceHolderDevPlan" time="0.0" classname="com.hasbro.security.PlaceHolderDevPlan">
    <skipped/>
  </testcase> <!-- tcPlaceHolderDevPlan -->
  <testcase name="tcPlaceHolderDevPlan" time="0.0" classname="com.hasbro.security.PlaceHolderDevPlan">
    <skipped/>
  </testcase> <!-- tcPlaceHolderDevPlan -->
  <testcase name="tcPlaceHolderDevPlan" time="0.0" classname="com.hasbro.security.PlaceHolderDevPlan">
    <skipped/>
  </testcase> <!-- tcPlaceHolderDevPlan -->
  <testcase name="tcPlaceHolderDevPlan" time="0.0" classname="com.hasbro.security.PlaceHolderDevPlan">
    <skipped/>
  </testcase> <!-- tcPlaceHolderDevPlan -->
  <testcase name="tcPlaceHolderDevPlan" time="0.0" classname="com.hasbro.security.PlaceHolderDevPlan">
    <skipped/>
  </testcase> <!-- tcPlaceHolderDevPlan -->
  <testcase name="tcPlaceHolderDevPlan" time="0.0" classname="com.hasbro.security.PlaceHolderDevPlan">
    <skipped/>
  </testcase> <!-- tcPlaceHolderDevPlan -->
  <testcase name="tcPlaceHolderDevPlan" time="0.0" classname="com.hasbro.security.PlaceHolderDevPlan">
    <skipped/>
  </testcase> <!-- tcPlaceHolderDevPlan -->
  <testcase name="tcPlaceHolderDevPlan" time="0.0" classname="com.hasbro.security.PlaceHolderDevPlan">
    <skipped/>
  </testcase> <!-- tcPlaceHolderDevPlan -->
  <testcase name="tcPlaceHolderDevPlan" time="0.0" classname="com.hasbro.security.PlaceHolderDevPlan">
    <skipped/>
  </testcase> <!-- tcPlaceHolderDevPlan -->
  <testcase name="tcPlaceHolderDevPlan" time="0.0" classname="com.hasbro.security.PlaceHolderDevPlan">
    <skipped/>
  </testcase> <!-- tcPlaceHolderDevPlan -->
  <testcase name="tcPlaceHolderDevPlan" time="0.0" classname="com.hasbro.security.PlaceHolderDevPlan">
    <skipped/>
  </testcase> <!-- tcPlaceHolderDevPlan -->
  <testcase name="tcPlaceHolderDevPlan" time="0.0" classname="com.hasbro.security.PlaceHolderDevPlan">
    <skipped/>
  </testcase> <!-- tcPlaceHolderDevPlan -->
  <testcase name="tcPlaceHolderDevPlan" time="0.0" classname="com.hasbro.security.PlaceHolderDevPlan">
    <skipped/>
  </testcase> <!-- tcPlaceHolderDevPlan -->
  <testcase name="tcPlaceHolderDevPlan" time="0.0" classname="com.hasbro.security.PlaceHolderDevPlan">
    <skipped/>
  </testcase> <!-- tcPlaceHolderDevPlan -->
  <testcase name="tcPlaceHolderDevPlan" time="0.0" classname="com.hasbro.security.PlaceHolderDevPlan">
    <skipped/>
  </testcase> <!-- tcPlaceHolderDevPlan -->
  <testcase name="tcPlaceHolderDevPlan" time="0.0" classname="com.hasbro.security.PlaceHolderDevPlan">
    <skipped/>
  </testcase> <!-- tcPlaceHolderDevPlan -->
  <testcase name="tcPlaceHolderDevPlan" time="0.0" classname="com.hasbro.security.PlaceHolderDevPlan">
    <skipped/>
  </testcase> <!-- tcPlaceHolderDevPlan -->
  <testcase name="tcPlaceHolderDevPlan" time="0.0" classname="com.hasbro.security.PlaceHolderDevPlan">
    <skipped/>
  </testcase> <!-- tcPlaceHolderDevPlan -->
  <testcase name="tcPlaceHolderDevPlan" time="0.0" classname="com.hasbro.security.PlaceHolderDevPlan">
    <skipped/>
  </testcase> <!-- tcPlaceHolderDevPlan -->
  <testcase name="tcPlaceHolderDevPlan" time="0.0" classname="com.hasbro.security.PlaceHolderDevPlan">
    <skipped/>
  </testcase> <!-- tcPlaceHolderDevPlan -->
  <testcase name="tcPlaceHolderDevPlan" time="0.0" classname="com.hasbro.security.PlaceHolderDevPlan">
    <skipped/>
  </testcase> <!-- tcPlaceHolderDevPlan -->
  <testcase name="tcPlaceHolderDevPlan" time="0.0" classname="com.hasbro.security.PlaceHolderDevPlan">
    <skipped/>
  </testcase> <!-- tcPlaceHolderDevPlan -->
  <testcase name="tcPlaceHolderDevPlan" time="0.0" classname="com.hasbro.security.PlaceHolderDevPlan">
    <skipped/>
  </testcase> <!-- tcPlaceHolderDevPlan -->
  <testcase name="tcPlaceHolderDevPlan" time="0.0" classname="com.hasbro.security.PlaceHolderDevPlan">
    <skipped/>
  </testcase> <!-- tcPlaceHolderDevPlan -->
  <testcase name="tcPlaceHolderDevPlan" time="0.0" classname="com.hasbro.security.PlaceHolderDevPlan">
    <skipped/>
  </testcase> <!-- tcPlaceHolderDevPlan -->
  <testcase name="tcPlaceHolderDevPlan" time="0.0" classname="com.hasbro.security.PlaceHolderDevPlan">
    <skipped/>
  </testcase> <!-- tcPlaceHolderDevPlan -->
  <testcase name="tcPlaceHolderDevPlan" time="0.0" classname="com.hasbro.security.PlaceHolderDevPlan">
    <skipped/>
  </testcase> <!-- tcPlaceHolderDevPlan -->
  <testcase name="tcPlaceHolderDevPlan" time="0.0" classname="com.hasbro.security.PlaceHolderDevPlan">
    <skipped/>
  </testcase> <!-- tcPlaceHolderDevPlan -->
  <testcase name="tcPlaceHolderDevPlan" time="0.0" classname="com.hasbro.security.PlaceHolderDevPlan">
    <skipped/>
  </testcase> <!-- tcPlaceHolderDevPlan -->
  <testcase name="tcPlaceHolderDevPlan" time="0.0" classname="com.hasbro.security.PlaceHolderDevPlan">
    <skipped/>
  </testcase> <!-- tcPlaceHolderDevPlan -->
  <testcase name="tcPlaceHolderDevPlan" time="0.0" classname="com.hasbro.security.PlaceHolderDevPlan">
    <skipped/>
  </testcase> <!-- tcPlaceHolderDevPlan -->
  <testcase name="tcPlaceHolderDevPlan" time="0.0" classname="com.hasbro.security.PlaceHolderDevPlan">
    <skipped/>
  </testcase> <!-- tcPlaceHolderDevPlan -->
  <testcase name="tcPlaceHolderDevPlan" time="0.0" classname="com.hasbro.security.PlaceHolderDevPlan">
    <skipped/>
  </testcase> <!-- tcPlaceHolderDevPlan -->
  <testcase name="tcPlaceHolderDevPlan" time="0.0" classname="com.hasbro.security.PlaceHolderDevPlan">
    <skipped/>
  </testcase> <!-- tcPlaceHolderDevPlan -->
  <testcase name="tcPlaceHolderDevPlan" time="0.0" classname="com.hasbro.security.PlaceHolderDevPlan">
    <skipped/>
  </testcase> <!-- tcPlaceHolderDevPlan -->
  <testcase name="tcPlaceHolderDevPlan" time="0.0" classname="com.hasbro.security.PlaceHolderDevPlan">
    <skipped/>
  </testcase> <!-- tcPlaceHolderDevPlan -->
  <testcase name="tcPlaceHolderDevPlan" time="0.0" classname="com.hasbro.security.PlaceHolderDevPlan">
    <skipped/>
  </testcase> <!-- tcPlaceHolderDevPlan -->
  <testcase name="tcPlaceHolderDevPlan" time="0.0" classname="com.hasbro.security.PlaceHolderDevPlan">
    <skipped/>
  </testcase> <!-- tcPlaceHolderDevPlan -->
  <testcase name="tcPlaceHolderDevPlan" time="0.0" classname="com.hasbro.security.PlaceHolderDevPlan">
    <skipped/>
  </testcase> <!-- tcPlaceHolderDevPlan -->
  <testcase name="tcPlaceHolderDevPlan" time="0.0" classname="com.hasbro.security.PlaceHolderDevPlan">
    <skipped/>
  </testcase> <!-- tcPlaceHolderDevPlan -->
  <testcase name="tcPlaceHolderDevPlan" time="0.0" classname="com.hasbro.security.PlaceHolderDevPlan">
    <skipped/>
  </testcase> <!-- tcPlaceHolderDevPlan -->
  <testcase name="tcPlaceHolderDevPlan" time="0.0" classname="com.hasbro.security.PlaceHolderDevPlan">
    <skipped/>
  </testcase> <!-- tcPlaceHolderDevPlan -->
  <testcase name="tcPlaceHolderDevPlan" time="0.0" classname="com.hasbro.security.PlaceHolderDevPlan">
    <skipped/>
  </testcase> <!-- tcPlaceHolderDevPlan -->
  <testcase name="tcPlaceHolderDevPlan" time="0.0" classname="com.hasbro.security.PlaceHolderDevPlan">
    <skipped/>
  </testcase> <!-- tcPlaceHolderDevPlan -->
  <testcase name="tcPlaceHolderDevPlan" time="0.0" classname="com.hasbro.security.PlaceHolderDevPlan">
    <skipped/>
  </testcase> <!-- tcPlaceHolderDevPlan -->
  <testcase name="tcPlaceHolderDevPlan" time="0.0" classname="com.hasbro.security.PlaceHolderDevPlan">
    <skipped/>
  </testcase> <!-- tcPlaceHolderDevPlan -->
  <testcase name="tcPlaceHolderDevPlan" time="0.0" classname="com.hasbro.security.PlaceHolderDevPlan">
    <skipped/>
  </testcase> <!-- tcPlaceHolderDevPlan -->
  <testcase name="tcPlaceHolderDevPlan" time="0.0" classname="com.hasbro.security.PlaceHolderDevPlan">
    <skipped/>
  </testcase> <!-- tcPlaceHolderDevPlan -->
  <testcase name="tcPlaceHolderDevPlan" time="0.0" classname="com.hasbro.security.PlaceHolderDevPlan">
    <skipped/>
  </testcase> <!-- tcPlaceHolderDevPlan -->
  <testcase name="tcPlaceHolderDevPlan" time="0.0" classname="com.hasbro.security.PlaceHolderDevPlan">
    <skipped/>
  </testcase> <!-- tcPlaceHolderDevPlan -->
  <testcase name="tcPlaceHolderDevPlan" time="0.0" classname="com.hasbro.security.PlaceHolderDevPlan">
    <skipped/>
  </testcase> <!-- tcPlaceHolderDevPlan -->
  <testcase name="tcPlaceHolderDevPlan" time="0.0" classname="com.hasbro.security.PlaceHolderDevPlan">
    <skipped/>
  </testcase> <!-- tcPlaceHolderDevPlan -->
  <testcase name="tcPlaceHolderDevPlan" time="0.0" classname="com.hasbro.security.PlaceHolderDevPlan">
    <skipped/>
  </testcase> <!-- tcPlaceHolderDevPlan -->
  <testcase name="tcPlaceHolderDevPlan" time="0.0" classname="com.hasbro.security.PlaceHolderDevPlan">
    <skipped/>
  </testcase> <!-- tcPlaceHolderDevPlan -->
  <testcase name="tcPlaceHolderDevPlan" time="0.0" classname="com.hasbro.security.PlaceHolderDevPlan">
    <skipped/>
  </testcase> <!-- tcPlaceHolderDevPlan -->
  <testcase name="tcPlaceHolderDevPlan" time="0.0" classname="com.hasbro.security.PlaceHolderDevPlan">
    <skipped/>
  </testcase> <!-- tcPlaceHolderDevPlan -->
  <testcase name="tcPlaceHolderDevPlan" time="0.0" classname="com.hasbro.security.PlaceHolderDevPlan">
    <skipped/>
  </testcase> <!-- tcPlaceHolderDevPlan -->
  <testcase name="tcPlaceHolderDevPlan" time="0.0" classname="com.hasbro.security.PlaceHolderDevPlan">
    <skipped/>
  </testcase> <!-- tcPlaceHolderDevPlan -->
  <testcase name="tcPlaceHolderDevPlan" time="0.0" classname="com.hasbro.security.PlaceHolderDevPlan">
    <skipped/>
  </testcase> <!-- tcPlaceHolderDevPlan -->
  <testcase name="tcPlaceHolderDevPlan" time="0.0" classname="com.hasbro.security.PlaceHolderDevPlan">
    <skipped/>
  </testcase> <!-- tcPlaceHolderDevPlan -->
  <testcase name="tcPlaceHolderDevPlan" time="0.0" classname="com.hasbro.security.PlaceHolderDevPlan">
    <skipped/>
  </testcase> <!-- tcPlaceHolderDevPlan -->
  <testcase name="tcPlaceHolderDevPlan" time="0.0" classname="com.hasbro.security.PlaceHolderDevPlan">
    <skipped/>
  </testcase> <!-- tcPlaceHolderDevPlan -->
  <testcase name="tcPlaceHolderDevPlan" time="0.0" classname="com.hasbro.security.PlaceHolderDevPlan">
    <skipped/>
  </testcase> <!-- tcPlaceHolderDevPlan -->
  <testcase name="tcPlaceHolderDevPlan" time="0.0" classname="com.hasbro.security.PlaceHolderDevPlan">
    <skipped/>
  </testcase> <!-- tcPlaceHolderDevPlan -->
  <testcase name="tcPlaceHolderDevPlan" time="0.0" classname="com.hasbro.security.PlaceHolderDevPlan">
    <skipped/>
  </testcase> <!-- tcPlaceHolderDevPlan -->
  <testcase name="tcPlaceHolderDevPlan" time="0.0" classname="com.hasbro.security.PlaceHolderDevPlan">
    <skipped/>
  </testcase> <!-- tcPlaceHolderDevPlan -->
  <testcase name="tcPlaceHolderDevPlan" time="0.0" classname="com.hasbro.security.PlaceHolderDevPlan">
    <skipped/>
  </testcase> <!-- tcPlaceHolderDevPlan -->
  <testcase name="tcPlaceHolderDevPlan" time="0.0" classname="com.hasbro.security.PlaceHolderDevPlan">
    <skipped/>
  </testcase> <!-- tcPlaceHolderDevPlan -->
  <testcase name="tcPlaceHolderDevPlan" time="0.0" classname="com.hasbro.security.PlaceHolderDevPlan">
    <skipped/>
  </testcase> <!-- tcPlaceHolderDevPlan -->
  <testcase name="tcPlaceHolderDevPlan" time="0.0" classname="com.hasbro.security.PlaceHolderDevPlan">
    <skipped/>
  </testcase> <!-- tcPlaceHolderDevPlan -->
  <testcase name="tcPlaceHolderDevPlan" time="0.0" classname="com.hasbro.security.PlaceHolderDevPlan">
    <skipped/>
  </testcase> <!-- tcPlaceHolderDevPlan -->
  <testcase name="tcPlaceHolderDevPlan" time="0.0" classname="com.hasbro.security.PlaceHolderDevPlan">
    <skipped/>
  </testcase> <!-- tcPlaceHolderDevPlan -->
  <testcase name="tcPlaceHolderDevPlan" time="0.0" classname="com.hasbro.security.PlaceHolderDevPlan">
    <skipped/>
  </testcase> <!-- tcPlaceHolderDevPlan -->
  <testcase name="tcPlaceHolderDevPlan" time="0.0" classname="com.hasbro.security.PlaceHolderDevPlan">
    <skipped/>
  </testcase> <!-- tcPlaceHolderDevPlan -->
</testsuite> <!-- PlaceHolderDevPlan -->
