<?xml version="1.0" encoding="UTF-8"?>
<!-- Generated by org.testng.reporters.JUnitXMLReporter -->
<testsuite hostname="P3BLAP-7172WMV" ignored="0" name="RetailDocument" tests="85" failures="0" timestamp="13 Feb 2018 11:32:21 GMT" time="0.043" errors="0">
  <testcase name="@BeforeTest checkTestcaseSkip" time="0.002" classname="com.hasbro.security.RetailDocument">
    <skipped/>
  </testcase> <!-- @BeforeTest checkTestcaseSkip -->
  <testcase name="@AfterTest reportTestcaseResult" time="0.0" classname="com.hasbro.security.RetailDocument">
    <skipped/>
  </testcase> <!-- @AfterTest reportTestcaseResult -->
  <testcase name="tcMaterial" time="0.0" classname="com.hasbro.security.RetailDocument">
    <skipped/>
  </testcase> <!-- tcMaterial -->
  <testcase name="tcMaterial" time="0.0" classname="com.hasbro.security.RetailDocument">
    <skipped/>
  </testcase> <!-- tcMaterial -->
  <testcase name="tcMaterial" time="0.0" classname="com.hasbro.security.RetailDocument">
    <skipped/>
  </testcase> <!-- tcMaterial -->
  <testcase name="tcMaterial" time="0.0" classname="com.hasbro.security.RetailDocument">
    <skipped/>
  </testcase> <!-- tcMaterial -->
  <testcase name="tcMaterial" time="0.0" classname="com.hasbro.security.RetailDocument">
    <skipped/>
  </testcase> <!-- tcMaterial -->
  <testcase name="tcMaterial" time="0.0" classname="com.hasbro.security.RetailDocument">
    <skipped/>
  </testcase> <!-- tcMaterial -->
  <testcase name="tcMaterial" time="0.0" classname="com.hasbro.security.RetailDocument">
    <skipped/>
  </testcase> <!-- tcMaterial -->
  <testcase name="tcMaterial" time="0.0" classname="com.hasbro.security.RetailDocument">
    <skipped/>
  </testcase> <!-- tcMaterial -->
  <testcase name="tcMaterial" time="0.0" classname="com.hasbro.security.RetailDocument">
    <skipped/>
  </testcase> <!-- tcMaterial -->
  <testcase name="tcMaterial" time="0.0" classname="com.hasbro.security.RetailDocument">
    <skipped/>
  </testcase> <!-- tcMaterial -->
  <testcase name="tcMaterial" time="0.0" classname="com.hasbro.security.RetailDocument">
    <skipped/>
  </testcase> <!-- tcMaterial -->
  <testcase name="tcMaterial" time="0.0" classname="com.hasbro.security.RetailDocument">
    <skipped/>
  </testcase> <!-- tcMaterial -->
  <testcase name="tcMaterial" time="0.0" classname="com.hasbro.security.RetailDocument">
    <skipped/>
  </testcase> <!-- tcMaterial -->
  <testcase name="tcMaterial" time="0.0" classname="com.hasbro.security.RetailDocument">
    <skipped/>
  </testcase> <!-- tcMaterial -->
  <testcase name="tcMaterial" time="0.0" classname="com.hasbro.security.RetailDocument">
    <skipped/>
  </testcase> <!-- tcMaterial -->
  <testcase name="tcMaterial" time="0.0" classname="com.hasbro.security.RetailDocument">
    <skipped/>
  </testcase> <!-- tcMaterial -->
  <testcase name="tcMaterial" time="0.0" classname="com.hasbro.security.RetailDocument">
    <skipped/>
  </testcase> <!-- tcMaterial -->
  <testcase name="tcMaterial" time="0.0" classname="com.hasbro.security.RetailDocument">
    <skipped/>
  </testcase> <!-- tcMaterial -->
  <testcase name="tcMaterial" time="0.0" classname="com.hasbro.security.RetailDocument">
    <skipped/>
  </testcase> <!-- tcMaterial -->
  <testcase name="tcMaterial" time="0.0" classname="com.hasbro.security.RetailDocument">
    <skipped/>
  </testcase> <!-- tcMaterial -->
  <testcase name="tcMaterial" time="0.0" classname="com.hasbro.security.RetailDocument">
    <skipped/>
  </testcase> <!-- tcMaterial -->
  <testcase name="tcMaterial" time="0.0" classname="com.hasbro.security.RetailDocument">
    <skipped/>
  </testcase> <!-- tcMaterial -->
  <testcase name="tcMaterial" time="0.0" classname="com.hasbro.security.RetailDocument">
    <skipped/>
  </testcase> <!-- tcMaterial -->
  <testcase name="tcMaterial" time="0.0" classname="com.hasbro.security.RetailDocument">
    <skipped/>
  </testcase> <!-- tcMaterial -->
  <testcase name="tcMaterial" time="0.0" classname="com.hasbro.security.RetailDocument">
    <skipped/>
  </testcase> <!-- tcMaterial -->
  <testcase name="tcMaterial" time="0.0" classname="com.hasbro.security.RetailDocument">
    <skipped/>
  </testcase> <!-- tcMaterial -->
  <testcase name="tcMaterial" time="0.0" classname="com.hasbro.security.RetailDocument">
    <skipped/>
  </testcase> <!-- tcMaterial -->
  <testcase name="tcMaterial" time="0.0" classname="com.hasbro.security.RetailDocument">
    <skipped/>
  </testcase> <!-- tcMaterial -->
  <testcase name="tcMaterial" time="0.0" classname="com.hasbro.security.RetailDocument">
    <skipped/>
  </testcase> <!-- tcMaterial -->
  <testcase name="tcMaterial" time="0.0" classname="com.hasbro.security.RetailDocument">
    <skipped/>
  </testcase> <!-- tcMaterial -->
  <testcase name="tcMaterial" time="0.0" classname="com.hasbro.security.RetailDocument">
    <skipped/>
  </testcase> <!-- tcMaterial -->
  <testcase name="tcMaterial" time="0.0" classname="com.hasbro.security.RetailDocument">
    <skipped/>
  </testcase> <!-- tcMaterial -->
  <testcase name="tcMaterial" time="0.0" classname="com.hasbro.security.RetailDocument">
    <skipped/>
  </testcase> <!-- tcMaterial -->
  <testcase name="tcMaterial" time="0.0" classname="com.hasbro.security.RetailDocument">
    <skipped/>
  </testcase> <!-- tcMaterial -->
  <testcase name="tcMaterial" time="0.0" classname="com.hasbro.security.RetailDocument">
    <skipped/>
  </testcase> <!-- tcMaterial -->
  <testcase name="tcMaterial" time="0.0" classname="com.hasbro.security.RetailDocument">
    <skipped/>
  </testcase> <!-- tcMaterial -->
  <testcase name="tcMaterial" time="0.0" classname="com.hasbro.security.RetailDocument">
    <skipped/>
  </testcase> <!-- tcMaterial -->
  <testcase name="tcMaterial" time="0.0" classname="com.hasbro.security.RetailDocument">
    <skipped/>
  </testcase> <!-- tcMaterial -->
  <testcase name="tcMaterial" time="0.0" classname="com.hasbro.security.RetailDocument">
    <skipped/>
  </testcase> <!-- tcMaterial -->
  <testcase name="tcMaterial" time="0.0" classname="com.hasbro.security.RetailDocument">
    <skipped/>
  </testcase> <!-- tcMaterial -->
  <testcase name="tcMaterial" time="0.0" classname="com.hasbro.security.RetailDocument">
    <skipped/>
  </testcase> <!-- tcMaterial -->
  <testcase name="tcMaterial" time="0.0" classname="com.hasbro.security.RetailDocument">
    <skipped/>
  </testcase> <!-- tcMaterial -->
  <testcase name="tcMaterial" time="0.0" classname="com.hasbro.security.RetailDocument">
    <skipped/>
  </testcase> <!-- tcMaterial -->
  <testcase name="tcMaterial" time="0.0" classname="com.hasbro.security.RetailDocument">
    <skipped/>
  </testcase> <!-- tcMaterial -->
  <testcase name="tcMaterial" time="0.0" classname="com.hasbro.security.RetailDocument">
    <skipped/>
  </testcase> <!-- tcMaterial -->
  <testcase name="tcMaterial" time="0.0" classname="com.hasbro.security.RetailDocument">
    <skipped/>
  </testcase> <!-- tcMaterial -->
  <testcase name="tcMaterial" time="0.0" classname="com.hasbro.security.RetailDocument">
    <skipped/>
  </testcase> <!-- tcMaterial -->
  <testcase name="tcMaterial" time="0.0" classname="com.hasbro.security.RetailDocument">
    <skipped/>
  </testcase> <!-- tcMaterial -->
  <testcase name="tcMaterial" time="0.0" classname="com.hasbro.security.RetailDocument">
    <skipped/>
  </testcase> <!-- tcMaterial -->
  <testcase name="tcMaterial" time="0.0" classname="com.hasbro.security.RetailDocument">
    <skipped/>
  </testcase> <!-- tcMaterial -->
  <testcase name="tcMaterial" time="0.0" classname="com.hasbro.security.RetailDocument">
    <skipped/>
  </testcase> <!-- tcMaterial -->
  <testcase name="tcMaterial" time="0.0" classname="com.hasbro.security.RetailDocument">
    <skipped/>
  </testcase> <!-- tcMaterial -->
  <testcase name="tcMaterial" time="0.0" classname="com.hasbro.security.RetailDocument">
    <skipped/>
  </testcase> <!-- tcMaterial -->
  <testcase name="tcMaterial" time="0.0" classname="com.hasbro.security.RetailDocument">
    <skipped/>
  </testcase> <!-- tcMaterial -->
  <testcase name="tcMaterial" time="0.0" classname="com.hasbro.security.RetailDocument">
    <skipped/>
  </testcase> <!-- tcMaterial -->
  <testcase name="tcMaterial" time="0.0" classname="com.hasbro.security.RetailDocument">
    <skipped/>
  </testcase> <!-- tcMaterial -->
  <testcase name="tcMaterial" time="0.0" classname="com.hasbro.security.RetailDocument">
    <skipped/>
  </testcase> <!-- tcMaterial -->
  <testcase name="tcMaterial" time="0.0" classname="com.hasbro.security.RetailDocument">
    <skipped/>
  </testcase> <!-- tcMaterial -->
  <testcase name="tcMaterial" time="0.0" classname="com.hasbro.security.RetailDocument">
    <skipped/>
  </testcase> <!-- tcMaterial -->
  <testcase name="tcMaterial" time="0.0" classname="com.hasbro.security.RetailDocument">
    <skipped/>
  </testcase> <!-- tcMaterial -->
  <testcase name="tcMaterial" time="0.0" classname="com.hasbro.security.RetailDocument">
    <skipped/>
  </testcase> <!-- tcMaterial -->
  <testcase name="tcMaterial" time="0.0" classname="com.hasbro.security.RetailDocument">
    <skipped/>
  </testcase> <!-- tcMaterial -->
  <testcase name="tcMaterial" time="0.0" classname="com.hasbro.security.RetailDocument">
    <skipped/>
  </testcase> <!-- tcMaterial -->
  <testcase name="tcMaterial" time="0.0" classname="com.hasbro.security.RetailDocument">
    <skipped/>
  </testcase> <!-- tcMaterial -->
  <testcase name="tcMaterial" time="0.0" classname="com.hasbro.security.RetailDocument">
    <skipped/>
  </testcase> <!-- tcMaterial -->
  <testcase name="tcMaterial" time="0.0" classname="com.hasbro.security.RetailDocument">
    <skipped/>
  </testcase> <!-- tcMaterial -->
  <testcase name="tcMaterial" time="0.0" classname="com.hasbro.security.RetailDocument">
    <skipped/>
  </testcase> <!-- tcMaterial -->
  <testcase name="tcMaterial" time="0.0" classname="com.hasbro.security.RetailDocument">
    <skipped/>
  </testcase> <!-- tcMaterial -->
  <testcase name="tcMaterial" time="0.0" classname="com.hasbro.security.RetailDocument">
    <skipped/>
  </testcase> <!-- tcMaterial -->
  <testcase name="tcMaterial" time="0.0" classname="com.hasbro.security.RetailDocument">
    <skipped/>
  </testcase> <!-- tcMaterial -->
  <testcase name="tcMaterial" time="0.0" classname="com.hasbro.security.RetailDocument">
    <skipped/>
  </testcase> <!-- tcMaterial -->
  <testcase name="tcMaterial" time="0.0" classname="com.hasbro.security.RetailDocument">
    <skipped/>
  </testcase> <!-- tcMaterial -->
  <testcase name="tcMaterial" time="0.0" classname="com.hasbro.security.RetailDocument">
    <skipped/>
  </testcase> <!-- tcMaterial -->
  <testcase name="tcMaterial" time="0.0" classname="com.hasbro.security.RetailDocument">
    <skipped/>
  </testcase> <!-- tcMaterial -->
  <testcase name="tcMaterial" time="0.0" classname="com.hasbro.security.RetailDocument">
    <skipped/>
  </testcase> <!-- tcMaterial -->
  <testcase name="tcMaterial" time="0.0" classname="com.hasbro.security.RetailDocument">
    <skipped/>
  </testcase> <!-- tcMaterial -->
  <testcase name="tcMaterial" time="0.0" classname="com.hasbro.security.RetailDocument">
    <skipped/>
  </testcase> <!-- tcMaterial -->
  <testcase name="tcMaterial" time="0.0" classname="com.hasbro.security.RetailDocument">
    <skipped/>
  </testcase> <!-- tcMaterial -->
  <testcase name="tcMaterial" time="0.0" classname="com.hasbro.security.RetailDocument">
    <skipped/>
  </testcase> <!-- tcMaterial -->
  <testcase name="tcMaterial" time="0.0" classname="com.hasbro.security.RetailDocument">
    <skipped/>
  </testcase> <!-- tcMaterial -->
  <testcase name="tcMaterial" time="0.0" classname="com.hasbro.security.RetailDocument">
    <skipped/>
  </testcase> <!-- tcMaterial -->
  <testcase name="tcMaterial" time="0.0" classname="com.hasbro.security.RetailDocument">
    <skipped/>
  </testcase> <!-- tcMaterial -->
  <testcase name="tcMaterial" time="0.0" classname="com.hasbro.security.RetailDocument">
    <skipped/>
  </testcase> <!-- tcMaterial -->
  <testcase name="tcMaterial" time="0.0" classname="com.hasbro.security.RetailDocument">
    <skipped/>
  </testcase> <!-- tcMaterial -->
  <testcase name="tcMaterial" time="0.0" classname="com.hasbro.security.RetailDocument">
    <skipped/>
  </testcase> <!-- tcMaterial -->
</testsuite> <!-- RetailDocument -->
