<?xml version="1.0" encoding="UTF-8"?>
<!-- Generated by org.testng.reporters.JUnitXMLReporter -->
<testsuite hostname="P3BLAP-7172WMV" ignored="0" name="SourcingConfig" tests="3" failures="0" timestamp="14 Feb 2018 09:20:32 GMT" time="0.003" errors="0">
  <testcase name="@BeforeTest checkTestcaseSkip" time="0.0" classname="com.hasbro.security.SourcingConfig">
    <skipped/>
  </testcase> <!-- @BeforeTest checkTestcaseSkip -->
  <testcase name="@AfterTest reportTestcaseResult" time="0.0" classname="com.hasbro.security.SourcingConfig">
    <skipped/>
  </testcase> <!-- @AfterTest reportTestcaseResult -->
  <testcase name="tcSourcingConfig" time="0.0" classname="com.hasbro.security.SourcingConfig">
    <skipped/>
  </testcase> <!-- tcSourcingConfig -->
  <testcase name="tcSourcingConfig" time="0.0" classname="com.hasbro.security.SourcingConfig">
    <skipped/>
  </testcase> <!-- tcSourcingConfig -->
  <testcase name="tcSourcingConfig" time="0.0" classname="com.hasbro.security.SourcingConfig">
    <skipped/>
  </testcase> <!-- tcSourcingConfig -->
</testsuite> <!-- SourcingConfig -->
