<?xml version="1.0" encoding="UTF-8"?>
<!-- Generated by org.testng.reporters.JUnitXMLReporter -->
<testsuite hostname="P3BLAP-7172WMV" ignored="0" name="Supplier" tests="91" failures="0" timestamp="13 Feb 2018 11:32:26 GMT" time="0.125" errors="0">
  <testcase name="@BeforeTest checkTestcaseSkip" time="0.001" classname="com.hasbro.security.Supplier">
    <skipped/>
  </testcase> <!-- @BeforeTest checkTestcaseSkip -->
  <testcase name="@AfterTest reportTestcaseResult" time="0.0" classname="com.hasbro.security.Supplier">
    <skipped/>
  </testcase> <!-- @AfterTest reportTestcaseResult -->
  <testcase name="tcSupplier" time="0.0" classname="com.hasbro.security.Supplier">
    <skipped/>
  </testcase> <!-- tcSupplier -->
  <testcase name="tcSupplier" time="0.0" classname="com.hasbro.security.Supplier">
    <skipped/>
  </testcase> <!-- tcSupplier -->
  <testcase name="tcSupplier" time="0.0" classname="com.hasbro.security.Supplier">
    <skipped/>
  </testcase> <!-- tcSupplier -->
  <testcase name="tcSupplier" time="0.0" classname="com.hasbro.security.Supplier">
    <skipped/>
  </testcase> <!-- tcSupplier -->
  <testcase name="tcSupplier" time="0.0" classname="com.hasbro.security.Supplier">
    <skipped/>
  </testcase> <!-- tcSupplier -->
  <testcase name="tcSupplier" time="0.0" classname="com.hasbro.security.Supplier">
    <skipped/>
  </testcase> <!-- tcSupplier -->
  <testcase name="tcSupplier" time="0.0" classname="com.hasbro.security.Supplier">
    <skipped/>
  </testcase> <!-- tcSupplier -->
  <testcase name="tcSupplier" time="0.0" classname="com.hasbro.security.Supplier">
    <skipped/>
  </testcase> <!-- tcSupplier -->
  <testcase name="tcSupplier" time="0.0" classname="com.hasbro.security.Supplier">
    <skipped/>
  </testcase> <!-- tcSupplier -->
  <testcase name="tcSupplier" time="0.0" classname="com.hasbro.security.Supplier">
    <skipped/>
  </testcase> <!-- tcSupplier -->
  <testcase name="tcSupplier" time="0.0" classname="com.hasbro.security.Supplier">
    <skipped/>
  </testcase> <!-- tcSupplier -->
  <testcase name="tcSupplier" time="0.0" classname="com.hasbro.security.Supplier">
    <skipped/>
  </testcase> <!-- tcSupplier -->
  <testcase name="tcSupplier" time="0.0" classname="com.hasbro.security.Supplier">
    <skipped/>
  </testcase> <!-- tcSupplier -->
  <testcase name="tcSupplier" time="0.0" classname="com.hasbro.security.Supplier">
    <skipped/>
  </testcase> <!-- tcSupplier -->
  <testcase name="tcSupplier" time="0.0" classname="com.hasbro.security.Supplier">
    <skipped/>
  </testcase> <!-- tcSupplier -->
  <testcase name="tcSupplier" time="0.0" classname="com.hasbro.security.Supplier">
    <skipped/>
  </testcase> <!-- tcSupplier -->
  <testcase name="tcSupplier" time="0.0" classname="com.hasbro.security.Supplier">
    <skipped/>
  </testcase> <!-- tcSupplier -->
  <testcase name="tcSupplier" time="0.0" classname="com.hasbro.security.Supplier">
    <skipped/>
  </testcase> <!-- tcSupplier -->
  <testcase name="tcSupplier" time="0.0" classname="com.hasbro.security.Supplier">
    <skipped/>
  </testcase> <!-- tcSupplier -->
  <testcase name="tcSupplier" time="0.0" classname="com.hasbro.security.Supplier">
    <skipped/>
  </testcase> <!-- tcSupplier -->
  <testcase name="tcSupplier" time="0.0" classname="com.hasbro.security.Supplier">
    <skipped/>
  </testcase> <!-- tcSupplier -->
  <testcase name="tcSupplier" time="0.0" classname="com.hasbro.security.Supplier">
    <skipped/>
  </testcase> <!-- tcSupplier -->
  <testcase name="tcSupplier" time="0.0" classname="com.hasbro.security.Supplier">
    <skipped/>
  </testcase> <!-- tcSupplier -->
  <testcase name="tcSupplier" time="0.0" classname="com.hasbro.security.Supplier">
    <skipped/>
  </testcase> <!-- tcSupplier -->
  <testcase name="tcSupplier" time="0.0" classname="com.hasbro.security.Supplier">
    <skipped/>
  </testcase> <!-- tcSupplier -->
  <testcase name="tcSupplier" time="0.0" classname="com.hasbro.security.Supplier">
    <skipped/>
  </testcase> <!-- tcSupplier -->
  <testcase name="tcSupplier" time="0.0" classname="com.hasbro.security.Supplier">
    <skipped/>
  </testcase> <!-- tcSupplier -->
  <testcase name="tcSupplier" time="0.0" classname="com.hasbro.security.Supplier">
    <skipped/>
  </testcase> <!-- tcSupplier -->
  <testcase name="tcSupplier" time="0.0" classname="com.hasbro.security.Supplier">
    <skipped/>
  </testcase> <!-- tcSupplier -->
  <testcase name="tcSupplier" time="0.0" classname="com.hasbro.security.Supplier">
    <skipped/>
  </testcase> <!-- tcSupplier -->
  <testcase name="tcSupplier" time="0.0" classname="com.hasbro.security.Supplier">
    <skipped/>
  </testcase> <!-- tcSupplier -->
  <testcase name="tcSupplier" time="0.0" classname="com.hasbro.security.Supplier">
    <skipped/>
  </testcase> <!-- tcSupplier -->
  <testcase name="tcSupplier" time="0.0" classname="com.hasbro.security.Supplier">
    <skipped/>
  </testcase> <!-- tcSupplier -->
  <testcase name="tcSupplier" time="0.0" classname="com.hasbro.security.Supplier">
    <skipped/>
  </testcase> <!-- tcSupplier -->
  <testcase name="tcSupplier" time="0.0" classname="com.hasbro.security.Supplier">
    <skipped/>
  </testcase> <!-- tcSupplier -->
  <testcase name="tcSupplier" time="0.0" classname="com.hasbro.security.Supplier">
    <skipped/>
  </testcase> <!-- tcSupplier -->
  <testcase name="tcSupplier" time="0.0" classname="com.hasbro.security.Supplier">
    <skipped/>
  </testcase> <!-- tcSupplier -->
  <testcase name="tcSupplier" time="0.0" classname="com.hasbro.security.Supplier">
    <skipped/>
  </testcase> <!-- tcSupplier -->
  <testcase name="tcSupplier" time="0.0" classname="com.hasbro.security.Supplier">
    <skipped/>
  </testcase> <!-- tcSupplier -->
  <testcase name="tcSupplier" time="0.0" classname="com.hasbro.security.Supplier">
    <skipped/>
  </testcase> <!-- tcSupplier -->
  <testcase name="tcSupplier" time="0.0" classname="com.hasbro.security.Supplier">
    <skipped/>
  </testcase> <!-- tcSupplier -->
  <testcase name="tcSupplier" time="0.0" classname="com.hasbro.security.Supplier">
    <skipped/>
  </testcase> <!-- tcSupplier -->
  <testcase name="tcSupplier" time="0.0" classname="com.hasbro.security.Supplier">
    <skipped/>
  </testcase> <!-- tcSupplier -->
  <testcase name="tcSupplier" time="0.0" classname="com.hasbro.security.Supplier">
    <skipped/>
  </testcase> <!-- tcSupplier -->
  <testcase name="tcSupplier" time="0.0" classname="com.hasbro.security.Supplier">
    <skipped/>
  </testcase> <!-- tcSupplier -->
  <testcase name="tcSupplier" time="0.0" classname="com.hasbro.security.Supplier">
    <skipped/>
  </testcase> <!-- tcSupplier -->
  <testcase name="tcSupplier" time="0.0" classname="com.hasbro.security.Supplier">
    <skipped/>
  </testcase> <!-- tcSupplier -->
  <testcase name="tcSupplier" time="0.0" classname="com.hasbro.security.Supplier">
    <skipped/>
  </testcase> <!-- tcSupplier -->
  <testcase name="tcSupplier" time="0.0" classname="com.hasbro.security.Supplier">
    <skipped/>
  </testcase> <!-- tcSupplier -->
  <testcase name="tcSupplier" time="0.0" classname="com.hasbro.security.Supplier">
    <skipped/>
  </testcase> <!-- tcSupplier -->
  <testcase name="tcSupplier" time="0.0" classname="com.hasbro.security.Supplier">
    <skipped/>
  </testcase> <!-- tcSupplier -->
  <testcase name="tcSupplier" time="0.0" classname="com.hasbro.security.Supplier">
    <skipped/>
  </testcase> <!-- tcSupplier -->
  <testcase name="tcSupplier" time="0.0" classname="com.hasbro.security.Supplier">
    <skipped/>
  </testcase> <!-- tcSupplier -->
  <testcase name="tcSupplier" time="0.0" classname="com.hasbro.security.Supplier">
    <skipped/>
  </testcase> <!-- tcSupplier -->
  <testcase name="tcSupplier" time="0.0" classname="com.hasbro.security.Supplier">
    <skipped/>
  </testcase> <!-- tcSupplier -->
  <testcase name="tcSupplier" time="0.0" classname="com.hasbro.security.Supplier">
    <skipped/>
  </testcase> <!-- tcSupplier -->
  <testcase name="tcSupplier" time="0.0" classname="com.hasbro.security.Supplier">
    <skipped/>
  </testcase> <!-- tcSupplier -->
  <testcase name="tcSupplier" time="0.0" classname="com.hasbro.security.Supplier">
    <skipped/>
  </testcase> <!-- tcSupplier -->
  <testcase name="tcSupplier" time="0.0" classname="com.hasbro.security.Supplier">
    <skipped/>
  </testcase> <!-- tcSupplier -->
  <testcase name="tcSupplier" time="0.0" classname="com.hasbro.security.Supplier">
    <skipped/>
  </testcase> <!-- tcSupplier -->
  <testcase name="tcSupplier" time="0.0" classname="com.hasbro.security.Supplier">
    <skipped/>
  </testcase> <!-- tcSupplier -->
  <testcase name="tcSupplier" time="0.0" classname="com.hasbro.security.Supplier">
    <skipped/>
  </testcase> <!-- tcSupplier -->
  <testcase name="tcSupplier" time="0.0" classname="com.hasbro.security.Supplier">
    <skipped/>
  </testcase> <!-- tcSupplier -->
  <testcase name="tcSupplier" time="0.0" classname="com.hasbro.security.Supplier">
    <skipped/>
  </testcase> <!-- tcSupplier -->
  <testcase name="tcSupplier" time="0.0" classname="com.hasbro.security.Supplier">
    <skipped/>
  </testcase> <!-- tcSupplier -->
  <testcase name="tcSupplier" time="0.0" classname="com.hasbro.security.Supplier">
    <skipped/>
  </testcase> <!-- tcSupplier -->
  <testcase name="tcSupplier" time="0.0" classname="com.hasbro.security.Supplier">
    <skipped/>
  </testcase> <!-- tcSupplier -->
  <testcase name="tcSupplier" time="0.0" classname="com.hasbro.security.Supplier">
    <skipped/>
  </testcase> <!-- tcSupplier -->
  <testcase name="tcSupplier" time="0.0" classname="com.hasbro.security.Supplier">
    <skipped/>
  </testcase> <!-- tcSupplier -->
  <testcase name="tcSupplier" time="0.0" classname="com.hasbro.security.Supplier">
    <skipped/>
  </testcase> <!-- tcSupplier -->
  <testcase name="tcSupplier" time="0.0" classname="com.hasbro.security.Supplier">
    <skipped/>
  </testcase> <!-- tcSupplier -->
  <testcase name="tcSupplier" time="0.0" classname="com.hasbro.security.Supplier">
    <skipped/>
  </testcase> <!-- tcSupplier -->
  <testcase name="tcSupplier" time="0.0" classname="com.hasbro.security.Supplier">
    <skipped/>
  </testcase> <!-- tcSupplier -->
  <testcase name="tcSupplier" time="0.0" classname="com.hasbro.security.Supplier">
    <skipped/>
  </testcase> <!-- tcSupplier -->
  <testcase name="tcSupplier" time="0.0" classname="com.hasbro.security.Supplier">
    <skipped/>
  </testcase> <!-- tcSupplier -->
  <testcase name="tcSupplier" time="0.0" classname="com.hasbro.security.Supplier">
    <skipped/>
  </testcase> <!-- tcSupplier -->
  <testcase name="tcSupplier" time="0.0" classname="com.hasbro.security.Supplier">
    <skipped/>
  </testcase> <!-- tcSupplier -->
  <testcase name="tcSupplier" time="0.0" classname="com.hasbro.security.Supplier">
    <skipped/>
  </testcase> <!-- tcSupplier -->
  <testcase name="tcSupplier" time="0.0" classname="com.hasbro.security.Supplier">
    <skipped/>
  </testcase> <!-- tcSupplier -->
  <testcase name="tcSupplier" time="0.0" classname="com.hasbro.security.Supplier">
    <skipped/>
  </testcase> <!-- tcSupplier -->
  <testcase name="tcSupplier" time="0.0" classname="com.hasbro.security.Supplier">
    <skipped/>
  </testcase> <!-- tcSupplier -->
  <testcase name="tcSupplier" time="0.0" classname="com.hasbro.security.Supplier">
    <skipped/>
  </testcase> <!-- tcSupplier -->
  <testcase name="tcSupplier" time="0.0" classname="com.hasbro.security.Supplier">
    <skipped/>
  </testcase> <!-- tcSupplier -->
  <testcase name="tcSupplier" time="0.0" classname="com.hasbro.security.Supplier">
    <skipped/>
  </testcase> <!-- tcSupplier -->
  <testcase name="tcSupplier" time="0.0" classname="com.hasbro.security.Supplier">
    <skipped/>
  </testcase> <!-- tcSupplier -->
  <testcase name="tcSupplier" time="0.0" classname="com.hasbro.security.Supplier">
    <skipped/>
  </testcase> <!-- tcSupplier -->
  <testcase name="tcSupplier" time="0.0" classname="com.hasbro.security.Supplier">
    <skipped/>
  </testcase> <!-- tcSupplier -->
  <testcase name="tcSupplier" time="0.0" classname="com.hasbro.security.Supplier">
    <skipped/>
  </testcase> <!-- tcSupplier -->
  <testcase name="tcSupplier" time="0.0" classname="com.hasbro.security.Supplier">
    <skipped/>
  </testcase> <!-- tcSupplier -->
  <testcase name="tcSupplier" time="0.0" classname="com.hasbro.security.Supplier">
    <skipped/>
  </testcase> <!-- tcSupplier -->
  <testcase name="tcSupplier" time="0.0" classname="com.hasbro.security.Supplier">
    <skipped/>
  </testcase> <!-- tcSupplier -->
</testsuite> <!-- Supplier -->
