<?xml version="1.0" encoding="UTF-8"?>
<testng-results skipped="639" failed="1" ignored="0" total="640" passed="0">
  <reporter-output>
  </reporter-output>
  <suite name="Smoke" duration-ms="538410" started-at="2018-08-28T11:29:33Z" finished-at="2018-08-28T11:38:32Z">
    <groups>
    </groups>
    <test name="SanitySuite2018" duration-ms="167" started-at="2018-08-28T11:29:33Z" finished-at="2018-08-28T11:29:33Z">
      <class name="com.hasbro.sanity.SanitySuite2018">
        <test-method status="SKIP" signature="checkTestcaseSkip()[pri:0, instance:com.hasbro.sanity.SanitySuite2018@78ac1102]" name="checkTestcaseSkip" is-config="true" duration-ms="6" started-at="2018-08-28T11:29:33Z" finished-at="2018-08-28T11:29:33Z">
          <exception class="org.testng.SkipException">
            <message>
              <![CDATA[Skipping SanitySuite2018 as runmode is set to no]]>
            </message>
            <full-stacktrace>
              <![CDATA[org.testng.SkipException: Skipping SanitySuite2018 as runmode is set to no
at com.hasbro.sanity.SanitySuite2018.checkTestcaseSkip(SanitySuite2018.java:400)
at sun.reflect.NativeMethodAccessorImpl.invoke0(Native Method)
at sun.reflect.NativeMethodAccessorImpl.invoke(Unknown Source)
at sun.reflect.DelegatingMethodAccessorImpl.invoke(Unknown Source)
at java.lang.reflect.Method.invoke(Unknown Source)
at org.testng.internal.MethodInvocationHelper.invokeMethod(MethodInvocationHelper.java:124)
at org.testng.internal.MethodInvocationHelper.invokeMethodConsideringTimeout(MethodInvocationHelper.java:59)
at org.testng.internal.Invoker.invokeConfigurationMethod(Invoker.java:455)
at org.testng.internal.Invoker.invokeConfigurations(Invoker.java:222)
at org.testng.internal.Invoker.invokeConfigurations(Invoker.java:142)
at org.testng.TestRunner.beforeRun(TestRunner.java:529)
at org.testng.TestRunner.run(TestRunner.java:497)
at org.testng.SuiteRunner.runTest(SuiteRunner.java:455)
at org.testng.SuiteRunner.runSequentially(SuiteRunner.java:450)
at org.testng.SuiteRunner.privateRun(SuiteRunner.java:415)
at org.testng.SuiteRunner.run(SuiteRunner.java:364)
at org.testng.SuiteRunnerWorker.runSuite(SuiteRunnerWorker.java:52)
at org.testng.SuiteRunnerWorker.run(SuiteRunnerWorker.java:84)
at org.testng.TestNG.runSuitesSequentially(TestNG.java:1208)
at org.testng.TestNG.runSuitesLocally(TestNG.java:1137)
at org.testng.TestNG.runSuites(TestNG.java:1049)
at org.testng.TestNG.run(TestNG.java:1017)
at org.testng.remote.AbstractRemoteTestNG.run(AbstractRemoteTestNG.java:114)
at org.testng.remote.RemoteTestNG.initAndRun(RemoteTestNG.java:251)
at org.testng.remote.RemoteTestNG.main(RemoteTestNG.java:77)
]]>
            </full-stacktrace>
          </exception> <!-- org.testng.SkipException -->
          <reporter-output>
          </reporter-output>
        </test-method> <!-- checkTestcaseSkip -->
        <test-method status="SKIP" signature="tcSCFunctional([Ljava.lang.String;)[pri:0, instance:com.hasbro.sanity.SanitySuite2018@78ac1102]" name="tcSCFunctional" duration-ms="0" started-at="2018-08-28T11:29:33Z" data-provider="testDataTest" finished-at="2018-08-28T11:29:33Z">
          <exception class="org.testng.SkipException">
            <message>
              <![CDATA[Skipping SanitySuite2018 as runmode is set to no]]>
            </message>
            <full-stacktrace>
              <![CDATA[org.testng.SkipException: Skipping SanitySuite2018 as runmode is set to no
at com.hasbro.sanity.SanitySuite2018.checkTestcaseSkip(SanitySuite2018.java:400)
at sun.reflect.NativeMethodAccessorImpl.invoke0(Native Method)
at sun.reflect.NativeMethodAccessorImpl.invoke(Unknown Source)
at sun.reflect.DelegatingMethodAccessorImpl.invoke(Unknown Source)
at java.lang.reflect.Method.invoke(Unknown Source)
at org.testng.internal.MethodInvocationHelper.invokeMethod(MethodInvocationHelper.java:124)
at org.testng.internal.MethodInvocationHelper.invokeMethodConsideringTimeout(MethodInvocationHelper.java:59)
at org.testng.internal.Invoker.invokeConfigurationMethod(Invoker.java:455)
at org.testng.internal.Invoker.invokeConfigurations(Invoker.java:222)
at org.testng.internal.Invoker.invokeConfigurations(Invoker.java:142)
at org.testng.TestRunner.beforeRun(TestRunner.java:529)
at org.testng.TestRunner.run(TestRunner.java:497)
at org.testng.SuiteRunner.runTest(SuiteRunner.java:455)
at org.testng.SuiteRunner.runSequentially(SuiteRunner.java:450)
at org.testng.SuiteRunner.privateRun(SuiteRunner.java:415)
at org.testng.SuiteRunner.run(SuiteRunner.java:364)
at org.testng.SuiteRunnerWorker.runSuite(SuiteRunnerWorker.java:52)
at org.testng.SuiteRunnerWorker.run(SuiteRunnerWorker.java:84)
at org.testng.TestNG.runSuitesSequentially(TestNG.java:1208)
at org.testng.TestNG.runSuitesLocally(TestNG.java:1137)
at org.testng.TestNG.runSuites(TestNG.java:1049)
at org.testng.TestNG.run(TestNG.java:1017)
at org.testng.remote.AbstractRemoteTestNG.run(AbstractRemoteTestNG.java:114)
at org.testng.remote.RemoteTestNG.initAndRun(RemoteTestNG.java:251)
at org.testng.remote.RemoteTestNG.main(RemoteTestNG.java:77)
]]>
            </full-stacktrace>
          </exception> <!-- org.testng.SkipException -->
          <reporter-output>
          </reporter-output>
        </test-method> <!-- tcSCFunctional -->
        <test-method status="SKIP" signature="reporterdataSetResult()[pri:0, instance:com.hasbro.sanity.SanitySuite2018@78ac1102]" name="reporterdataSetResult" is-config="true" duration-ms="0" started-at="2018-08-28T11:29:33Z" finished-at="2018-08-28T11:29:33Z">
          <reporter-output>
          </reporter-output>
        </test-method> <!-- reporterdataSetResult -->
        <test-method status="SKIP" signature="tcSCFunctional([Ljava.lang.String;)[pri:0, instance:com.hasbro.sanity.SanitySuite2018@78ac1102]" name="tcSCFunctional" duration-ms="0" started-at="2018-08-28T11:29:33Z" data-provider="testDataTest" finished-at="2018-08-28T11:29:33Z">
          <reporter-output>
          </reporter-output>
        </test-method> <!-- tcSCFunctional -->
        <test-method status="SKIP" signature="reporterdataSetResult()[pri:0, instance:com.hasbro.sanity.SanitySuite2018@78ac1102]" name="reporterdataSetResult" is-config="true" duration-ms="0" started-at="2018-08-28T11:29:33Z" finished-at="2018-08-28T11:29:33Z">
          <reporter-output>
          </reporter-output>
        </test-method> <!-- reporterdataSetResult -->
        <test-method status="SKIP" signature="tcSCFunctional([Ljava.lang.String;)[pri:0, instance:com.hasbro.sanity.SanitySuite2018@78ac1102]" name="tcSCFunctional" duration-ms="0" started-at="2018-08-28T11:29:33Z" data-provider="testDataTest" finished-at="2018-08-28T11:29:33Z">
          <reporter-output>
          </reporter-output>
        </test-method> <!-- tcSCFunctional -->
        <test-method status="SKIP" signature="reporterdataSetResult()[pri:0, instance:com.hasbro.sanity.SanitySuite2018@78ac1102]" name="reporterdataSetResult" is-config="true" duration-ms="0" started-at="2018-08-28T11:29:33Z" finished-at="2018-08-28T11:29:33Z">
          <reporter-output>
          </reporter-output>
        </test-method> <!-- reporterdataSetResult -->
        <test-method status="SKIP" signature="tcSCFunctional([Ljava.lang.String;)[pri:0, instance:com.hasbro.sanity.SanitySuite2018@78ac1102]" name="tcSCFunctional" duration-ms="0" started-at="2018-08-28T11:29:33Z" data-provider="testDataTest" finished-at="2018-08-28T11:29:33Z">
          <reporter-output>
          </reporter-output>
        </test-method> <!-- tcSCFunctional -->
        <test-method status="SKIP" signature="reporterdataSetResult()[pri:0, instance:com.hasbro.sanity.SanitySuite2018@78ac1102]" name="reporterdataSetResult" is-config="true" duration-ms="0" started-at="2018-08-28T11:29:33Z" finished-at="2018-08-28T11:29:33Z">
          <reporter-output>
          </reporter-output>
        </test-method> <!-- reporterdataSetResult -->
        <test-method status="SKIP" signature="tcSCFunctional([Ljava.lang.String;)[pri:0, instance:com.hasbro.sanity.SanitySuite2018@78ac1102]" name="tcSCFunctional" duration-ms="0" started-at="2018-08-28T11:29:33Z" data-provider="testDataTest" finished-at="2018-08-28T11:29:33Z">
          <reporter-output>
          </reporter-output>
        </test-method> <!-- tcSCFunctional -->
        <test-method status="SKIP" signature="reporterdataSetResult()[pri:0, instance:com.hasbro.sanity.SanitySuite2018@78ac1102]" name="reporterdataSetResult" is-config="true" duration-ms="0" started-at="2018-08-28T11:29:33Z" finished-at="2018-08-28T11:29:33Z">
          <reporter-output>
          </reporter-output>
        </test-method> <!-- reporterdataSetResult -->
        <test-method status="SKIP" signature="tcSCFunctional([Ljava.lang.String;)[pri:0, instance:com.hasbro.sanity.SanitySuite2018@78ac1102]" name="tcSCFunctional" duration-ms="0" started-at="2018-08-28T11:29:33Z" data-provider="testDataTest" finished-at="2018-08-28T11:29:33Z">
          <reporter-output>
          </reporter-output>
        </test-method> <!-- tcSCFunctional -->
        <test-method status="SKIP" signature="reporterdataSetResult()[pri:0, instance:com.hasbro.sanity.SanitySuite2018@78ac1102]" name="reporterdataSetResult" is-config="true" duration-ms="0" started-at="2018-08-28T11:29:33Z" finished-at="2018-08-28T11:29:33Z">
          <reporter-output>
          </reporter-output>
        </test-method> <!-- reporterdataSetResult -->
        <test-method status="SKIP" signature="tcSCFunctional([Ljava.lang.String;)[pri:0, instance:com.hasbro.sanity.SanitySuite2018@78ac1102]" name="tcSCFunctional" duration-ms="0" started-at="2018-08-28T11:29:33Z" data-provider="testDataTest" finished-at="2018-08-28T11:29:33Z">
          <reporter-output>
          </reporter-output>
        </test-method> <!-- tcSCFunctional -->
        <test-method status="SKIP" signature="reporterdataSetResult()[pri:0, instance:com.hasbro.sanity.SanitySuite2018@78ac1102]" name="reporterdataSetResult" is-config="true" duration-ms="0" started-at="2018-08-28T11:29:33Z" finished-at="2018-08-28T11:29:33Z">
          <reporter-output>
          </reporter-output>
        </test-method> <!-- reporterdataSetResult -->
        <test-method status="SKIP" signature="tcSCFunctional([Ljava.lang.String;)[pri:0, instance:com.hasbro.sanity.SanitySuite2018@78ac1102]" name="tcSCFunctional" duration-ms="0" started-at="2018-08-28T11:29:33Z" data-provider="testDataTest" finished-at="2018-08-28T11:29:33Z">
          <reporter-output>
          </reporter-output>
        </test-method> <!-- tcSCFunctional -->
        <test-method status="SKIP" signature="reporterdataSetResult()[pri:0, instance:com.hasbro.sanity.SanitySuite2018@78ac1102]" name="reporterdataSetResult" is-config="true" duration-ms="0" started-at="2018-08-28T11:29:33Z" finished-at="2018-08-28T11:29:33Z">
          <reporter-output>
          </reporter-output>
        </test-method> <!-- reporterdataSetResult -->
        <test-method status="SKIP" signature="reportTestcaseResult()[pri:0, instance:com.hasbro.sanity.SanitySuite2018@78ac1102]" name="reportTestcaseResult" is-config="true" duration-ms="0" started-at="2018-08-28T11:29:33Z" finished-at="2018-08-28T11:29:33Z">
          <reporter-output>
          </reporter-output>
        </test-method> <!-- reportTestcaseResult -->
      </class> <!-- com.hasbro.sanity.SanitySuite2018 -->
    </test> <!-- SanitySuite2018 -->
    <test name="SanitySuite1" duration-ms="678" started-at="2018-08-28T11:29:33Z" finished-at="2018-08-28T11:29:34Z">
      <class name="com.hasbro.sanity.SanitySuite1">
        <test-method status="SKIP" signature="checkTestcaseSkip()[pri:0, instance:com.hasbro.sanity.SanitySuite1@2f0a87b3]" name="checkTestcaseSkip" is-config="true" duration-ms="2" started-at="2018-08-28T11:29:33Z" finished-at="2018-08-28T11:29:33Z">
          <exception class="org.testng.SkipException">
            <message>
              <![CDATA[Skipping SanitySuite1 as runmode is set to no]]>
            </message>
            <full-stacktrace>
              <![CDATA[org.testng.SkipException: Skipping SanitySuite1 as runmode is set to no
at com.hasbro.sanity.SanitySuite1.checkTestcaseSkip(SanitySuite1.java:17967)
at sun.reflect.NativeMethodAccessorImpl.invoke0(Native Method)
at sun.reflect.NativeMethodAccessorImpl.invoke(Unknown Source)
at sun.reflect.DelegatingMethodAccessorImpl.invoke(Unknown Source)
at java.lang.reflect.Method.invoke(Unknown Source)
at org.testng.internal.MethodInvocationHelper.invokeMethod(MethodInvocationHelper.java:124)
at org.testng.internal.MethodInvocationHelper.invokeMethodConsideringTimeout(MethodInvocationHelper.java:59)
at org.testng.internal.Invoker.invokeConfigurationMethod(Invoker.java:455)
at org.testng.internal.Invoker.invokeConfigurations(Invoker.java:222)
at org.testng.internal.Invoker.invokeConfigurations(Invoker.java:142)
at org.testng.TestRunner.beforeRun(TestRunner.java:529)
at org.testng.TestRunner.run(TestRunner.java:497)
at org.testng.SuiteRunner.runTest(SuiteRunner.java:455)
at org.testng.SuiteRunner.runSequentially(SuiteRunner.java:450)
at org.testng.SuiteRunner.privateRun(SuiteRunner.java:415)
at org.testng.SuiteRunner.run(SuiteRunner.java:364)
at org.testng.SuiteRunnerWorker.runSuite(SuiteRunnerWorker.java:52)
at org.testng.SuiteRunnerWorker.run(SuiteRunnerWorker.java:84)
at org.testng.TestNG.runSuitesSequentially(TestNG.java:1208)
at org.testng.TestNG.runSuitesLocally(TestNG.java:1137)
at org.testng.TestNG.runSuites(TestNG.java:1049)
at org.testng.TestNG.run(TestNG.java:1017)
at org.testng.remote.AbstractRemoteTestNG.run(AbstractRemoteTestNG.java:114)
at org.testng.remote.RemoteTestNG.initAndRun(RemoteTestNG.java:251)
at org.testng.remote.RemoteTestNG.main(RemoteTestNG.java:77)
]]>
            </full-stacktrace>
          </exception> <!-- org.testng.SkipException -->
          <reporter-output>
          </reporter-output>
        </test-method> <!-- checkTestcaseSkip -->
        <test-method status="SKIP" signature="Refresh()[pri:0, instance:com.hasbro.sanity.SanitySuite1@2f0a87b3]" name="Refresh" is-config="true" duration-ms="0" started-at="2018-08-28T11:29:34Z" finished-at="2018-08-28T11:29:34Z">
          <reporter-output>
          </reporter-output>
        </test-method> <!-- Refresh -->
        <test-method status="SKIP" signature="tcSCFunctional([Ljava.lang.String;)[pri:0, instance:com.hasbro.sanity.SanitySuite1@2f0a87b3]" name="tcSCFunctional" duration-ms="0" started-at="2018-08-28T11:29:34Z" data-provider="testDataTest" finished-at="2018-08-28T11:29:34Z">
          <reporter-output>
          </reporter-output>
        </test-method> <!-- tcSCFunctional -->
        <test-method status="SKIP" signature="reporterdataSetResult()[pri:0, instance:com.hasbro.sanity.SanitySuite1@2f0a87b3]" name="reporterdataSetResult" is-config="true" duration-ms="0" started-at="2018-08-28T11:29:34Z" finished-at="2018-08-28T11:29:34Z">
          <reporter-output>
          </reporter-output>
        </test-method> <!-- reporterdataSetResult -->
        <test-method status="SKIP" signature="Refresh()[pri:0, instance:com.hasbro.sanity.SanitySuite1@2f0a87b3]" name="Refresh" is-config="true" duration-ms="0" started-at="2018-08-28T11:29:34Z" finished-at="2018-08-28T11:29:34Z">
          <reporter-output>
          </reporter-output>
        </test-method> <!-- Refresh -->
        <test-method status="SKIP" signature="tcSCFunctional([Ljava.lang.String;)[pri:0, instance:com.hasbro.sanity.SanitySuite1@2f0a87b3]" name="tcSCFunctional" duration-ms="0" started-at="2018-08-28T11:29:34Z" data-provider="testDataTest" finished-at="2018-08-28T11:29:34Z">
          <reporter-output>
          </reporter-output>
        </test-method> <!-- tcSCFunctional -->
        <test-method status="SKIP" signature="reporterdataSetResult()[pri:0, instance:com.hasbro.sanity.SanitySuite1@2f0a87b3]" name="reporterdataSetResult" is-config="true" duration-ms="0" started-at="2018-08-28T11:29:34Z" finished-at="2018-08-28T11:29:34Z">
          <reporter-output>
          </reporter-output>
        </test-method> <!-- reporterdataSetResult -->
        <test-method status="SKIP" signature="Refresh()[pri:0, instance:com.hasbro.sanity.SanitySuite1@2f0a87b3]" name="Refresh" is-config="true" duration-ms="0" started-at="2018-08-28T11:29:34Z" finished-at="2018-08-28T11:29:34Z">
          <reporter-output>
          </reporter-output>
        </test-method> <!-- Refresh -->
        <test-method status="SKIP" signature="tcSCFunctional([Ljava.lang.String;)[pri:0, instance:com.hasbro.sanity.SanitySuite1@2f0a87b3]" name="tcSCFunctional" duration-ms="0" started-at="2018-08-28T11:29:34Z" data-provider="testDataTest" finished-at="2018-08-28T11:29:34Z">
          <reporter-output>
          </reporter-output>
        </test-method> <!-- tcSCFunctional -->
        <test-method status="SKIP" signature="reporterdataSetResult()[pri:0, instance:com.hasbro.sanity.SanitySuite1@2f0a87b3]" name="reporterdataSetResult" is-config="true" duration-ms="0" started-at="2018-08-28T11:29:34Z" finished-at="2018-08-28T11:29:34Z">
          <reporter-output>
          </reporter-output>
        </test-method> <!-- reporterdataSetResult -->
        <test-method status="SKIP" signature="Refresh()[pri:0, instance:com.hasbro.sanity.SanitySuite1@2f0a87b3]" name="Refresh" is-config="true" duration-ms="0" started-at="2018-08-28T11:29:34Z" finished-at="2018-08-28T11:29:34Z">
          <reporter-output>
          </reporter-output>
        </test-method> <!-- Refresh -->
        <test-method status="SKIP" signature="tcSCFunctional([Ljava.lang.String;)[pri:0, instance:com.hasbro.sanity.SanitySuite1@2f0a87b3]" name="tcSCFunctional" duration-ms="0" started-at="2018-08-28T11:29:34Z" data-provider="testDataTest" finished-at="2018-08-28T11:29:34Z">
          <reporter-output>
          </reporter-output>
        </test-method> <!-- tcSCFunctional -->
        <test-method status="SKIP" signature="reporterdataSetResult()[pri:0, instance:com.hasbro.sanity.SanitySuite1@2f0a87b3]" name="reporterdataSetResult" is-config="true" duration-ms="0" started-at="2018-08-28T11:29:34Z" finished-at="2018-08-28T11:29:34Z">
          <reporter-output>
          </reporter-output>
        </test-method> <!-- reporterdataSetResult -->
        <test-method status="SKIP" signature="Refresh()[pri:0, instance:com.hasbro.sanity.SanitySuite1@2f0a87b3]" name="Refresh" is-config="true" duration-ms="0" started-at="2018-08-28T11:29:34Z" finished-at="2018-08-28T11:29:34Z">
          <reporter-output>
          </reporter-output>
        </test-method> <!-- Refresh -->
        <test-method status="SKIP" signature="tcSCFunctional([Ljava.lang.String;)[pri:0, instance:com.hasbro.sanity.SanitySuite1@2f0a87b3]" name="tcSCFunctional" duration-ms="0" started-at="2018-08-28T11:29:34Z" data-provider="testDataTest" finished-at="2018-08-28T11:29:34Z">
          <reporter-output>
          </reporter-output>
        </test-method> <!-- tcSCFunctional -->
        <test-method status="SKIP" signature="reporterdataSetResult()[pri:0, instance:com.hasbro.sanity.SanitySuite1@2f0a87b3]" name="reporterdataSetResult" is-config="true" duration-ms="0" started-at="2018-08-28T11:29:34Z" finished-at="2018-08-28T11:29:34Z">
          <reporter-output>
          </reporter-output>
        </test-method> <!-- reporterdataSetResult -->
        <test-method status="SKIP" signature="Refresh()[pri:0, instance:com.hasbro.sanity.SanitySuite1@2f0a87b3]" name="Refresh" is-config="true" duration-ms="0" started-at="2018-08-28T11:29:34Z" finished-at="2018-08-28T11:29:34Z">
          <reporter-output>
          </reporter-output>
        </test-method> <!-- Refresh -->
        <test-method status="SKIP" signature="tcSCFunctional([Ljava.lang.String;)[pri:0, instance:com.hasbro.sanity.SanitySuite1@2f0a87b3]" name="tcSCFunctional" duration-ms="0" started-at="2018-08-28T11:29:34Z" data-provider="testDataTest" finished-at="2018-08-28T11:29:34Z">
          <reporter-output>
          </reporter-output>
        </test-method> <!-- tcSCFunctional -->
        <test-method status="SKIP" signature="reporterdataSetResult()[pri:0, instance:com.hasbro.sanity.SanitySuite1@2f0a87b3]" name="reporterdataSetResult" is-config="true" duration-ms="0" started-at="2018-08-28T11:29:34Z" finished-at="2018-08-28T11:29:34Z">
          <reporter-output>
          </reporter-output>
        </test-method> <!-- reporterdataSetResult -->
        <test-method status="SKIP" signature="Refresh()[pri:0, instance:com.hasbro.sanity.SanitySuite1@2f0a87b3]" name="Refresh" is-config="true" duration-ms="0" started-at="2018-08-28T11:29:34Z" finished-at="2018-08-28T11:29:34Z">
          <reporter-output>
          </reporter-output>
        </test-method> <!-- Refresh -->
        <test-method status="SKIP" signature="tcSCFunctional([Ljava.lang.String;)[pri:0, instance:com.hasbro.sanity.SanitySuite1@2f0a87b3]" name="tcSCFunctional" duration-ms="0" started-at="2018-08-28T11:29:34Z" data-provider="testDataTest" finished-at="2018-08-28T11:29:34Z">
          <reporter-output>
          </reporter-output>
        </test-method> <!-- tcSCFunctional -->
        <test-method status="SKIP" signature="reporterdataSetResult()[pri:0, instance:com.hasbro.sanity.SanitySuite1@2f0a87b3]" name="reporterdataSetResult" is-config="true" duration-ms="0" started-at="2018-08-28T11:29:34Z" finished-at="2018-08-28T11:29:34Z">
          <reporter-output>
          </reporter-output>
        </test-method> <!-- reporterdataSetResult -->
        <test-method status="SKIP" signature="Refresh()[pri:0, instance:com.hasbro.sanity.SanitySuite1@2f0a87b3]" name="Refresh" is-config="true" duration-ms="0" started-at="2018-08-28T11:29:34Z" finished-at="2018-08-28T11:29:34Z">
          <reporter-output>
          </reporter-output>
        </test-method> <!-- Refresh -->
        <test-method status="SKIP" signature="tcSCFunctional([Ljava.lang.String;)[pri:0, instance:com.hasbro.sanity.SanitySuite1@2f0a87b3]" name="tcSCFunctional" duration-ms="0" started-at="2018-08-28T11:29:34Z" data-provider="testDataTest" finished-at="2018-08-28T11:29:34Z">
          <reporter-output>
          </reporter-output>
        </test-method> <!-- tcSCFunctional -->
        <test-method status="SKIP" signature="reporterdataSetResult()[pri:0, instance:com.hasbro.sanity.SanitySuite1@2f0a87b3]" name="reporterdataSetResult" is-config="true" duration-ms="0" started-at="2018-08-28T11:29:34Z" finished-at="2018-08-28T11:29:34Z">
          <reporter-output>
          </reporter-output>
        </test-method> <!-- reporterdataSetResult -->
        <test-method status="SKIP" signature="Refresh()[pri:0, instance:com.hasbro.sanity.SanitySuite1@2f0a87b3]" name="Refresh" is-config="true" duration-ms="0" started-at="2018-08-28T11:29:34Z" finished-at="2018-08-28T11:29:34Z">
          <reporter-output>
          </reporter-output>
        </test-method> <!-- Refresh -->
        <test-method status="SKIP" signature="tcSCFunctional([Ljava.lang.String;)[pri:0, instance:com.hasbro.sanity.SanitySuite1@2f0a87b3]" name="tcSCFunctional" duration-ms="0" started-at="2018-08-28T11:29:34Z" data-provider="testDataTest" finished-at="2018-08-28T11:29:34Z">
          <reporter-output>
          </reporter-output>
        </test-method> <!-- tcSCFunctional -->
        <test-method status="SKIP" signature="reporterdataSetResult()[pri:0, instance:com.hasbro.sanity.SanitySuite1@2f0a87b3]" name="reporterdataSetResult" is-config="true" duration-ms="0" started-at="2018-08-28T11:29:34Z" finished-at="2018-08-28T11:29:34Z">
          <reporter-output>
          </reporter-output>
        </test-method> <!-- reporterdataSetResult -->
        <test-method status="SKIP" signature="Refresh()[pri:0, instance:com.hasbro.sanity.SanitySuite1@2f0a87b3]" name="Refresh" is-config="true" duration-ms="0" started-at="2018-08-28T11:29:34Z" finished-at="2018-08-28T11:29:34Z">
          <reporter-output>
          </reporter-output>
        </test-method> <!-- Refresh -->
        <test-method status="SKIP" signature="tcSCFunctional([Ljava.lang.String;)[pri:0, instance:com.hasbro.sanity.SanitySuite1@2f0a87b3]" name="tcSCFunctional" duration-ms="0" started-at="2018-08-28T11:29:34Z" data-provider="testDataTest" finished-at="2018-08-28T11:29:34Z">
          <reporter-output>
          </reporter-output>
        </test-method> <!-- tcSCFunctional -->
        <test-method status="SKIP" signature="reporterdataSetResult()[pri:0, instance:com.hasbro.sanity.SanitySuite1@2f0a87b3]" name="reporterdataSetResult" is-config="true" duration-ms="0" started-at="2018-08-28T11:29:34Z" finished-at="2018-08-28T11:29:34Z">
          <reporter-output>
          </reporter-output>
        </test-method> <!-- reporterdataSetResult -->
        <test-method status="SKIP" signature="Refresh()[pri:0, instance:com.hasbro.sanity.SanitySuite1@2f0a87b3]" name="Refresh" is-config="true" duration-ms="0" started-at="2018-08-28T11:29:34Z" finished-at="2018-08-28T11:29:34Z">
          <reporter-output>
          </reporter-output>
        </test-method> <!-- Refresh -->
        <test-method status="SKIP" signature="tcSCFunctional([Ljava.lang.String;)[pri:0, instance:com.hasbro.sanity.SanitySuite1@2f0a87b3]" name="tcSCFunctional" duration-ms="0" started-at="2018-08-28T11:29:34Z" data-provider="testDataTest" finished-at="2018-08-28T11:29:34Z">
          <reporter-output>
          </reporter-output>
        </test-method> <!-- tcSCFunctional -->
        <test-method status="SKIP" signature="reporterdataSetResult()[pri:0, instance:com.hasbro.sanity.SanitySuite1@2f0a87b3]" name="reporterdataSetResult" is-config="true" duration-ms="0" started-at="2018-08-28T11:29:34Z" finished-at="2018-08-28T11:29:34Z">
          <reporter-output>
          </reporter-output>
        </test-method> <!-- reporterdataSetResult -->
        <test-method status="SKIP" signature="Refresh()[pri:0, instance:com.hasbro.sanity.SanitySuite1@2f0a87b3]" name="Refresh" is-config="true" duration-ms="0" started-at="2018-08-28T11:29:34Z" finished-at="2018-08-28T11:29:34Z">
          <reporter-output>
          </reporter-output>
        </test-method> <!-- Refresh -->
        <test-method status="SKIP" signature="tcSCFunctional([Ljava.lang.String;)[pri:0, instance:com.hasbro.sanity.SanitySuite1@2f0a87b3]" name="tcSCFunctional" duration-ms="0" started-at="2018-08-28T11:29:34Z" data-provider="testDataTest" finished-at="2018-08-28T11:29:34Z">
          <reporter-output>
          </reporter-output>
        </test-method> <!-- tcSCFunctional -->
        <test-method status="SKIP" signature="reporterdataSetResult()[pri:0, instance:com.hasbro.sanity.SanitySuite1@2f0a87b3]" name="reporterdataSetResult" is-config="true" duration-ms="0" started-at="2018-08-28T11:29:34Z" finished-at="2018-08-28T11:29:34Z">
          <reporter-output>
          </reporter-output>
        </test-method> <!-- reporterdataSetResult -->
        <test-method status="SKIP" signature="Refresh()[pri:0, instance:com.hasbro.sanity.SanitySuite1@2f0a87b3]" name="Refresh" is-config="true" duration-ms="0" started-at="2018-08-28T11:29:34Z" finished-at="2018-08-28T11:29:34Z">
          <reporter-output>
          </reporter-output>
        </test-method> <!-- Refresh -->
        <test-method status="SKIP" signature="tcSCFunctional([Ljava.lang.String;)[pri:0, instance:com.hasbro.sanity.SanitySuite1@2f0a87b3]" name="tcSCFunctional" duration-ms="0" started-at="2018-08-28T11:29:34Z" data-provider="testDataTest" finished-at="2018-08-28T11:29:34Z">
          <reporter-output>
          </reporter-output>
        </test-method> <!-- tcSCFunctional -->
        <test-method status="SKIP" signature="reporterdataSetResult()[pri:0, instance:com.hasbro.sanity.SanitySuite1@2f0a87b3]" name="reporterdataSetResult" is-config="true" duration-ms="0" started-at="2018-08-28T11:29:34Z" finished-at="2018-08-28T11:29:34Z">
          <reporter-output>
          </reporter-output>
        </test-method> <!-- reporterdataSetResult -->
        <test-method status="SKIP" signature="Refresh()[pri:0, instance:com.hasbro.sanity.SanitySuite1@2f0a87b3]" name="Refresh" is-config="true" duration-ms="0" started-at="2018-08-28T11:29:34Z" finished-at="2018-08-28T11:29:34Z">
          <reporter-output>
          </reporter-output>
        </test-method> <!-- Refresh -->
        <test-method status="SKIP" signature="tcSCFunctional([Ljava.lang.String;)[pri:0, instance:com.hasbro.sanity.SanitySuite1@2f0a87b3]" name="tcSCFunctional" duration-ms="0" started-at="2018-08-28T11:29:34Z" data-provider="testDataTest" finished-at="2018-08-28T11:29:34Z">
          <reporter-output>
          </reporter-output>
        </test-method> <!-- tcSCFunctional -->
        <test-method status="SKIP" signature="reporterdataSetResult()[pri:0, instance:com.hasbro.sanity.SanitySuite1@2f0a87b3]" name="reporterdataSetResult" is-config="true" duration-ms="0" started-at="2018-08-28T11:29:34Z" finished-at="2018-08-28T11:29:34Z">
          <reporter-output>
          </reporter-output>
        </test-method> <!-- reporterdataSetResult -->
        <test-method status="SKIP" signature="Refresh()[pri:0, instance:com.hasbro.sanity.SanitySuite1@2f0a87b3]" name="Refresh" is-config="true" duration-ms="0" started-at="2018-08-28T11:29:34Z" finished-at="2018-08-28T11:29:34Z">
          <reporter-output>
          </reporter-output>
        </test-method> <!-- Refresh -->
        <test-method status="SKIP" signature="tcSCFunctional([Ljava.lang.String;)[pri:0, instance:com.hasbro.sanity.SanitySuite1@2f0a87b3]" name="tcSCFunctional" duration-ms="0" started-at="2018-08-28T11:29:34Z" data-provider="testDataTest" finished-at="2018-08-28T11:29:34Z">
          <reporter-output>
          </reporter-output>
        </test-method> <!-- tcSCFunctional -->
        <test-method status="SKIP" signature="reporterdataSetResult()[pri:0, instance:com.hasbro.sanity.SanitySuite1@2f0a87b3]" name="reporterdataSetResult" is-config="true" duration-ms="0" started-at="2018-08-28T11:29:34Z" finished-at="2018-08-28T11:29:34Z">
          <reporter-output>
          </reporter-output>
        </test-method> <!-- reporterdataSetResult -->
        <test-method status="SKIP" signature="Refresh()[pri:0, instance:com.hasbro.sanity.SanitySuite1@2f0a87b3]" name="Refresh" is-config="true" duration-ms="0" started-at="2018-08-28T11:29:34Z" finished-at="2018-08-28T11:29:34Z">
          <reporter-output>
          </reporter-output>
        </test-method> <!-- Refresh -->
        <test-method status="SKIP" signature="tcSCFunctional([Ljava.lang.String;)[pri:0, instance:com.hasbro.sanity.SanitySuite1@2f0a87b3]" name="tcSCFunctional" duration-ms="0" started-at="2018-08-28T11:29:34Z" data-provider="testDataTest" finished-at="2018-08-28T11:29:34Z">
          <reporter-output>
          </reporter-output>
        </test-method> <!-- tcSCFunctional -->
        <test-method status="SKIP" signature="reporterdataSetResult()[pri:0, instance:com.hasbro.sanity.SanitySuite1@2f0a87b3]" name="reporterdataSetResult" is-config="true" duration-ms="0" started-at="2018-08-28T11:29:34Z" finished-at="2018-08-28T11:29:34Z">
          <reporter-output>
          </reporter-output>
        </test-method> <!-- reporterdataSetResult -->
        <test-method status="SKIP" signature="Refresh()[pri:0, instance:com.hasbro.sanity.SanitySuite1@2f0a87b3]" name="Refresh" is-config="true" duration-ms="0" started-at="2018-08-28T11:29:34Z" finished-at="2018-08-28T11:29:34Z">
          <reporter-output>
          </reporter-output>
        </test-method> <!-- Refresh -->
        <test-method status="SKIP" signature="tcSCFunctional([Ljava.lang.String;)[pri:0, instance:com.hasbro.sanity.SanitySuite1@2f0a87b3]" name="tcSCFunctional" duration-ms="0" started-at="2018-08-28T11:29:34Z" data-provider="testDataTest" finished-at="2018-08-28T11:29:34Z">
          <reporter-output>
          </reporter-output>
        </test-method> <!-- tcSCFunctional -->
        <test-method status="SKIP" signature="reporterdataSetResult()[pri:0, instance:com.hasbro.sanity.SanitySuite1@2f0a87b3]" name="reporterdataSetResult" is-config="true" duration-ms="0" started-at="2018-08-28T11:29:34Z" finished-at="2018-08-28T11:29:34Z">
          <reporter-output>
          </reporter-output>
        </test-method> <!-- reporterdataSetResult -->
        <test-method status="SKIP" signature="Refresh()[pri:0, instance:com.hasbro.sanity.SanitySuite1@2f0a87b3]" name="Refresh" is-config="true" duration-ms="0" started-at="2018-08-28T11:29:34Z" finished-at="2018-08-28T11:29:34Z">
          <reporter-output>
          </reporter-output>
        </test-method> <!-- Refresh -->
        <test-method status="SKIP" signature="tcSCFunctional([Ljava.lang.String;)[pri:0, instance:com.hasbro.sanity.SanitySuite1@2f0a87b3]" name="tcSCFunctional" duration-ms="0" started-at="2018-08-28T11:29:34Z" data-provider="testDataTest" finished-at="2018-08-28T11:29:34Z">
          <reporter-output>
          </reporter-output>
        </test-method> <!-- tcSCFunctional -->
        <test-method status="SKIP" signature="reporterdataSetResult()[pri:0, instance:com.hasbro.sanity.SanitySuite1@2f0a87b3]" name="reporterdataSetResult" is-config="true" duration-ms="0" started-at="2018-08-28T11:29:34Z" finished-at="2018-08-28T11:29:34Z">
          <reporter-output>
          </reporter-output>
        </test-method> <!-- reporterdataSetResult -->
        <test-method status="SKIP" signature="Refresh()[pri:0, instance:com.hasbro.sanity.SanitySuite1@2f0a87b3]" name="Refresh" is-config="true" duration-ms="0" started-at="2018-08-28T11:29:34Z" finished-at="2018-08-28T11:29:34Z">
          <reporter-output>
          </reporter-output>
        </test-method> <!-- Refresh -->
        <test-method status="SKIP" signature="tcSCFunctional([Ljava.lang.String;)[pri:0, instance:com.hasbro.sanity.SanitySuite1@2f0a87b3]" name="tcSCFunctional" duration-ms="0" started-at="2018-08-28T11:29:34Z" data-provider="testDataTest" finished-at="2018-08-28T11:29:34Z">
          <reporter-output>
          </reporter-output>
        </test-method> <!-- tcSCFunctional -->
        <test-method status="SKIP" signature="reporterdataSetResult()[pri:0, instance:com.hasbro.sanity.SanitySuite1@2f0a87b3]" name="reporterdataSetResult" is-config="true" duration-ms="0" started-at="2018-08-28T11:29:34Z" finished-at="2018-08-28T11:29:34Z">
          <reporter-output>
          </reporter-output>
        </test-method> <!-- reporterdataSetResult -->
        <test-method status="SKIP" signature="Refresh()[pri:0, instance:com.hasbro.sanity.SanitySuite1@2f0a87b3]" name="Refresh" is-config="true" duration-ms="0" started-at="2018-08-28T11:29:34Z" finished-at="2018-08-28T11:29:34Z">
          <reporter-output>
          </reporter-output>
        </test-method> <!-- Refresh -->
        <test-method status="SKIP" signature="tcSCFunctional([Ljava.lang.String;)[pri:0, instance:com.hasbro.sanity.SanitySuite1@2f0a87b3]" name="tcSCFunctional" duration-ms="0" started-at="2018-08-28T11:29:34Z" data-provider="testDataTest" finished-at="2018-08-28T11:29:34Z">
          <reporter-output>
          </reporter-output>
        </test-method> <!-- tcSCFunctional -->
        <test-method status="SKIP" signature="reporterdataSetResult()[pri:0, instance:com.hasbro.sanity.SanitySuite1@2f0a87b3]" name="reporterdataSetResult" is-config="true" duration-ms="0" started-at="2018-08-28T11:29:34Z" finished-at="2018-08-28T11:29:34Z">
          <reporter-output>
          </reporter-output>
        </test-method> <!-- reporterdataSetResult -->
        <test-method status="SKIP" signature="Refresh()[pri:0, instance:com.hasbro.sanity.SanitySuite1@2f0a87b3]" name="Refresh" is-config="true" duration-ms="0" started-at="2018-08-28T11:29:34Z" finished-at="2018-08-28T11:29:34Z">
          <reporter-output>
          </reporter-output>
        </test-method> <!-- Refresh -->
        <test-method status="SKIP" signature="tcSCFunctional([Ljava.lang.String;)[pri:0, instance:com.hasbro.sanity.SanitySuite1@2f0a87b3]" name="tcSCFunctional" duration-ms="0" started-at="2018-08-28T11:29:34Z" data-provider="testDataTest" finished-at="2018-08-28T11:29:34Z">
          <reporter-output>
          </reporter-output>
        </test-method> <!-- tcSCFunctional -->
        <test-method status="SKIP" signature="reporterdataSetResult()[pri:0, instance:com.hasbro.sanity.SanitySuite1@2f0a87b3]" name="reporterdataSetResult" is-config="true" duration-ms="0" started-at="2018-08-28T11:29:34Z" finished-at="2018-08-28T11:29:34Z">
          <reporter-output>
          </reporter-output>
        </test-method> <!-- reporterdataSetResult -->
        <test-method status="SKIP" signature="Refresh()[pri:0, instance:com.hasbro.sanity.SanitySuite1@2f0a87b3]" name="Refresh" is-config="true" duration-ms="0" started-at="2018-08-28T11:29:34Z" finished-at="2018-08-28T11:29:34Z">
          <reporter-output>
          </reporter-output>
        </test-method> <!-- Refresh -->
        <test-method status="SKIP" signature="tcSCFunctional([Ljava.lang.String;)[pri:0, instance:com.hasbro.sanity.SanitySuite1@2f0a87b3]" name="tcSCFunctional" duration-ms="0" started-at="2018-08-28T11:29:34Z" data-provider="testDataTest" finished-at="2018-08-28T11:29:34Z">
          <reporter-output>
          </reporter-output>
        </test-method> <!-- tcSCFunctional -->
        <test-method status="SKIP" signature="reporterdataSetResult()[pri:0, instance:com.hasbro.sanity.SanitySuite1@2f0a87b3]" name="reporterdataSetResult" is-config="true" duration-ms="0" started-at="2018-08-28T11:29:34Z" finished-at="2018-08-28T11:29:34Z">
          <reporter-output>
          </reporter-output>
        </test-method> <!-- reporterdataSetResult -->
        <test-method status="SKIP" signature="Refresh()[pri:0, instance:com.hasbro.sanity.SanitySuite1@2f0a87b3]" name="Refresh" is-config="true" duration-ms="0" started-at="2018-08-28T11:29:34Z" finished-at="2018-08-28T11:29:34Z">
          <reporter-output>
          </reporter-output>
        </test-method> <!-- Refresh -->
        <test-method status="SKIP" signature="tcSCFunctional([Ljava.lang.String;)[pri:0, instance:com.hasbro.sanity.SanitySuite1@2f0a87b3]" name="tcSCFunctional" duration-ms="0" started-at="2018-08-28T11:29:34Z" data-provider="testDataTest" finished-at="2018-08-28T11:29:34Z">
          <reporter-output>
          </reporter-output>
        </test-method> <!-- tcSCFunctional -->
        <test-method status="SKIP" signature="reporterdataSetResult()[pri:0, instance:com.hasbro.sanity.SanitySuite1@2f0a87b3]" name="reporterdataSetResult" is-config="true" duration-ms="0" started-at="2018-08-28T11:29:34Z" finished-at="2018-08-28T11:29:34Z">
          <reporter-output>
          </reporter-output>
        </test-method> <!-- reporterdataSetResult -->
        <test-method status="SKIP" signature="Refresh()[pri:0, instance:com.hasbro.sanity.SanitySuite1@2f0a87b3]" name="Refresh" is-config="true" duration-ms="0" started-at="2018-08-28T11:29:34Z" finished-at="2018-08-28T11:29:34Z">
          <reporter-output>
          </reporter-output>
        </test-method> <!-- Refresh -->
        <test-method status="SKIP" signature="tcSCFunctional([Ljava.lang.String;)[pri:0, instance:com.hasbro.sanity.SanitySuite1@2f0a87b3]" name="tcSCFunctional" duration-ms="0" started-at="2018-08-28T11:29:34Z" data-provider="testDataTest" finished-at="2018-08-28T11:29:34Z">
          <reporter-output>
          </reporter-output>
        </test-method> <!-- tcSCFunctional -->
        <test-method status="SKIP" signature="reporterdataSetResult()[pri:0, instance:com.hasbro.sanity.SanitySuite1@2f0a87b3]" name="reporterdataSetResult" is-config="true" duration-ms="0" started-at="2018-08-28T11:29:34Z" finished-at="2018-08-28T11:29:34Z">
          <reporter-output>
          </reporter-output>
        </test-method> <!-- reporterdataSetResult -->
        <test-method status="SKIP" signature="Refresh()[pri:0, instance:com.hasbro.sanity.SanitySuite1@2f0a87b3]" name="Refresh" is-config="true" duration-ms="0" started-at="2018-08-28T11:29:34Z" finished-at="2018-08-28T11:29:34Z">
          <reporter-output>
          </reporter-output>
        </test-method> <!-- Refresh -->
        <test-method status="SKIP" signature="tcSCFunctional([Ljava.lang.String;)[pri:0, instance:com.hasbro.sanity.SanitySuite1@2f0a87b3]" name="tcSCFunctional" duration-ms="0" started-at="2018-08-28T11:29:34Z" data-provider="testDataTest" finished-at="2018-08-28T11:29:34Z">
          <reporter-output>
          </reporter-output>
        </test-method> <!-- tcSCFunctional -->
        <test-method status="SKIP" signature="reporterdataSetResult()[pri:0, instance:com.hasbro.sanity.SanitySuite1@2f0a87b3]" name="reporterdataSetResult" is-config="true" duration-ms="0" started-at="2018-08-28T11:29:34Z" finished-at="2018-08-28T11:29:34Z">
          <reporter-output>
          </reporter-output>
        </test-method> <!-- reporterdataSetResult -->
        <test-method status="SKIP" signature="Refresh()[pri:0, instance:com.hasbro.sanity.SanitySuite1@2f0a87b3]" name="Refresh" is-config="true" duration-ms="0" started-at="2018-08-28T11:29:34Z" finished-at="2018-08-28T11:29:34Z">
          <reporter-output>
          </reporter-output>
        </test-method> <!-- Refresh -->
        <test-method status="SKIP" signature="tcSCFunctional([Ljava.lang.String;)[pri:0, instance:com.hasbro.sanity.SanitySuite1@2f0a87b3]" name="tcSCFunctional" duration-ms="0" started-at="2018-08-28T11:29:34Z" data-provider="testDataTest" finished-at="2018-08-28T11:29:34Z">
          <reporter-output>
          </reporter-output>
        </test-method> <!-- tcSCFunctional -->
        <test-method status="SKIP" signature="reporterdataSetResult()[pri:0, instance:com.hasbro.sanity.SanitySuite1@2f0a87b3]" name="reporterdataSetResult" is-config="true" duration-ms="0" started-at="2018-08-28T11:29:34Z" finished-at="2018-08-28T11:29:34Z">
          <reporter-output>
          </reporter-output>
        </test-method> <!-- reporterdataSetResult -->
        <test-method status="SKIP" signature="Refresh()[pri:0, instance:com.hasbro.sanity.SanitySuite1@2f0a87b3]" name="Refresh" is-config="true" duration-ms="0" started-at="2018-08-28T11:29:34Z" finished-at="2018-08-28T11:29:34Z">
          <reporter-output>
          </reporter-output>
        </test-method> <!-- Refresh -->
        <test-method status="SKIP" signature="tcSCFunctional([Ljava.lang.String;)[pri:0, instance:com.hasbro.sanity.SanitySuite1@2f0a87b3]" name="tcSCFunctional" duration-ms="0" started-at="2018-08-28T11:29:34Z" data-provider="testDataTest" finished-at="2018-08-28T11:29:34Z">
          <reporter-output>
          </reporter-output>
        </test-method> <!-- tcSCFunctional -->
        <test-method status="SKIP" signature="reporterdataSetResult()[pri:0, instance:com.hasbro.sanity.SanitySuite1@2f0a87b3]" name="reporterdataSetResult" is-config="true" duration-ms="0" started-at="2018-08-28T11:29:34Z" finished-at="2018-08-28T11:29:34Z">
          <reporter-output>
          </reporter-output>
        </test-method> <!-- reporterdataSetResult -->
        <test-method status="SKIP" signature="Refresh()[pri:0, instance:com.hasbro.sanity.SanitySuite1@2f0a87b3]" name="Refresh" is-config="true" duration-ms="0" started-at="2018-08-28T11:29:34Z" finished-at="2018-08-28T11:29:34Z">
          <reporter-output>
          </reporter-output>
        </test-method> <!-- Refresh -->
        <test-method status="SKIP" signature="tcSCFunctional([Ljava.lang.String;)[pri:0, instance:com.hasbro.sanity.SanitySuite1@2f0a87b3]" name="tcSCFunctional" duration-ms="0" started-at="2018-08-28T11:29:34Z" data-provider="testDataTest" finished-at="2018-08-28T11:29:34Z">
          <reporter-output>
          </reporter-output>
        </test-method> <!-- tcSCFunctional -->
        <test-method status="SKIP" signature="reporterdataSetResult()[pri:0, instance:com.hasbro.sanity.SanitySuite1@2f0a87b3]" name="reporterdataSetResult" is-config="true" duration-ms="0" started-at="2018-08-28T11:29:34Z" finished-at="2018-08-28T11:29:34Z">
          <reporter-output>
          </reporter-output>
        </test-method> <!-- reporterdataSetResult -->
        <test-method status="SKIP" signature="Refresh()[pri:0, instance:com.hasbro.sanity.SanitySuite1@2f0a87b3]" name="Refresh" is-config="true" duration-ms="0" started-at="2018-08-28T11:29:34Z" finished-at="2018-08-28T11:29:34Z">
          <reporter-output>
          </reporter-output>
        </test-method> <!-- Refresh -->
        <test-method status="SKIP" signature="tcSCFunctional([Ljava.lang.String;)[pri:0, instance:com.hasbro.sanity.SanitySuite1@2f0a87b3]" name="tcSCFunctional" duration-ms="0" started-at="2018-08-28T11:29:34Z" data-provider="testDataTest" finished-at="2018-08-28T11:29:34Z">
          <reporter-output>
          </reporter-output>
        </test-method> <!-- tcSCFunctional -->
        <test-method status="SKIP" signature="reporterdataSetResult()[pri:0, instance:com.hasbro.sanity.SanitySuite1@2f0a87b3]" name="reporterdataSetResult" is-config="true" duration-ms="0" started-at="2018-08-28T11:29:34Z" finished-at="2018-08-28T11:29:34Z">
          <reporter-output>
          </reporter-output>
        </test-method> <!-- reporterdataSetResult -->
        <test-method status="SKIP" signature="Refresh()[pri:0, instance:com.hasbro.sanity.SanitySuite1@2f0a87b3]" name="Refresh" is-config="true" duration-ms="0" started-at="2018-08-28T11:29:34Z" finished-at="2018-08-28T11:29:34Z">
          <reporter-output>
          </reporter-output>
        </test-method> <!-- Refresh -->
        <test-method status="SKIP" signature="tcSCFunctional([Ljava.lang.String;)[pri:0, instance:com.hasbro.sanity.SanitySuite1@2f0a87b3]" name="tcSCFunctional" duration-ms="0" started-at="2018-08-28T11:29:34Z" data-provider="testDataTest" finished-at="2018-08-28T11:29:34Z">
          <reporter-output>
          </reporter-output>
        </test-method> <!-- tcSCFunctional -->
        <test-method status="SKIP" signature="reporterdataSetResult()[pri:0, instance:com.hasbro.sanity.SanitySuite1@2f0a87b3]" name="reporterdataSetResult" is-config="true" duration-ms="0" started-at="2018-08-28T11:29:34Z" finished-at="2018-08-28T11:29:34Z">
          <reporter-output>
          </reporter-output>
        </test-method> <!-- reporterdataSetResult -->
        <test-method status="SKIP" signature="Refresh()[pri:0, instance:com.hasbro.sanity.SanitySuite1@2f0a87b3]" name="Refresh" is-config="true" duration-ms="0" started-at="2018-08-28T11:29:34Z" finished-at="2018-08-28T11:29:34Z">
          <reporter-output>
          </reporter-output>
        </test-method> <!-- Refresh -->
        <test-method status="SKIP" signature="tcSCFunctional([Ljava.lang.String;)[pri:0, instance:com.hasbro.sanity.SanitySuite1@2f0a87b3]" name="tcSCFunctional" duration-ms="0" started-at="2018-08-28T11:29:34Z" data-provider="testDataTest" finished-at="2018-08-28T11:29:34Z">
          <reporter-output>
          </reporter-output>
        </test-method> <!-- tcSCFunctional -->
        <test-method status="SKIP" signature="reporterdataSetResult()[pri:0, instance:com.hasbro.sanity.SanitySuite1@2f0a87b3]" name="reporterdataSetResult" is-config="true" duration-ms="0" started-at="2018-08-28T11:29:34Z" finished-at="2018-08-28T11:29:34Z">
          <reporter-output>
          </reporter-output>
        </test-method> <!-- reporterdataSetResult -->
        <test-method status="SKIP" signature="Refresh()[pri:0, instance:com.hasbro.sanity.SanitySuite1@2f0a87b3]" name="Refresh" is-config="true" duration-ms="0" started-at="2018-08-28T11:29:34Z" finished-at="2018-08-28T11:29:34Z">
          <reporter-output>
          </reporter-output>
        </test-method> <!-- Refresh -->
        <test-method status="SKIP" signature="tcSCFunctional([Ljava.lang.String;)[pri:0, instance:com.hasbro.sanity.SanitySuite1@2f0a87b3]" name="tcSCFunctional" duration-ms="0" started-at="2018-08-28T11:29:34Z" data-provider="testDataTest" finished-at="2018-08-28T11:29:34Z">
          <reporter-output>
          </reporter-output>
        </test-method> <!-- tcSCFunctional -->
        <test-method status="SKIP" signature="reporterdataSetResult()[pri:0, instance:com.hasbro.sanity.SanitySuite1@2f0a87b3]" name="reporterdataSetResult" is-config="true" duration-ms="0" started-at="2018-08-28T11:29:34Z" finished-at="2018-08-28T11:29:34Z">
          <reporter-output>
          </reporter-output>
        </test-method> <!-- reporterdataSetResult -->
        <test-method status="SKIP" signature="Refresh()[pri:0, instance:com.hasbro.sanity.SanitySuite1@2f0a87b3]" name="Refresh" is-config="true" duration-ms="0" started-at="2018-08-28T11:29:34Z" finished-at="2018-08-28T11:29:34Z">
          <reporter-output>
          </reporter-output>
        </test-method> <!-- Refresh -->
        <test-method status="SKIP" signature="tcSCFunctional([Ljava.lang.String;)[pri:0, instance:com.hasbro.sanity.SanitySuite1@2f0a87b3]" name="tcSCFunctional" duration-ms="0" started-at="2018-08-28T11:29:34Z" data-provider="testDataTest" finished-at="2018-08-28T11:29:34Z">
          <reporter-output>
          </reporter-output>
        </test-method> <!-- tcSCFunctional -->
        <test-method status="SKIP" signature="reporterdataSetResult()[pri:0, instance:com.hasbro.sanity.SanitySuite1@2f0a87b3]" name="reporterdataSetResult" is-config="true" duration-ms="0" started-at="2018-08-28T11:29:34Z" finished-at="2018-08-28T11:29:34Z">
          <reporter-output>
          </reporter-output>
        </test-method> <!-- reporterdataSetResult -->
        <test-method status="SKIP" signature="Refresh()[pri:0, instance:com.hasbro.sanity.SanitySuite1@2f0a87b3]" name="Refresh" is-config="true" duration-ms="0" started-at="2018-08-28T11:29:34Z" finished-at="2018-08-28T11:29:34Z">
          <reporter-output>
          </reporter-output>
        </test-method> <!-- Refresh -->
        <test-method status="SKIP" signature="tcSCFunctional([Ljava.lang.String;)[pri:0, instance:com.hasbro.sanity.SanitySuite1@2f0a87b3]" name="tcSCFunctional" duration-ms="0" started-at="2018-08-28T11:29:34Z" data-provider="testDataTest" finished-at="2018-08-28T11:29:34Z">
          <reporter-output>
          </reporter-output>
        </test-method> <!-- tcSCFunctional -->
        <test-method status="SKIP" signature="reporterdataSetResult()[pri:0, instance:com.hasbro.sanity.SanitySuite1@2f0a87b3]" name="reporterdataSetResult" is-config="true" duration-ms="0" started-at="2018-08-28T11:29:34Z" finished-at="2018-08-28T11:29:34Z">
          <reporter-output>
          </reporter-output>
        </test-method> <!-- reporterdataSetResult -->
        <test-method status="SKIP" signature="Refresh()[pri:0, instance:com.hasbro.sanity.SanitySuite1@2f0a87b3]" name="Refresh" is-config="true" duration-ms="0" started-at="2018-08-28T11:29:34Z" finished-at="2018-08-28T11:29:34Z">
          <reporter-output>
          </reporter-output>
        </test-method> <!-- Refresh -->
        <test-method status="SKIP" signature="tcSCFunctional([Ljava.lang.String;)[pri:0, instance:com.hasbro.sanity.SanitySuite1@2f0a87b3]" name="tcSCFunctional" duration-ms="0" started-at="2018-08-28T11:29:34Z" data-provider="testDataTest" finished-at="2018-08-28T11:29:34Z">
          <reporter-output>
          </reporter-output>
        </test-method> <!-- tcSCFunctional -->
        <test-method status="SKIP" signature="reporterdataSetResult()[pri:0, instance:com.hasbro.sanity.SanitySuite1@2f0a87b3]" name="reporterdataSetResult" is-config="true" duration-ms="0" started-at="2018-08-28T11:29:34Z" finished-at="2018-08-28T11:29:34Z">
          <reporter-output>
          </reporter-output>
        </test-method> <!-- reporterdataSetResult -->
        <test-method status="SKIP" signature="reportTestcaseResult()[pri:0, instance:com.hasbro.sanity.SanitySuite1@2f0a87b3]" name="reportTestcaseResult" is-config="true" duration-ms="0" started-at="2018-08-28T11:29:34Z" finished-at="2018-08-28T11:29:34Z">
          <reporter-output>
          </reporter-output>
        </test-method> <!-- reportTestcaseResult -->
      </class> <!-- com.hasbro.sanity.SanitySuite1 -->
    </test> <!-- SanitySuite1 -->
    <test name="SanitySuite3" duration-ms="197" started-at="2018-08-28T11:29:34Z" finished-at="2018-08-28T11:29:34Z">
      <class name="com.hasbro.sanity.SanitySuite3">
        <test-method status="SKIP" signature="checkTestcaseSkip()[pri:0, instance:com.hasbro.sanity.SanitySuite3@4fcd19b3]" name="checkTestcaseSkip" is-config="true" duration-ms="2" started-at="2018-08-28T11:29:34Z" finished-at="2018-08-28T11:29:34Z">
          <exception class="org.testng.SkipException">
            <message>
              <![CDATA[Skipping SanitySuite3 as runmode is set to no]]>
            </message>
            <full-stacktrace>
              <![CDATA[org.testng.SkipException: Skipping SanitySuite3 as runmode is set to no
at com.hasbro.sanity.SanitySuite3.checkTestcaseSkip(SanitySuite3.java:3787)
at sun.reflect.NativeMethodAccessorImpl.invoke0(Native Method)
at sun.reflect.NativeMethodAccessorImpl.invoke(Unknown Source)
at sun.reflect.DelegatingMethodAccessorImpl.invoke(Unknown Source)
at java.lang.reflect.Method.invoke(Unknown Source)
at org.testng.internal.MethodInvocationHelper.invokeMethod(MethodInvocationHelper.java:124)
at org.testng.internal.MethodInvocationHelper.invokeMethodConsideringTimeout(MethodInvocationHelper.java:59)
at org.testng.internal.Invoker.invokeConfigurationMethod(Invoker.java:455)
at org.testng.internal.Invoker.invokeConfigurations(Invoker.java:222)
at org.testng.internal.Invoker.invokeConfigurations(Invoker.java:142)
at org.testng.TestRunner.beforeRun(TestRunner.java:529)
at org.testng.TestRunner.run(TestRunner.java:497)
at org.testng.SuiteRunner.runTest(SuiteRunner.java:455)
at org.testng.SuiteRunner.runSequentially(SuiteRunner.java:450)
at org.testng.SuiteRunner.privateRun(SuiteRunner.java:415)
at org.testng.SuiteRunner.run(SuiteRunner.java:364)
at org.testng.SuiteRunnerWorker.runSuite(SuiteRunnerWorker.java:52)
at org.testng.SuiteRunnerWorker.run(SuiteRunnerWorker.java:84)
at org.testng.TestNG.runSuitesSequentially(TestNG.java:1208)
at org.testng.TestNG.runSuitesLocally(TestNG.java:1137)
at org.testng.TestNG.runSuites(TestNG.java:1049)
at org.testng.TestNG.run(TestNG.java:1017)
at org.testng.remote.AbstractRemoteTestNG.run(AbstractRemoteTestNG.java:114)
at org.testng.remote.RemoteTestNG.initAndRun(RemoteTestNG.java:251)
at org.testng.remote.RemoteTestNG.main(RemoteTestNG.java:77)
]]>
            </full-stacktrace>
          </exception> <!-- org.testng.SkipException -->
          <reporter-output>
          </reporter-output>
        </test-method> <!-- checkTestcaseSkip -->
        <test-method status="SKIP" signature="tcSCFunctional([Ljava.lang.String;)[pri:0, instance:com.hasbro.sanity.SanitySuite3@4fcd19b3]" name="tcSCFunctional" duration-ms="0" started-at="2018-08-28T11:29:34Z" data-provider="testDataTest" finished-at="2018-08-28T11:29:34Z">
          <exception class="org.testng.SkipException">
            <message>
              <![CDATA[Skipping SanitySuite3 as runmode is set to no]]>
            </message>
            <full-stacktrace>
              <![CDATA[org.testng.SkipException: Skipping SanitySuite3 as runmode is set to no
at com.hasbro.sanity.SanitySuite3.checkTestcaseSkip(SanitySuite3.java:3787)
at sun.reflect.NativeMethodAccessorImpl.invoke0(Native Method)
at sun.reflect.NativeMethodAccessorImpl.invoke(Unknown Source)
at sun.reflect.DelegatingMethodAccessorImpl.invoke(Unknown Source)
at java.lang.reflect.Method.invoke(Unknown Source)
at org.testng.internal.MethodInvocationHelper.invokeMethod(MethodInvocationHelper.java:124)
at org.testng.internal.MethodInvocationHelper.invokeMethodConsideringTimeout(MethodInvocationHelper.java:59)
at org.testng.internal.Invoker.invokeConfigurationMethod(Invoker.java:455)
at org.testng.internal.Invoker.invokeConfigurations(Invoker.java:222)
at org.testng.internal.Invoker.invokeConfigurations(Invoker.java:142)
at org.testng.TestRunner.beforeRun(TestRunner.java:529)
at org.testng.TestRunner.run(TestRunner.java:497)
at org.testng.SuiteRunner.runTest(SuiteRunner.java:455)
at org.testng.SuiteRunner.runSequentially(SuiteRunner.java:450)
at org.testng.SuiteRunner.privateRun(SuiteRunner.java:415)
at org.testng.SuiteRunner.run(SuiteRunner.java:364)
at org.testng.SuiteRunnerWorker.runSuite(SuiteRunnerWorker.java:52)
at org.testng.SuiteRunnerWorker.run(SuiteRunnerWorker.java:84)
at org.testng.TestNG.runSuitesSequentially(TestNG.java:1208)
at org.testng.TestNG.runSuitesLocally(TestNG.java:1137)
at org.testng.TestNG.runSuites(TestNG.java:1049)
at org.testng.TestNG.run(TestNG.java:1017)
at org.testng.remote.AbstractRemoteTestNG.run(AbstractRemoteTestNG.java:114)
at org.testng.remote.RemoteTestNG.initAndRun(RemoteTestNG.java:251)
at org.testng.remote.RemoteTestNG.main(RemoteTestNG.java:77)
]]>
            </full-stacktrace>
          </exception> <!-- org.testng.SkipException -->
          <reporter-output>
          </reporter-output>
        </test-method> <!-- tcSCFunctional -->
        <test-method status="SKIP" signature="reporterdataSetResult()[pri:0, instance:com.hasbro.sanity.SanitySuite3@4fcd19b3]" name="reporterdataSetResult" is-config="true" duration-ms="0" started-at="2018-08-28T11:29:34Z" finished-at="2018-08-28T11:29:34Z">
          <reporter-output>
          </reporter-output>
        </test-method> <!-- reporterdataSetResult -->
        <test-method status="SKIP" signature="tcSCFunctional([Ljava.lang.String;)[pri:0, instance:com.hasbro.sanity.SanitySuite3@4fcd19b3]" name="tcSCFunctional" duration-ms="0" started-at="2018-08-28T11:29:34Z" data-provider="testDataTest" finished-at="2018-08-28T11:29:34Z">
          <reporter-output>
          </reporter-output>
        </test-method> <!-- tcSCFunctional -->
        <test-method status="SKIP" signature="reporterdataSetResult()[pri:0, instance:com.hasbro.sanity.SanitySuite3@4fcd19b3]" name="reporterdataSetResult" is-config="true" duration-ms="0" started-at="2018-08-28T11:29:34Z" finished-at="2018-08-28T11:29:34Z">
          <reporter-output>
          </reporter-output>
        </test-method> <!-- reporterdataSetResult -->
        <test-method status="SKIP" signature="tcSCFunctional([Ljava.lang.String;)[pri:0, instance:com.hasbro.sanity.SanitySuite3@4fcd19b3]" name="tcSCFunctional" duration-ms="0" started-at="2018-08-28T11:29:34Z" data-provider="testDataTest" finished-at="2018-08-28T11:29:34Z">
          <reporter-output>
          </reporter-output>
        </test-method> <!-- tcSCFunctional -->
        <test-method status="SKIP" signature="reporterdataSetResult()[pri:0, instance:com.hasbro.sanity.SanitySuite3@4fcd19b3]" name="reporterdataSetResult" is-config="true" duration-ms="0" started-at="2018-08-28T11:29:34Z" finished-at="2018-08-28T11:29:34Z">
          <reporter-output>
          </reporter-output>
        </test-method> <!-- reporterdataSetResult -->
        <test-method status="SKIP" signature="tcSCFunctional([Ljava.lang.String;)[pri:0, instance:com.hasbro.sanity.SanitySuite3@4fcd19b3]" name="tcSCFunctional" duration-ms="0" started-at="2018-08-28T11:29:34Z" data-provider="testDataTest" finished-at="2018-08-28T11:29:34Z">
          <reporter-output>
          </reporter-output>
        </test-method> <!-- tcSCFunctional -->
        <test-method status="SKIP" signature="reporterdataSetResult()[pri:0, instance:com.hasbro.sanity.SanitySuite3@4fcd19b3]" name="reporterdataSetResult" is-config="true" duration-ms="0" started-at="2018-08-28T11:29:34Z" finished-at="2018-08-28T11:29:34Z">
          <reporter-output>
          </reporter-output>
        </test-method> <!-- reporterdataSetResult -->
        <test-method status="SKIP" signature="tcSCFunctional([Ljava.lang.String;)[pri:0, instance:com.hasbro.sanity.SanitySuite3@4fcd19b3]" name="tcSCFunctional" duration-ms="0" started-at="2018-08-28T11:29:34Z" data-provider="testDataTest" finished-at="2018-08-28T11:29:34Z">
          <reporter-output>
          </reporter-output>
        </test-method> <!-- tcSCFunctional -->
        <test-method status="SKIP" signature="reporterdataSetResult()[pri:0, instance:com.hasbro.sanity.SanitySuite3@4fcd19b3]" name="reporterdataSetResult" is-config="true" duration-ms="0" started-at="2018-08-28T11:29:34Z" finished-at="2018-08-28T11:29:34Z">
          <reporter-output>
          </reporter-output>
        </test-method> <!-- reporterdataSetResult -->
        <test-method status="SKIP" signature="tcSCFunctional([Ljava.lang.String;)[pri:0, instance:com.hasbro.sanity.SanitySuite3@4fcd19b3]" name="tcSCFunctional" duration-ms="0" started-at="2018-08-28T11:29:34Z" data-provider="testDataTest" finished-at="2018-08-28T11:29:34Z">
          <reporter-output>
          </reporter-output>
        </test-method> <!-- tcSCFunctional -->
        <test-method status="SKIP" signature="reporterdataSetResult()[pri:0, instance:com.hasbro.sanity.SanitySuite3@4fcd19b3]" name="reporterdataSetResult" is-config="true" duration-ms="0" started-at="2018-08-28T11:29:34Z" finished-at="2018-08-28T11:29:34Z">
          <reporter-output>
          </reporter-output>
        </test-method> <!-- reporterdataSetResult -->
        <test-method status="SKIP" signature="tcSCFunctional([Ljava.lang.String;)[pri:0, instance:com.hasbro.sanity.SanitySuite3@4fcd19b3]" name="tcSCFunctional" duration-ms="0" started-at="2018-08-28T11:29:34Z" data-provider="testDataTest" finished-at="2018-08-28T11:29:34Z">
          <reporter-output>
          </reporter-output>
        </test-method> <!-- tcSCFunctional -->
        <test-method status="SKIP" signature="reporterdataSetResult()[pri:0, instance:com.hasbro.sanity.SanitySuite3@4fcd19b3]" name="reporterdataSetResult" is-config="true" duration-ms="0" started-at="2018-08-28T11:29:34Z" finished-at="2018-08-28T11:29:34Z">
          <reporter-output>
          </reporter-output>
        </test-method> <!-- reporterdataSetResult -->
        <test-method status="SKIP" signature="tcSCFunctional([Ljava.lang.String;)[pri:0, instance:com.hasbro.sanity.SanitySuite3@4fcd19b3]" name="tcSCFunctional" duration-ms="0" started-at="2018-08-28T11:29:34Z" data-provider="testDataTest" finished-at="2018-08-28T11:29:34Z">
          <reporter-output>
          </reporter-output>
        </test-method> <!-- tcSCFunctional -->
        <test-method status="SKIP" signature="reporterdataSetResult()[pri:0, instance:com.hasbro.sanity.SanitySuite3@4fcd19b3]" name="reporterdataSetResult" is-config="true" duration-ms="0" started-at="2018-08-28T11:29:34Z" finished-at="2018-08-28T11:29:34Z">
          <reporter-output>
          </reporter-output>
        </test-method> <!-- reporterdataSetResult -->
        <test-method status="SKIP" signature="tcSCFunctional([Ljava.lang.String;)[pri:0, instance:com.hasbro.sanity.SanitySuite3@4fcd19b3]" name="tcSCFunctional" duration-ms="0" started-at="2018-08-28T11:29:34Z" data-provider="testDataTest" finished-at="2018-08-28T11:29:34Z">
          <reporter-output>
          </reporter-output>
        </test-method> <!-- tcSCFunctional -->
        <test-method status="SKIP" signature="reporterdataSetResult()[pri:0, instance:com.hasbro.sanity.SanitySuite3@4fcd19b3]" name="reporterdataSetResult" is-config="true" duration-ms="0" started-at="2018-08-28T11:29:34Z" finished-at="2018-08-28T11:29:34Z">
          <reporter-output>
          </reporter-output>
        </test-method> <!-- reporterdataSetResult -->
        <test-method status="SKIP" signature="tcSCFunctional([Ljava.lang.String;)[pri:0, instance:com.hasbro.sanity.SanitySuite3@4fcd19b3]" name="tcSCFunctional" duration-ms="0" started-at="2018-08-28T11:29:34Z" data-provider="testDataTest" finished-at="2018-08-28T11:29:34Z">
          <reporter-output>
          </reporter-output>
        </test-method> <!-- tcSCFunctional -->
        <test-method status="SKIP" signature="reporterdataSetResult()[pri:0, instance:com.hasbro.sanity.SanitySuite3@4fcd19b3]" name="reporterdataSetResult" is-config="true" duration-ms="0" started-at="2018-08-28T11:29:34Z" finished-at="2018-08-28T11:29:34Z">
          <reporter-output>
          </reporter-output>
        </test-method> <!-- reporterdataSetResult -->
        <test-method status="SKIP" signature="tcSCFunctional([Ljava.lang.String;)[pri:0, instance:com.hasbro.sanity.SanitySuite3@4fcd19b3]" name="tcSCFunctional" duration-ms="0" started-at="2018-08-28T11:29:34Z" data-provider="testDataTest" finished-at="2018-08-28T11:29:34Z">
          <reporter-output>
          </reporter-output>
        </test-method> <!-- tcSCFunctional -->
        <test-method status="SKIP" signature="reporterdataSetResult()[pri:0, instance:com.hasbro.sanity.SanitySuite3@4fcd19b3]" name="reporterdataSetResult" is-config="true" duration-ms="0" started-at="2018-08-28T11:29:34Z" finished-at="2018-08-28T11:29:34Z">
          <reporter-output>
          </reporter-output>
        </test-method> <!-- reporterdataSetResult -->
        <test-method status="SKIP" signature="tcSCFunctional([Ljava.lang.String;)[pri:0, instance:com.hasbro.sanity.SanitySuite3@4fcd19b3]" name="tcSCFunctional" duration-ms="0" started-at="2018-08-28T11:29:34Z" data-provider="testDataTest" finished-at="2018-08-28T11:29:34Z">
          <reporter-output>
          </reporter-output>
        </test-method> <!-- tcSCFunctional -->
        <test-method status="SKIP" signature="reporterdataSetResult()[pri:0, instance:com.hasbro.sanity.SanitySuite3@4fcd19b3]" name="reporterdataSetResult" is-config="true" duration-ms="0" started-at="2018-08-28T11:29:34Z" finished-at="2018-08-28T11:29:34Z">
          <reporter-output>
          </reporter-output>
        </test-method> <!-- reporterdataSetResult -->
        <test-method status="SKIP" signature="tcSCFunctional([Ljava.lang.String;)[pri:0, instance:com.hasbro.sanity.SanitySuite3@4fcd19b3]" name="tcSCFunctional" duration-ms="0" started-at="2018-08-28T11:29:34Z" data-provider="testDataTest" finished-at="2018-08-28T11:29:34Z">
          <reporter-output>
          </reporter-output>
        </test-method> <!-- tcSCFunctional -->
        <test-method status="SKIP" signature="reporterdataSetResult()[pri:0, instance:com.hasbro.sanity.SanitySuite3@4fcd19b3]" name="reporterdataSetResult" is-config="true" duration-ms="0" started-at="2018-08-28T11:29:34Z" finished-at="2018-08-28T11:29:34Z">
          <reporter-output>
          </reporter-output>
        </test-method> <!-- reporterdataSetResult -->
        <test-method status="SKIP" signature="tcSCFunctional([Ljava.lang.String;)[pri:0, instance:com.hasbro.sanity.SanitySuite3@4fcd19b3]" name="tcSCFunctional" duration-ms="0" started-at="2018-08-28T11:29:34Z" data-provider="testDataTest" finished-at="2018-08-28T11:29:34Z">
          <reporter-output>
          </reporter-output>
        </test-method> <!-- tcSCFunctional -->
        <test-method status="SKIP" signature="reporterdataSetResult()[pri:0, instance:com.hasbro.sanity.SanitySuite3@4fcd19b3]" name="reporterdataSetResult" is-config="true" duration-ms="0" started-at="2018-08-28T11:29:34Z" finished-at="2018-08-28T11:29:34Z">
          <reporter-output>
          </reporter-output>
        </test-method> <!-- reporterdataSetResult -->
        <test-method status="SKIP" signature="tcSCFunctional([Ljava.lang.String;)[pri:0, instance:com.hasbro.sanity.SanitySuite3@4fcd19b3]" name="tcSCFunctional" duration-ms="0" started-at="2018-08-28T11:29:34Z" data-provider="testDataTest" finished-at="2018-08-28T11:29:34Z">
          <reporter-output>
          </reporter-output>
        </test-method> <!-- tcSCFunctional -->
        <test-method status="SKIP" signature="reporterdataSetResult()[pri:0, instance:com.hasbro.sanity.SanitySuite3@4fcd19b3]" name="reporterdataSetResult" is-config="true" duration-ms="0" started-at="2018-08-28T11:29:34Z" finished-at="2018-08-28T11:29:34Z">
          <reporter-output>
          </reporter-output>
        </test-method> <!-- reporterdataSetResult -->
        <test-method status="SKIP" signature="tcSCFunctional([Ljava.lang.String;)[pri:0, instance:com.hasbro.sanity.SanitySuite3@4fcd19b3]" name="tcSCFunctional" duration-ms="0" started-at="2018-08-28T11:29:34Z" data-provider="testDataTest" finished-at="2018-08-28T11:29:34Z">
          <reporter-output>
          </reporter-output>
        </test-method> <!-- tcSCFunctional -->
        <test-method status="SKIP" signature="reporterdataSetResult()[pri:0, instance:com.hasbro.sanity.SanitySuite3@4fcd19b3]" name="reporterdataSetResult" is-config="true" duration-ms="0" started-at="2018-08-28T11:29:34Z" finished-at="2018-08-28T11:29:34Z">
          <reporter-output>
          </reporter-output>
        </test-method> <!-- reporterdataSetResult -->
        <test-method status="SKIP" signature="tcSCFunctional([Ljava.lang.String;)[pri:0, instance:com.hasbro.sanity.SanitySuite3@4fcd19b3]" name="tcSCFunctional" duration-ms="0" started-at="2018-08-28T11:29:34Z" data-provider="testDataTest" finished-at="2018-08-28T11:29:34Z">
          <reporter-output>
          </reporter-output>
        </test-method> <!-- tcSCFunctional -->
        <test-method status="SKIP" signature="reporterdataSetResult()[pri:0, instance:com.hasbro.sanity.SanitySuite3@4fcd19b3]" name="reporterdataSetResult" is-config="true" duration-ms="0" started-at="2018-08-28T11:29:34Z" finished-at="2018-08-28T11:29:34Z">
          <reporter-output>
          </reporter-output>
        </test-method> <!-- reporterdataSetResult -->
        <test-method status="SKIP" signature="tcSCFunctional([Ljava.lang.String;)[pri:0, instance:com.hasbro.sanity.SanitySuite3@4fcd19b3]" name="tcSCFunctional" duration-ms="0" started-at="2018-08-28T11:29:34Z" data-provider="testDataTest" finished-at="2018-08-28T11:29:34Z">
          <reporter-output>
          </reporter-output>
        </test-method> <!-- tcSCFunctional -->
        <test-method status="SKIP" signature="reporterdataSetResult()[pri:0, instance:com.hasbro.sanity.SanitySuite3@4fcd19b3]" name="reporterdataSetResult" is-config="true" duration-ms="0" started-at="2018-08-28T11:29:34Z" finished-at="2018-08-28T11:29:34Z">
          <reporter-output>
          </reporter-output>
        </test-method> <!-- reporterdataSetResult -->
        <test-method status="SKIP" signature="tcSCFunctional([Ljava.lang.String;)[pri:0, instance:com.hasbro.sanity.SanitySuite3@4fcd19b3]" name="tcSCFunctional" duration-ms="0" started-at="2018-08-28T11:29:34Z" data-provider="testDataTest" finished-at="2018-08-28T11:29:34Z">
          <reporter-output>
          </reporter-output>
        </test-method> <!-- tcSCFunctional -->
        <test-method status="SKIP" signature="reporterdataSetResult()[pri:0, instance:com.hasbro.sanity.SanitySuite3@4fcd19b3]" name="reporterdataSetResult" is-config="true" duration-ms="0" started-at="2018-08-28T11:29:34Z" finished-at="2018-08-28T11:29:34Z">
          <reporter-output>
          </reporter-output>
        </test-method> <!-- reporterdataSetResult -->
        <test-method status="SKIP" signature="tcSCFunctional([Ljava.lang.String;)[pri:0, instance:com.hasbro.sanity.SanitySuite3@4fcd19b3]" name="tcSCFunctional" duration-ms="0" started-at="2018-08-28T11:29:34Z" data-provider="testDataTest" finished-at="2018-08-28T11:29:34Z">
          <reporter-output>
          </reporter-output>
        </test-method> <!-- tcSCFunctional -->
        <test-method status="SKIP" signature="reporterdataSetResult()[pri:0, instance:com.hasbro.sanity.SanitySuite3@4fcd19b3]" name="reporterdataSetResult" is-config="true" duration-ms="0" started-at="2018-08-28T11:29:34Z" finished-at="2018-08-28T11:29:34Z">
          <reporter-output>
          </reporter-output>
        </test-method> <!-- reporterdataSetResult -->
        <test-method status="SKIP" signature="tcSCFunctional([Ljava.lang.String;)[pri:0, instance:com.hasbro.sanity.SanitySuite3@4fcd19b3]" name="tcSCFunctional" duration-ms="0" started-at="2018-08-28T11:29:34Z" data-provider="testDataTest" finished-at="2018-08-28T11:29:34Z">
          <reporter-output>
          </reporter-output>
        </test-method> <!-- tcSCFunctional -->
        <test-method status="SKIP" signature="reporterdataSetResult()[pri:0, instance:com.hasbro.sanity.SanitySuite3@4fcd19b3]" name="reporterdataSetResult" is-config="true" duration-ms="0" started-at="2018-08-28T11:29:34Z" finished-at="2018-08-28T11:29:34Z">
          <reporter-output>
          </reporter-output>
        </test-method> <!-- reporterdataSetResult -->
        <test-method status="SKIP" signature="tcSCFunctional([Ljava.lang.String;)[pri:0, instance:com.hasbro.sanity.SanitySuite3@4fcd19b3]" name="tcSCFunctional" duration-ms="0" started-at="2018-08-28T11:29:34Z" data-provider="testDataTest" finished-at="2018-08-28T11:29:34Z">
          <reporter-output>
          </reporter-output>
        </test-method> <!-- tcSCFunctional -->
        <test-method status="SKIP" signature="reporterdataSetResult()[pri:0, instance:com.hasbro.sanity.SanitySuite3@4fcd19b3]" name="reporterdataSetResult" is-config="true" duration-ms="0" started-at="2018-08-28T11:29:34Z" finished-at="2018-08-28T11:29:34Z">
          <reporter-output>
          </reporter-output>
        </test-method> <!-- reporterdataSetResult -->
        <test-method status="SKIP" signature="tcSCFunctional([Ljava.lang.String;)[pri:0, instance:com.hasbro.sanity.SanitySuite3@4fcd19b3]" name="tcSCFunctional" duration-ms="0" started-at="2018-08-28T11:29:34Z" data-provider="testDataTest" finished-at="2018-08-28T11:29:34Z">
          <reporter-output>
          </reporter-output>
        </test-method> <!-- tcSCFunctional -->
        <test-method status="SKIP" signature="reporterdataSetResult()[pri:0, instance:com.hasbro.sanity.SanitySuite3@4fcd19b3]" name="reporterdataSetResult" is-config="true" duration-ms="0" started-at="2018-08-28T11:29:34Z" finished-at="2018-08-28T11:29:34Z">
          <reporter-output>
          </reporter-output>
        </test-method> <!-- reporterdataSetResult -->
        <test-method status="SKIP" signature="tcSCFunctional([Ljava.lang.String;)[pri:0, instance:com.hasbro.sanity.SanitySuite3@4fcd19b3]" name="tcSCFunctional" duration-ms="0" started-at="2018-08-28T11:29:34Z" data-provider="testDataTest" finished-at="2018-08-28T11:29:34Z">
          <reporter-output>
          </reporter-output>
        </test-method> <!-- tcSCFunctional -->
        <test-method status="SKIP" signature="reporterdataSetResult()[pri:0, instance:com.hasbro.sanity.SanitySuite3@4fcd19b3]" name="reporterdataSetResult" is-config="true" duration-ms="0" started-at="2018-08-28T11:29:34Z" finished-at="2018-08-28T11:29:34Z">
          <reporter-output>
          </reporter-output>
        </test-method> <!-- reporterdataSetResult -->
        <test-method status="SKIP" signature="tcSCFunctional([Ljava.lang.String;)[pri:0, instance:com.hasbro.sanity.SanitySuite3@4fcd19b3]" name="tcSCFunctional" duration-ms="0" started-at="2018-08-28T11:29:34Z" data-provider="testDataTest" finished-at="2018-08-28T11:29:34Z">
          <reporter-output>
          </reporter-output>
        </test-method> <!-- tcSCFunctional -->
        <test-method status="SKIP" signature="reporterdataSetResult()[pri:0, instance:com.hasbro.sanity.SanitySuite3@4fcd19b3]" name="reporterdataSetResult" is-config="true" duration-ms="0" started-at="2018-08-28T11:29:34Z" finished-at="2018-08-28T11:29:34Z">
          <reporter-output>
          </reporter-output>
        </test-method> <!-- reporterdataSetResult -->
        <test-method status="SKIP" signature="tcSCFunctional([Ljava.lang.String;)[pri:0, instance:com.hasbro.sanity.SanitySuite3@4fcd19b3]" name="tcSCFunctional" duration-ms="0" started-at="2018-08-28T11:29:34Z" data-provider="testDataTest" finished-at="2018-08-28T11:29:34Z">
          <reporter-output>
          </reporter-output>
        </test-method> <!-- tcSCFunctional -->
        <test-method status="SKIP" signature="reporterdataSetResult()[pri:0, instance:com.hasbro.sanity.SanitySuite3@4fcd19b3]" name="reporterdataSetResult" is-config="true" duration-ms="0" started-at="2018-08-28T11:29:34Z" finished-at="2018-08-28T11:29:34Z">
          <reporter-output>
          </reporter-output>
        </test-method> <!-- reporterdataSetResult -->
        <test-method status="SKIP" signature="reportTestcaseResult()[pri:0, instance:com.hasbro.sanity.SanitySuite3@4fcd19b3]" name="reportTestcaseResult" is-config="true" duration-ms="0" started-at="2018-08-28T11:29:34Z" finished-at="2018-08-28T11:29:34Z">
          <reporter-output>
          </reporter-output>
        </test-method> <!-- reportTestcaseResult -->
      </class> <!-- com.hasbro.sanity.SanitySuite3 -->
    </test> <!-- SanitySuite3 -->
    <test name="SanitySuite2" duration-ms="238" started-at="2018-08-28T11:29:34Z" finished-at="2018-08-28T11:29:35Z">
      <class name="com.hasbro.sanity.SanitySuite2">
        <test-method status="SKIP" signature="checkTestcaseSkip()[pri:0, instance:com.hasbro.sanity.SanitySuite2@10d59286]" name="checkTestcaseSkip" is-config="true" duration-ms="2" started-at="2018-08-28T11:29:34Z" finished-at="2018-08-28T11:29:34Z">
          <exception class="org.testng.SkipException">
            <message>
              <![CDATA[Skipping SanitySuite2 as runmode is set to no]]>
            </message>
            <full-stacktrace>
              <![CDATA[org.testng.SkipException: Skipping SanitySuite2 as runmode is set to no
at com.hasbro.sanity.SanitySuite2.checkTestcaseSkip(SanitySuite2.java:7067)
at sun.reflect.NativeMethodAccessorImpl.invoke0(Native Method)
at sun.reflect.NativeMethodAccessorImpl.invoke(Unknown Source)
at sun.reflect.DelegatingMethodAccessorImpl.invoke(Unknown Source)
at java.lang.reflect.Method.invoke(Unknown Source)
at org.testng.internal.MethodInvocationHelper.invokeMethod(MethodInvocationHelper.java:124)
at org.testng.internal.MethodInvocationHelper.invokeMethodConsideringTimeout(MethodInvocationHelper.java:59)
at org.testng.internal.Invoker.invokeConfigurationMethod(Invoker.java:455)
at org.testng.internal.Invoker.invokeConfigurations(Invoker.java:222)
at org.testng.internal.Invoker.invokeConfigurations(Invoker.java:142)
at org.testng.TestRunner.beforeRun(TestRunner.java:529)
at org.testng.TestRunner.run(TestRunner.java:497)
at org.testng.SuiteRunner.runTest(SuiteRunner.java:455)
at org.testng.SuiteRunner.runSequentially(SuiteRunner.java:450)
at org.testng.SuiteRunner.privateRun(SuiteRunner.java:415)
at org.testng.SuiteRunner.run(SuiteRunner.java:364)
at org.testng.SuiteRunnerWorker.runSuite(SuiteRunnerWorker.java:52)
at org.testng.SuiteRunnerWorker.run(SuiteRunnerWorker.java:84)
at org.testng.TestNG.runSuitesSequentially(TestNG.java:1208)
at org.testng.TestNG.runSuitesLocally(TestNG.java:1137)
at org.testng.TestNG.runSuites(TestNG.java:1049)
at org.testng.TestNG.run(TestNG.java:1017)
at org.testng.remote.AbstractRemoteTestNG.run(AbstractRemoteTestNG.java:114)
at org.testng.remote.RemoteTestNG.initAndRun(RemoteTestNG.java:251)
at org.testng.remote.RemoteTestNG.main(RemoteTestNG.java:77)
]]>
            </full-stacktrace>
          </exception> <!-- org.testng.SkipException -->
          <reporter-output>
          </reporter-output>
        </test-method> <!-- checkTestcaseSkip -->
        <test-method status="SKIP" signature="Refresh()[pri:0, instance:com.hasbro.sanity.SanitySuite2@10d59286]" name="Refresh" is-config="true" duration-ms="0" started-at="2018-08-28T11:29:34Z" finished-at="2018-08-28T11:29:34Z">
          <reporter-output>
          </reporter-output>
        </test-method> <!-- Refresh -->
        <test-method status="SKIP" signature="tcSCFunctional([Ljava.lang.String;)[pri:0, instance:com.hasbro.sanity.SanitySuite2@10d59286]" name="tcSCFunctional" duration-ms="0" started-at="2018-08-28T11:29:34Z" data-provider="testDataTest" finished-at="2018-08-28T11:29:34Z">
          <reporter-output>
          </reporter-output>
[...]
          <reporter-output>
          </reporter-output>
        </test-method> <!-- Refresh -->
        <test-method status="SKIP" signature="tcSCFunctional([Ljava.lang.String;)[pri:0, instance:com.hasbro.sanity.SanitySuiteUpdateProductName@543788f3]" name="tcSCFunctional" duration-ms="0" started-at="2018-08-28T11:29:41Z" data-provider="testDataTest" finished-at="2018-08-28T11:29:41Z">
          <reporter-output>
          </reporter-output>
        </test-method> <!-- tcSCFunctional -->
        <test-method status="SKIP" signature="Refresh()[pri:0, instance:com.hasbro.sanity.SanitySuiteUpdateProductName@543788f3]" name="Refresh" is-config="true" duration-ms="0" started-at="2018-08-28T11:29:41Z" finished-at="2018-08-28T11:29:41Z">
          <reporter-output>
          </reporter-output>
        </test-method> <!-- Refresh -->
        <test-method status="SKIP" signature="tcSCFunctional([Ljava.lang.String;)[pri:0, instance:com.hasbro.sanity.SanitySuiteUpdateProductName@543788f3]" name="tcSCFunctional" duration-ms="0" started-at="2018-08-28T11:29:41Z" data-provider="testDataTest" finished-at="2018-08-28T11:29:41Z">
          <reporter-output>
          </reporter-output>
        </test-method> <!-- tcSCFunctional -->
        <test-method status="SKIP" signature="reporterdataSetResult()[pri:0, instance:com.hasbro.sanity.SanitySuiteUpdateProductName@543788f3]" name="reporterdataSetResult" is-config="true" duration-ms="0" started-at="2018-08-28T11:29:41Z" finished-at="2018-08-28T11:29:41Z">
          <reporter-output>
          </reporter-output>
        </test-method> <!-- reporterdataSetResult -->
        <test-method status="SKIP" signature="reporterdataSetResult()[pri:0, instance:com.hasbro.sanity.SanitySuiteUpdateProductName@543788f3]" name="reporterdataSetResult" is-config="true" duration-ms="0" started-at="2018-08-28T11:29:41Z" finished-at="2018-08-28T11:29:41Z">
          <reporter-output>
          </reporter-output>
        </test-method> <!-- reporterdataSetResult -->
        <test-method status="SKIP" signature="tcSCFunctional([Ljava.lang.String;)[pri:0, instance:com.hasbro.sanity.SanitySuiteUpdateProductName@543788f3]" name="tcSCFunctional" duration-ms="0" started-at="2018-08-28T11:29:41Z" data-provider="testDataTest" finished-at="2018-08-28T11:29:41Z">
          <reporter-output>
          </reporter-output>
        </test-method> <!-- tcSCFunctional -->
        <test-method status="SKIP" signature="Refresh()[pri:0, instance:com.hasbro.sanity.SanitySuiteUpdateProductName@543788f3]" name="Refresh" is-config="true" duration-ms="0" started-at="2018-08-28T11:29:41Z" finished-at="2018-08-28T11:29:41Z">
          <reporter-output>
          </reporter-output>
        </test-method> <!-- Refresh -->
        <test-method status="SKIP" signature="tcSCFunctional([Ljava.lang.String;)[pri:0, instance:com.hasbro.sanity.SanitySuiteUpdateProductName@543788f3]" name="tcSCFunctional" duration-ms="0" started-at="2018-08-28T11:29:41Z" data-provider="testDataTest" finished-at="2018-08-28T11:29:41Z">
          <reporter-output>
          </reporter-output>
        </test-method> <!-- tcSCFunctional -->
        <test-method status="SKIP" signature="reporterdataSetResult()[pri:0, instance:com.hasbro.sanity.SanitySuiteUpdateProductName@543788f3]" name="reporterdataSetResult" is-config="true" duration-ms="0" started-at="2018-08-28T11:29:41Z" finished-at="2018-08-28T11:29:41Z">
          <reporter-output>
          </reporter-output>
        </test-method> <!-- reporterdataSetResult -->
        <test-method status="SKIP" signature="reportTestcaseResult()[pri:0, instance:com.hasbro.sanity.SanitySuiteUpdateProductName@543788f3]" name="reportTestcaseResult" is-config="true" duration-ms="0" started-at="2018-08-28T11:29:41Z" finished-at="2018-08-28T11:29:41Z">
          <reporter-output>
          </reporter-output>
        </test-method> <!-- reportTestcaseResult -->
      </class> <!-- com.hasbro.sanity.SanitySuiteUpdateProductName -->
    </test> <!-- SanitySuiteUpdateProductName -->
    <test name="SanitySuite5_WorkFlow" duration-ms="530949" started-at="2018-08-28T11:29:41Z" finished-at="2018-08-28T11:38:32Z">
      <class name="com.hasbro.sanity.SanitySuite5_WorkFlow">
        <test-method status="PASS" signature="checkSuiteSkipTest()[pri:0, instance:com.hasbro.sanity.SanitySuite5_WorkFlow@5a4041cc]" name="checkSuiteSkipTest" is-config="true" duration-ms="10945" started-at="2018-08-28T11:29:22Z" finished-at="2018-08-28T11:29:33Z">
          <reporter-output>
          </reporter-output>
        </test-method> <!-- checkSuiteSkipTest -->
        <test-method status="PASS" signature="checkTestcaseSkip()[pri:0, instance:com.hasbro.sanity.SanitySuite5_WorkFlow@5a4041cc]" name="checkTestcaseSkip" is-config="true" duration-ms="3" started-at="2018-08-28T11:29:41Z" finished-at="2018-08-28T11:29:41Z">
          <reporter-output>
          </reporter-output>
        </test-method> <!-- checkTestcaseSkip -->
        <test-method status="PASS" signature="Refresh()[pri:0, instance:com.hasbro.sanity.SanitySuite5_WorkFlow@5a4041cc]" name="Refresh" is-config="true" duration-ms="2" started-at="2018-08-28T11:29:41Z" finished-at="2018-08-28T11:29:41Z">
          <reporter-output>
          </reporter-output>
        </test-method> <!-- Refresh -->
        <test-method status="FAIL" signature="tcSCFunctional([Ljava.lang.String;)[pri:0, instance:com.hasbro.sanity.SanitySuite5_WorkFlow@5a4041cc]" name="tcSCFunctional" duration-ms="516174" started-at="2018-08-28T11:29:41Z" data-provider="testDataTest" finished-at="2018-08-28T11:38:17Z">
          <params>
            <param index="0">
              <value>
                <![CDATA[[Ljava.lang.String;@7c37f145]]>
              </value>
            </param>
          </params>
          <exception class="java.lang.AssertionError">
            <message>
              <![CDATA[expected [Request Sent] but found [Draft]]]>
            </message>
            <full-stacktrace>
              <![CDATA[java.lang.AssertionError: expected [Request Sent] but found [Draft]
at org.testng.Assert.fail(Assert.java:96)
at org.testng.Assert.failNotEquals(Assert.java:776)
at org.testng.Assert.assertEqualsImpl(Assert.java:137)
at org.testng.Assert.assertEquals(Assert.java:118)
at org.testng.Assert.assertEquals(Assert.java:453)
at org.testng.Assert.assertEquals(Assert.java:463)
at org.testng.asserts.Assertion$11.doAssert(Assertion.java:201)
at org.testng.asserts.Assertion.executeAssert(Assertion.java:30)
at org.testng.asserts.Assertion.doAssert(Assertion.java:15)
at org.testng.asserts.Assertion.assertEquals(Assertion.java:198)
at util.CommonFunctions.AssertEqualsVerification(CommonFunctions.java:257)
at com.hasbro.sanity.WorkFlowPreRequisite.SubmitRequestStatusCheck(WorkFlowPreRequisite.java:1348)
at com.hasbro.sanity.WorkFlowPreRequisite.workFlow_PreRequisite_ForTwoRetailItems(WorkFlowPreRequisite.java:145)
at com.hasbro.sanity.SanitySuite5_WorkFlow.tcSCFunctional(SanitySuite5_WorkFlow.java:160)
at sun.reflect.NativeMethodAccessorImpl.invoke0(Native Method)
at sun.reflect.NativeMethodAccessorImpl.invoke(Unknown Source)
at sun.reflect.DelegatingMethodAccessorImpl.invoke(Unknown Source)
at java.lang.reflect.Method.invoke(Unknown Source)
at org.testng.internal.MethodInvocationHelper.invokeMethod(MethodInvocationHelper.java:124)
at org.testng.internal.Invoker.invokeMethod(Invoker.java:580)
at org.testng.internal.Invoker.invokeTestMethod(Invoker.java:716)
at org.testng.internal.Invoker.invokeTestMethods(Invoker.java:988)
at org.testng.internal.TestMethodWorker.invokeTestMethods(TestMethodWorker.java:125)
at org.testng.internal.TestMethodWorker.run(TestMethodWorker.java:109)
at org.testng.TestRunner.privateRun(TestRunner.java:648)
at org.testng.TestRunner.run(TestRunner.java:505)
at org.testng.SuiteRunner.runTest(SuiteRunner.java:455)
at org.testng.SuiteRunner.runSequentially(SuiteRunner.java:450)
at org.testng.SuiteRunner.privateRun(SuiteRunner.java:415)
at org.testng.SuiteRunner.run(SuiteRunner.java:364)
at org.testng.SuiteRunnerWorker.runSuite(SuiteRunnerWorker.java:52)
at org.testng.SuiteRunnerWorker.run(SuiteRunnerWorker.java:84)
at org.testng.TestNG.runSuitesSequentially(TestNG.java:1208)
at org.testng.TestNG.runSuitesLocally(TestNG.java:1137)
at org.testng.TestNG.runSuites(TestNG.java:1049)
at org.testng.TestNG.run(TestNG.java:1017)
at org.testng.remote.AbstractRemoteTestNG.run(AbstractRemoteTestNG.java:114)
at org.testng.remote.RemoteTestNG.initAndRun(RemoteTestNG.java:251)
at org.testng.remote.RemoteTestNG.main(RemoteTestNG.java:77)
]]>
            </full-stacktrace>
          </exception> <!-- java.lang.AssertionError -->
          <reporter-output>
          </reporter-output>
        </test-method> <!-- tcSCFunctional -->
        <test-method status="PASS" signature="reporterdataSetResult()[pri:0, instance:com.hasbro.sanity.SanitySuite5_WorkFlow@5a4041cc]" name="reporterdataSetResult" is-config="true" duration-ms="3254" started-at="2018-08-28T11:38:17Z" finished-at="2018-08-28T11:38:20Z">
          <reporter-output>
          </reporter-output>
        </test-method> <!-- reporterdataSetResult -->
        <test-method status="PASS" signature="Refresh()[pri:0, instance:com.hasbro.sanity.SanitySuite5_WorkFlow@5a4041cc]" name="Refresh" is-config="true" duration-ms="2429" started-at="2018-08-28T11:38:20Z" finished-at="2018-08-28T11:38:23Z">
          <reporter-output>
          </reporter-output>
        </test-method> <!-- Refresh -->
        <test-method status="SKIP" signature="tcSCFunctional([Ljava.lang.String;)[pri:0, instance:com.hasbro.sanity.SanitySuite5_WorkFlow@5a4041cc]" name="tcSCFunctional" duration-ms="934" started-at="2018-08-28T11:38:23Z" data-provider="testDataTest" finished-at="2018-08-28T11:38:24Z">
          <params>
            <param index="0">
              <value>
                <![CDATA[[Ljava.lang.String;@68699afc]]>
              </value>
            </param>
          </params>
          <exception class="org.testng.SkipException">
            <message>
              <![CDATA[SanitySuite5_WorkFlow Testdata row number 2 is skipped as runmode is set to N]]>
            </message>
            <full-stacktrace>
              <![CDATA[org.testng.SkipException: SanitySuite5_WorkFlow Testdata row number 2 is skipped as runmode is set to N
at com.hasbro.sanity.SanitySuite5_WorkFlow.tcSCFunctional(SanitySuite5_WorkFlow.java:121)
at sun.reflect.NativeMethodAccessorImpl.invoke0(Native Method)
at sun.reflect.NativeMethodAccessorImpl.invoke(Unknown Source)
at sun.reflect.DelegatingMethodAccessorImpl.invoke(Unknown Source)
at java.lang.reflect.Method.invoke(Unknown Source)
at org.testng.internal.MethodInvocationHelper.invokeMethod(MethodInvocationHelper.java:124)
at org.testng.internal.Invoker.invokeMethod(Invoker.java:580)
at org.testng.internal.Invoker.invokeTestMethod(Invoker.java:716)
at org.testng.internal.Invoker.invokeTestMethods(Invoker.java:988)
at org.testng.internal.TestMethodWorker.invokeTestMethods(TestMethodWorker.java:125)
at org.testng.internal.TestMethodWorker.run(TestMethodWorker.java:109)
at org.testng.TestRunner.privateRun(TestRunner.java:648)
at org.testng.TestRunner.run(TestRunner.java:505)
at org.testng.SuiteRunner.runTest(SuiteRunner.java:455)
at org.testng.SuiteRunner.runSequentially(SuiteRunner.java:450)
at org.testng.SuiteRunner.privateRun(SuiteRunner.java:415)
at org.testng.SuiteRunner.run(SuiteRunner.java:364)
at org.testng.SuiteRunnerWorker.runSuite(SuiteRunnerWorker.java:52)
at org.testng.SuiteRunnerWorker.run(SuiteRunnerWorker.java:84)
at org.testng.TestNG.runSuitesSequentially(TestNG.java:1208)
at org.testng.TestNG.runSuitesLocally(TestNG.java:1137)
at org.testng.TestNG.runSuites(TestNG.java:1049)
at org.testng.TestNG.run(TestNG.java:1017)
at org.testng.remote.AbstractRemoteTestNG.run(AbstractRemoteTestNG.java:114)
at org.testng.remote.RemoteTestNG.initAndRun(RemoteTestNG.java:251)
at org.testng.remote.RemoteTestNG.main(RemoteTestNG.java:77)
]]>
            </full-stacktrace>
          </exception> <!-- org.testng.SkipException -->
          <reporter-output>
          </reporter-output>
        </test-method> <!-- tcSCFunctional -->
        <test-method status="PASS" signature="reporterdataSetResult()[pri:0, instance:com.hasbro.sanity.SanitySuite5_WorkFlow@5a4041cc]" name="reporterdataSetResult" is-config="true" duration-ms="705" started-at="2018-08-28T11:38:24Z" finished-at="2018-08-28T11:38:24Z">
          <reporter-output>
          </reporter-output>
        </test-method> <!-- reporterdataSetResult -->
        <test-method status="PASS" signature="Refresh()[pri:0, instance:com.hasbro.sanity.SanitySuite5_WorkFlow@5a4041cc]" name="Refresh" is-config="true" duration-ms="1750" started-at="2018-08-28T11:38:24Z" finished-at="2018-08-28T11:38:26Z">
          <reporter-output>
          </reporter-output>
        </test-method> <!-- Refresh -->
        <test-method status="SKIP" signature="tcSCFunctional([Ljava.lang.String;)[pri:0, instance:com.hasbro.sanity.SanitySuite5_WorkFlow@5a4041cc]" name="tcSCFunctional" duration-ms="877" started-at="2018-08-28T11:38:26Z" data-provider="testDataTest" finished-at="2018-08-28T11:38:27Z">
          <params>
            <param index="0">
              <value>
                <![CDATA[[Ljava.lang.String;@1823b9c4]]>
              </value>
            </param>
          </params>
          <exception class="org.testng.SkipException">
            <message>
              <![CDATA[SanitySuite5_WorkFlow Testdata row number 3 is skipped as runmode is set to N]]>
            </message>
            <full-stacktrace>
              <![CDATA[org.testng.SkipException: SanitySuite5_WorkFlow Testdata row number 3 is skipped as runmode is set to N
at com.hasbro.sanity.SanitySuite5_WorkFlow.tcSCFunctional(SanitySuite5_WorkFlow.java:121)
at sun.reflect.NativeMethodAccessorImpl.invoke0(Native Method)
at sun.reflect.NativeMethodAccessorImpl.invoke(Unknown Source)
at sun.reflect.DelegatingMethodAccessorImpl.invoke(Unknown Source)
at java.lang.reflect.Method.invoke(Unknown Source)
at org.testng.internal.MethodInvocationHelper.invokeMethod(MethodInvocationHelper.java:124)
at org.testng.internal.Invoker.invokeMethod(Invoker.java:580)
at org.testng.internal.Invoker.invokeTestMethod(Invoker.java:716)
at org.testng.internal.Invoker.invokeTestMethods(Invoker.java:988)
at org.testng.internal.TestMethodWorker.invokeTestMethods(TestMethodWorker.java:125)
at org.testng.internal.TestMethodWorker.run(TestMethodWorker.java:109)
at org.testng.TestRunner.privateRun(TestRunner.java:648)
at org.testng.TestRunner.run(TestRunner.java:505)
at org.testng.SuiteRunner.runTest(SuiteRunner.java:455)
at org.testng.SuiteRunner.runSequentially(SuiteRunner.java:450)
at org.testng.SuiteRunner.privateRun(SuiteRunner.java:415)
at org.testng.SuiteRunner.run(SuiteRunner.java:364)
at org.testng.SuiteRunnerWorker.runSuite(SuiteRunnerWorker.java:52)
at org.testng.SuiteRunnerWorker.run(SuiteRunnerWorker.java:84)
at org.testng.TestNG.runSuitesSequentially(TestNG.java:1208)
at org.testng.TestNG.runSuitesLocally(TestNG.java:1137)
at org.testng.TestNG.runSuites(TestNG.java:1049)
at org.testng.TestNG.run(TestNG.java:1017)
at org.testng.remote.AbstractRemoteTestNG.run(AbstractRemoteTestNG.java:114)
at org.testng.remote.RemoteTestNG.initAndRun(RemoteTestNG.java:251)
at org.testng.remote.RemoteTestNG.main(RemoteTestNG.java:77)
]]>
            </full-stacktrace>
          </exception> <!-- org.testng.SkipException -->
          <reporter-output>
          </reporter-output>
        </test-method> <!-- tcSCFunctional -->
        <test-method status="PASS" signature="reporterdataSetResult()[pri:0, instance:com.hasbro.sanity.SanitySuite5_WorkFlow@5a4041cc]" name="reporterdataSetResult" is-config="true" duration-ms="719" started-at="2018-08-28T11:38:27Z" finished-at="2018-08-28T11:38:28Z">
          <reporter-output>
          </reporter-output>
        </test-method> <!-- reporterdataSetResult -->
        <test-method status="PASS" signature="Refresh()[pri:0, instance:com.hasbro.sanity.SanitySuite5_WorkFlow@5a4041cc]" name="Refresh" is-config="true" duration-ms="1863" started-at="2018-08-28T11:38:28Z" finished-at="2018-08-28T11:38:29Z">
          <reporter-output>
          </reporter-output>
        </test-method> <!-- Refresh -->
        <test-method status="SKIP" signature="tcSCFunctional([Ljava.lang.String;)[pri:0, instance:com.hasbro.sanity.SanitySuite5_WorkFlow@5a4041cc]" name="tcSCFunctional" duration-ms="832" started-at="2018-08-28T11:38:29Z" data-provider="testDataTest" finished-at="2018-08-28T11:38:30Z">
          <params>
            <param index="0">
              <value>
                <![CDATA[[Ljava.lang.String;@7f4701b1]]>
              </value>
            </param>
          </params>
          <exception class="org.testng.SkipException">
            <message>
              <![CDATA[SanitySuite5_WorkFlow Testdata row number 4 is skipped as runmode is set to N]]>
            </message>
            <full-stacktrace>
              <![CDATA[org.testng.SkipException: SanitySuite5_WorkFlow Testdata row number 4 is skipped as runmode is set to N
at com.hasbro.sanity.SanitySuite5_WorkFlow.tcSCFunctional(SanitySuite5_WorkFlow.java:121)
at sun.reflect.NativeMethodAccessorImpl.invoke0(Native Method)
at sun.reflect.NativeMethodAccessorImpl.invoke(Unknown Source)
at sun.reflect.DelegatingMethodAccessorImpl.invoke(Unknown Source)
at java.lang.reflect.Method.invoke(Unknown Source)
at org.testng.internal.MethodInvocationHelper.invokeMethod(MethodInvocationHelper.java:124)
at org.testng.internal.Invoker.invokeMethod(Invoker.java:580)
at org.testng.internal.Invoker.invokeTestMethod(Invoker.java:716)
at org.testng.internal.Invoker.invokeTestMethods(Invoker.java:988)
at org.testng.internal.TestMethodWorker.invokeTestMethods(TestMethodWorker.java:125)
at org.testng.internal.TestMethodWorker.run(TestMethodWorker.java:109)
at org.testng.TestRunner.privateRun(TestRunner.java:648)
at org.testng.TestRunner.run(TestRunner.java:505)
at org.testng.SuiteRunner.runTest(SuiteRunner.java:455)
at org.testng.SuiteRunner.runSequentially(SuiteRunner.java:450)
at org.testng.SuiteRunner.privateRun(SuiteRunner.java:415)
at org.testng.SuiteRunner.run(SuiteRunner.java:364)
at org.testng.SuiteRunnerWorker.runSuite(SuiteRunnerWorker.java:52)
at org.testng.SuiteRunnerWorker.run(SuiteRunnerWorker.java:84)
at org.testng.TestNG.runSuitesSequentially(TestNG.java:1208)
at org.testng.TestNG.runSuitesLocally(TestNG.java:1137)
at org.testng.TestNG.runSuites(TestNG.java:1049)
at org.testng.TestNG.run(TestNG.java:1017)
at org.testng.remote.AbstractRemoteTestNG.run(AbstractRemoteTestNG.java:114)
at org.testng.remote.RemoteTestNG.initAndRun(RemoteTestNG.java:251)
at org.testng.remote.RemoteTestNG.main(RemoteTestNG.java:77)
]]>
            </full-stacktrace>
          </exception> <!-- org.testng.SkipException -->
          <reporter-output>
          </reporter-output>
        </test-method> <!-- tcSCFunctional -->
        <test-method status="PASS" signature="reporterdataSetResult()[pri:0, instance:com.hasbro.sanity.SanitySuite5_WorkFlow@5a4041cc]" name="reporterdataSetResult" is-config="true" duration-ms="701" started-at="2018-08-28T11:38:30Z" finished-at="2018-08-28T11:38:31Z">
          <reporter-output>
          </reporter-output>
        </test-method> <!-- reporterdataSetResult -->
        <test-method status="PASS" signature="reportTestcaseResult()[pri:0, instance:com.hasbro.sanity.SanitySuite5_WorkFlow@5a4041cc]" name="reportTestcaseResult" is-config="true" duration-ms="697" started-at="2018-08-28T11:38:31Z" finished-at="2018-08-28T11:38:32Z">
          <reporter-output>
          </reporter-output>
        </test-method> <!-- reportTestcaseResult -->
      </class> <!-- com.hasbro.sanity.SanitySuite5_WorkFlow -->
    </test> <!-- SanitySuite5_WorkFlow -->
  </suite> <!-- Smoke -->
</testng-results>
