<?xml version="1.0" encoding="UTF-8"?>
<!-- Generated by org.testng.reporters.JUnitXMLReporter -->
<testsuite hostname="BDC6-LX-723061Y" ignored="0" name="CostSheetView" tests="20" failures="0" timestamp="14 Jun 2018 07:14:57 GMT" time="0.138" errors="0">
  <testcase name="@BeforeTest checkTestcaseSkip" time="0.002" classname="com.hasbro.views.CostSheetView">
    <skipped/>
  </testcase> <!-- @BeforeTest checkTestcaseSkip -->
  <testcase name="@AfterMethod reporterdataSetResult" time="0.0" classname="com.hasbro.views.CostSheetView">
    <skipped/>
  </testcase> <!-- @AfterMethod reporterdataSetResult -->
  <testcase name="@AfterMethod reporterdataSetResult" time="0.0" classname="com.hasbro.views.CostSheetView">
    <skipped/>
  </testcase> <!-- @AfterMethod reporterdataSetResult -->
  <testcase name="@AfterMethod reporterdataSetResult" time="0.0" classname="com.hasbro.views.CostSheetView">
    <skipped/>
  </testcase> <!-- @AfterMethod reporterdataSetResult -->
  <testcase name="@AfterMethod reporterdataSetResult" time="0.0" classname="com.hasbro.views.CostSheetView">
    <skipped/>
  </testcase> <!-- @AfterMethod reporterdataSetResult -->
  <testcase name="@AfterMethod reporterdataSetResult" time="0.0" classname="com.hasbro.views.CostSheetView">
    <skipped/>
  </testcase> <!-- @AfterMethod reporterdataSetResult -->
  <testcase name="@AfterMethod reporterdataSetResult" time="0.0" classname="com.hasbro.views.CostSheetView">
    <skipped/>
  </testcase> <!-- @AfterMethod reporterdataSetResult -->
  <testcase name="@AfterMethod reporterdataSetResult" time="0.0" classname="com.hasbro.views.CostSheetView">
    <skipped/>
  </testcase> <!-- @AfterMethod reporterdataSetResult -->
  <testcase name="@AfterMethod reporterdataSetResult" time="0.0" classname="com.hasbro.views.CostSheetView">
    <skipped/>
  </testcase> <!-- @AfterMethod reporterdataSetResult -->
  <testcase name="@AfterMethod reporterdataSetResult" time="0.0" classname="com.hasbro.views.CostSheetView">
    <skipped/>
  </testcase> <!-- @AfterMethod reporterdataSetResult -->
  <testcase name="@AfterMethod reporterdataSetResult" time="0.0" classname="com.hasbro.views.CostSheetView">
    <skipped/>
  </testcase> <!-- @AfterMethod reporterdataSetResult -->
  <testcase name="@AfterMethod reporterdataSetResult" time="0.0" classname="com.hasbro.views.CostSheetView">
    <skipped/>
  </testcase> <!-- @AfterMethod reporterdataSetResult -->
  <testcase name="@AfterMethod reporterdataSetResult" time="0.0" classname="com.hasbro.views.CostSheetView">
    <skipped/>
  </testcase> <!-- @AfterMethod reporterdataSetResult -->
  <testcase name="@AfterMethod reporterdataSetResult" time="0.0" classname="com.hasbro.views.CostSheetView">
    <skipped/>
  </testcase> <!-- @AfterMethod reporterdataSetResult -->
  <testcase name="@AfterMethod reporterdataSetResult" time="0.0" classname="com.hasbro.views.CostSheetView">
    <skipped/>
  </testcase> <!-- @AfterMethod reporterdataSetResult -->
  <testcase name="@AfterMethod reporterdataSetResult" time="0.0" classname="com.hasbro.views.CostSheetView">
    <skipped/>
  </testcase> <!-- @AfterMethod reporterdataSetResult -->
  <testcase name="@AfterMethod reporterdataSetResult" time="0.0" classname="com.hasbro.views.CostSheetView">
    <skipped/>
  </testcase> <!-- @AfterMethod reporterdataSetResult -->
  <testcase name="@AfterMethod reporterdataSetResult" time="0.0" classname="com.hasbro.views.CostSheetView">
    <skipped/>
  </testcase> <!-- @AfterMethod reporterdataSetResult -->
  <testcase name="@AfterMethod reporterdataSetResult" time="0.0" classname="com.hasbro.views.CostSheetView">
    <skipped/>
  </testcase> <!-- @AfterMethod reporterdataSetResult -->
  <testcase name="@AfterMethod reporterdataSetResult" time="0.0" classname="com.hasbro.views.CostSheetView">
    <skipped/>
  </testcase> <!-- @AfterMethod reporterdataSetResult -->
  <testcase name="@AfterMethod reporterdataSetResult" time="0.0" classname="com.hasbro.views.CostSheetView">
    <skipped/>
  </testcase> <!-- @AfterMethod reporterdataSetResult -->
  <testcase name="@AfterTest reportTestcaseResult" time="0.0" classname="com.hasbro.views.CostSheetView">
    <skipped/>
  </testcase> <!-- @AfterTest reportTestcaseResult -->
  <testcase name="tcView" time="0.0" classname="com.hasbro.views.CostSheetView">
    <skipped/>
  </testcase> <!-- tcView -->
  <testcase name="tcView" time="0.0" classname="com.hasbro.views.CostSheetView">
    <skipped/>
  </testcase> <!-- tcView -->
  <testcase name="tcView" time="0.0" classname="com.hasbro.views.CostSheetView">
    <skipped/>
  </testcase> <!-- tcView -->
  <testcase name="tcView" time="0.0" classname="com.hasbro.views.CostSheetView">
    <skipped/>
  </testcase> <!-- tcView -->
  <testcase name="tcView" time="0.0" classname="com.hasbro.views.CostSheetView">
    <skipped/>
  </testcase> <!-- tcView -->
  <testcase name="tcView" time="0.0" classname="com.hasbro.views.CostSheetView">
    <skipped/>
  </testcase> <!-- tcView -->
  <testcase name="tcView" time="0.0" classname="com.hasbro.views.CostSheetView">
    <skipped/>
  </testcase> <!-- tcView -->
  <testcase name="tcView" time="0.0" classname="com.hasbro.views.CostSheetView">
    <skipped/>
  </testcase> <!-- tcView -->
  <testcase name="tcView" time="0.0" classname="com.hasbro.views.CostSheetView">
    <skipped/>
  </testcase> <!-- tcView -->
  <testcase name="tcView" time="0.0" classname="com.hasbro.views.CostSheetView">
    <skipped/>
  </testcase> <!-- tcView -->
  <testcase name="tcView" time="0.0" classname="com.hasbro.views.CostSheetView">
    <skipped/>
  </testcase> <!-- tcView -->
  <testcase name="tcView" time="0.0" classname="com.hasbro.views.CostSheetView">
    <skipped/>
  </testcase> <!-- tcView -->
  <testcase name="tcView" time="0.0" classname="com.hasbro.views.CostSheetView">
    <skipped/>
  </testcase> <!-- tcView -->
  <testcase name="tcView" time="0.0" classname="com.hasbro.views.CostSheetView">
    <skipped/>
  </testcase> <!-- tcView -->
  <testcase name="tcView" time="0.0" classname="com.hasbro.views.CostSheetView">
    <skipped/>
  </testcase> <!-- tcView -->
  <testcase name="tcView" time="0.0" classname="com.hasbro.views.CostSheetView">
    <skipped/>
  </testcase> <!-- tcView -->
  <testcase name="tcView" time="0.0" classname="com.hasbro.views.CostSheetView">
    <skipped/>
  </testcase> <!-- tcView -->
  <testcase name="tcView" time="0.0" classname="com.hasbro.views.CostSheetView">
    <skipped/>
  </testcase> <!-- tcView -->
  <testcase name="tcView" time="0.0" classname="com.hasbro.views.CostSheetView">
    <skipped/>
  </testcase> <!-- tcView -->
  <testcase name="tcView" time="0.0" classname="com.hasbro.views.CostSheetView">
    <skipped/>
  </testcase> <!-- tcView -->
</testsuite> <!-- CostSheetView -->
