<?xml version="1.0" encoding="UTF-8"?>
<!-- Generated by org.testng.reporters.JUnitReportReporter -->
<testsuite skipped="2040" hostname="BDC6-LX-723061Y" name="com.hasbro.security.Packaging" tests="2040" failures="0" timestamp="20 Mar 2018 12:33:08 GMT" time="0.000" errors="0">
  <testcase name="tcPackaging" time="0.000" classname="com.hasbro.security.Packaging">
    <skipped/>
  </testcase> <!-- tcPackaging -->
  <testcase name="tcPackaging" time="0.000" classname="com.hasbro.security.Packaging">
    <skipped/>
  </testcase> <!-- tcPackaging -->
  <testcase name="tcPackaging" time="0.000" classname="com.hasbro.security.Packaging">
    <skipped/>
  </testcase> <!-- tcPackaging -->
  <testcase name="tcPackaging" time="0.000" classname="com.hasbro.security.Packaging">
    <skipped/>
  </testcase> <!-- tcPackaging -->
  <testcase name="tcPackaging" time="0.000" classname="com.hasbro.security.Packaging">
    <skipped/>
  </testcase> <!-- tcPackaging -->
  <testcase name="tcPackaging" time="0.000" classname="com.hasbro.security.Packaging">
    <skipped/>
  </testcase> <!-- tcPackaging -->
  <testcase name="tcPackaging" time="0.000" classname="com.hasbro.security.Packaging">
    <skipped/>
  </testcase> <!-- tcPackaging -->
  <testcase name="tcPackaging" time="0.000" classname="com.hasbro.security.Packaging">
    <skipped/>
  </testcase> <!-- tcPackaging -->
  <testcase name="tcPackaging" time="0.000" classname="com.hasbro.security.Packaging">
    <skipped/>
  </testcase> <!-- tcPackaging -->
  <testcase name="tcPackaging" time="0.000" classname="com.hasbro.security.Packaging">
    <skipped/>
  </testcase> <!-- tcPackaging -->
  <testcase name="tcPackaging" time="0.000" classname="com.hasbro.security.Packaging">
    <skipped/>
  </testcase> <!-- tcPackaging -->
  <testcase name="tcPackaging" time="0.000" classname="com.hasbro.security.Packaging">
    <skipped/>
  </testcase> <!-- tcPackaging -->
  <testcase name="tcPackaging" time="0.000" classname="com.hasbro.security.Packaging">
    <skipped/>
  </testcase> <!-- tcPackaging -->
  <testcase name="tcPackaging" time="0.000" classname="com.hasbro.security.Packaging">
    <skipped/>
  </testcase> <!-- tcPackaging -->
  <testcase name="tcPackaging" time="0.000" classname="com.hasbro.security.Packaging">
    <skipped/>
  </testcase> <!-- tcPackaging -->
  <testcase name="tcPackaging" time="0.000" classname="com.hasbro.security.Packaging">
    <skipped/>
  </testcase> <!-- tcPackaging -->
  <testcase name="tcPackaging" time="0.000" classname="com.hasbro.security.Packaging">
    <skipped/>
  </testcase> <!-- tcPackaging -->
  <testcase name="tcPackaging" time="0.000" classname="com.hasbro.security.Packaging">
    <skipped/>
  </testcase> <!-- tcPackaging -->
  <testcase name="tcPackaging" time="0.000" classname="com.hasbro.security.Packaging">
    <skipped/>
  </testcase> <!-- tcPackaging -->
  <testcase name="tcPackaging" time="0.000" classname="com.hasbro.security.Packaging">
    <skipped/>
  </testcase> <!-- tcPackaging -->
  <testcase name="tcPackaging" time="0.000" classname="com.hasbro.security.Packaging">
    <skipped/>
  </testcase> <!-- tcPackaging -->
  <testcase name="tcPackaging" time="0.000" classname="com.hasbro.security.Packaging">
    <skipped/>
  </testcase> <!-- tcPackaging -->
  <testcase name="tcPackaging" time="0.000" classname="com.hasbro.security.Packaging">
    <skipped/>
  </testcase> <!-- tcPackaging -->
  <testcase name="tcPackaging" time="0.000" classname="com.hasbro.security.Packaging">
    <skipped/>
  </testcase> <!-- tcPackaging -->
  <testcase name="tcPackaging" time="0.000" classname="com.hasbro.security.Packaging">
    <skipped/>
  </testcase> <!-- tcPackaging -->
  <testcase name="tcPackaging" time="0.000" classname="com.hasbro.security.Packaging">
    <skipped/>
  </testcase> <!-- tcPackaging -->
  <testcase name="tcPackaging" time="0.000" classname="com.hasbro.security.Packaging">
    <skipped/>
  </testcase> <!-- tcPackaging -->
  <testcase name="tcPackaging" time="0.000" classname="com.hasbro.security.Packaging">
    <skipped/>
  </testcase> <!-- tcPackaging -->
  <testcase name="tcPackaging" time="0.000" classname="com.hasbro.security.Packaging">
    <skipped/>
  </testcase> <!-- tcPackaging -->
  <testcase name="tcPackaging" time="0.000" classname="com.hasbro.security.Packaging">
    <skipped/>
  </testcase> <!-- tcPackaging -->
  <testcase name="tcPackaging" time="0.000" classname="com.hasbro.security.Packaging">
    <skipped/>
  </testcase> <!-- tcPackaging -->
  <testcase name="tcPackaging" time="0.000" classname="com.hasbro.security.Packaging">
    <skipped/>
  </testcase> <!-- tcPackaging -->
  <testcase name="tcPackaging" time="0.000" classname="com.hasbro.security.Packaging">
    <skipped/>
  </testcase> <!-- tcPackaging -->
  <testcase name="tcPackaging" time="0.000" classname="com.hasbro.security.Packaging">
    <skipped/>
  </testcase> <!-- tcPackaging -->
  <testcase name="tcPackaging" time="0.000" classname="com.hasbro.security.Packaging">
    <skipped/>
  </testcase> <!-- tcPackaging -->
  <testcase name="tcPackaging" time="0.000" classname="com.hasbro.security.Packaging">
    <skipped/>
  </testcase> <!-- tcPackaging -->
  <testcase name="tcPackaging" time="0.000" classname="com.hasbro.security.Packaging">
    <skipped/>
  </testcase> <!-- tcPackaging -->
  <testcase name="tcPackaging" time="0.000" classname="com.hasbro.security.Packaging">
    <skipped/>
  </testcase> <!-- tcPackaging -->
  <testcase name="tcPackaging" time="0.000" classname="com.hasbro.security.Packaging">
    <skipped/>
  </testcase> <!-- tcPackaging -->
  <testcase name="tcPackaging" time="0.000" classname="com.hasbro.security.Packaging">
    <skipped/>
  </testcase> <!-- tcPackaging -->
  <testcase name="tcPackaging" time="0.000" classname="com.hasbro.security.Packaging">
    <skipped/>
  </testcase> <!-- tcPackaging -->
  <testcase name="tcPackaging" time="0.000" classname="com.hasbro.security.Packaging">
    <skipped/>
  </testcase> <!-- tcPackaging -->
  <testcase name="tcPackaging" time="0.000" classname="com.hasbro.security.Packaging">
    <skipped/>
  </testcase> <!-- tcPackaging -->
  <testcase name="tcPackaging" time="0.000" classname="com.hasbro.security.Packaging">
    <skipped/>
  </testcase> <!-- tcPackaging -->
  <testcase name="tcPackaging" time="0.000" classname="com.hasbro.security.Packaging">
    <skipped/>
  </testcase> <!-- tcPackaging -->
  <testcase name="tcPackaging" time="0.000" classname="com.hasbro.security.Packaging">
    <skipped/>
  </testcase> <!-- tcPackaging -->
  <testcase name="tcPackaging" time="0.000" classname="com.hasbro.security.Packaging">
    <skipped/>
  </testcase> <!-- tcPackaging -->
  <testcase name="tcPackaging" time="0.000" classname="com.hasbro.security.Packaging">
    <skipped/>
  </testcase> <!-- tcPackaging -->
  <testcase name="tcPackaging" time="0.000" classname="com.hasbro.security.Packaging">
    <skipped/>
  </testcase> <!-- tcPackaging -->
  <testcase name="tcPackaging" time="0.000" classname="com.hasbro.security.Packaging">
    <skipped/>
  </testcase> <!-- tcPackaging -->
  <testcase name="tcPackaging" time="0.000" classname="com.hasbro.security.Packaging">
    <skipped/>
  </testcase> <!-- tcPackaging -->
  <testcase name="tcPackaging" time="0.000" classname="com.hasbro.security.Packaging">
    <skipped/>
  </testcase> <!-- tcPackaging -->
  <testcase name="tcPackaging" time="0.000" classname="com.hasbro.security.Packaging">
    <skipped/>
  </testcase> <!-- tcPackaging -->
  <testcase name="tcPackaging" time="0.000" classname="com.hasbro.security.Packaging">
    <skipped/>
  </testcase> <!-- tcPackaging -->
  <testcase name="tcPackaging" time="0.000" classname="com.hasbro.security.Packaging">
    <skipped/>
  </testcase> <!-- tcPackaging -->
  <testcase name="tcPackaging" time="0.000" classname="com.hasbro.security.Packaging">
    <skipped/>
  </testcase> <!-- tcPackaging -->
  <testcase name="tcPackaging" time="0.000" classname="com.hasbro.security.Packaging">
    <skipped/>
  </testcase> <!-- tcPackaging -->
  <testcase name="tcPackaging" time="0.000" classname="com.hasbro.security.Packaging">
    <skipped/>
  </testcase> <!-- tcPackaging -->
  <testcase name="tcPackaging" time="0.000" classname="com.hasbro.security.Packaging">
    <skipped/>
  </testcase> <!-- tcPackaging -->
  <testcase name="tcPackaging" time="0.000" classname="com.hasbro.security.Packaging">
    <skipped/>
  </testcase> <!-- tcPackaging -->
  <testcase name="tcPackaging" time="0.000" classname="com.hasbro.security.Packaging">
    <skipped/>
  </testcase> <!-- tcPackaging -->
  <testcase name="tcPackaging" time="0.000" classname="com.hasbro.security.Packaging">
    <skipped/>
  </testcase> <!-- tcPackaging -->
  <testcase name="tcPackaging" time="0.000" classname="com.hasbro.security.Packaging">
    <skipped/>
  </testcase> <!-- tcPackaging -->
  <testcase name="tcPackaging" time="0.000" classname="com.hasbro.security.Packaging">
    <skipped/>
  </testcase> <!-- tcPackaging -->
  <testcase name="tcPackaging" time="0.000" classname="com.hasbro.security.Packaging">
    <skipped/>
  </testcase> <!-- tcPackaging -->
  <testcase name="tcPackaging" time="0.000" classname="com.hasbro.security.Packaging">
    <skipped/>
  </testcase> <!-- tcPackaging -->
  <testcase name="tcPackaging" time="0.000" classname="com.hasbro.security.Packaging">
    <skipped/>
  </testcase> <!-- tcPackaging -->
  <testcase name="tcPackaging" time="0.000" classname="com.hasbro.security.Packaging">
    <skipped/>
  </testcase> <!-- tcPackaging -->
  <testcase name="tcPackaging" time="0.000" classname="com.hasbro.security.Packaging">
    <skipped/>
  </testcase> <!-- tcPackaging -->
  <testcase name="tcPackaging" time="0.000" classname="com.hasbro.security.Packaging">
    <skipped/>
  </testcase> <!-- tcPackaging -->
  <testcase name="tcPackaging" time="0.000" classname="com.hasbro.security.Packaging">
    <skipped/>
  </testcase> <!-- tcPackaging -->
  <testcase name="tcPackaging" time="0.000" classname="com.hasbro.security.Packaging">
    <skipped/>
  </testcase> <!-- tcPackaging -->
  <testcase name="tcPackaging" time="0.000" classname="com.hasbro.security.Packaging">
    <skipped/>
  </testcase> <!-- tcPackaging -->
  <testcase name="tcPackaging" time="0.000" classname="com.hasbro.security.Packaging">
    <skipped/>
  </testcase> <!-- tcPackaging -->
  <testcase name="tcPackaging" time="0.000" classname="com.hasbro.security.Packaging">
    <skipped/>
  </testcase> <!-- tcPackaging -->
  <testcase name="tcPackaging" time="0.000" classname="com.hasbro.security.Packaging">
    <skipped/>
  </testcase> <!-- tcPackaging -->
  <testcase name="tcPackaging" time="0.000" classname="com.hasbro.security.Packaging">
    <skipped/>
  </testcase> <!-- tcPackaging -->
  <testcase name="tcPackaging" time="0.000" classname="com.hasbro.security.Packaging">
    <skipped/>
  </testcase> <!-- tcPackaging -->
  <testcase name="tcPackaging" time="0.000" classname="com.hasbro.security.Packaging">
    <skipped/>
  </testcase> <!-- tcPackaging -->
  <testcase name="tcPackaging" time="0.000" classname="com.hasbro.security.Packaging">
    <skipped/>
  </testcase> <!-- tcPackaging -->
  <testcase name="tcPackaging" time="0.000" classname="com.hasbro.security.Packaging">
    <skipped/>
  </testcase> <!-- tcPackaging -->
  <testcase name="tcPackaging" time="0.000" classname="com.hasbro.security.Packaging">
    <skipped/>
  </testcase> <!-- tcPackaging -->
  <testcase name="tcPackaging" time="0.000" classname="com.hasbro.security.Packaging">
    <skipped/>
  </testcase> <!-- tcPackaging -->
  <testcase name="tcPackaging" time="0.000" classname="com.hasbro.security.Packaging">
    <skipped/>
  </testcase> <!-- tcPackaging -->
  <testcase name="tcPackaging" time="0.000" classname="com.hasbro.security.Packaging">
    <skipped/>
  </testcase> <!-- tcPackaging -->
  <testcase name="tcPackaging" time="0.000" classname="com.hasbro.security.Packaging">
    <skipped/>
  </testcase> <!-- tcPackaging -->
  <testcase name="tcPackaging" time="0.000" classname="com.hasbro.security.Packaging">
    <skipped/>
  </testcase> <!-- tcPackaging -->
  <testcase name="tcPackaging" time="0.000" classname="com.hasbro.security.Packaging">
    <skipped/>
  </testcase> <!-- tcPackaging -->
  <testcase name="tcPackaging" time="0.000" classname="com.hasbro.security.Packaging">
    <skipped/>
  </testcase> <!-- tcPackaging -->
  <testcase name="tcPackaging" time="0.000" classname="com.hasbro.security.Packaging">
    <skipped/>
  </testcase> <!-- tcPackaging -->
  <testcase name="tcPackaging" time="0.000" classname="com.hasbro.security.Packaging">
    <skipped/>
  </testcase> <!-- tcPackaging -->
  <testcase name="tcPackaging" time="0.000" classname="com.hasbro.security.Packaging">
    <skipped/>
  </testcase> <!-- tcPackaging -->
  <testcase name="tcPackaging" time="0.000" classname="com.hasbro.security.Packaging">
    <skipped/>
  </testcase> <!-- tcPackaging -->
  <testcase name="tcPackaging" time="0.000" classname="com.hasbro.security.Packaging">
    <skipped/>
  </testcase> <!-- tcPackaging -->
  <testcase name="tcPackaging" time="0.000" classname="com.hasbro.security.Packaging">
    <skipped/>
  </testcase> <!-- tcPackaging -->
  <testcase name="tcPackaging" time="0.000" classname="com.hasbro.security.Packaging">
    <skipped/>
  </testcase> <!-- tcPackaging -->
  <testcase name="tcPackaging" time="0.000" classname="com.hasbro.security.Packaging">
    <skipped/>
  </testcase> <!-- tcPackaging -->
  <testcase name="tcPackaging" time="0.000" classname="com.hasbro.security.Packaging">
    <skipped/>
  </testcase> <!-- tcPackaging -->
  <testcase name="tcPackaging" time="0.000" classname="com.hasbro.security.Packaging">
    <skipped/>
  </testcase> <!-- tcPackaging -->
  <testcase name="tcPackaging" time="0.000" classname="com.hasbro.security.Packaging">
    <skipped/>
  </testcase> <!-- tcPackaging -->
  <testcase name="tcPackaging" time="0.000" classname="com.hasbro.security.Packaging">
    <skipped/>
  </testcase> <!-- tcPackaging -->
  <testcase name="tcPackaging" time="0.000" classname="com.hasbro.security.Packaging">
    <skipped/>
  </testcase> <!-- tcPackaging -->
  <testcase name="tcPackaging" time="0.000" classname="com.hasbro.security.Packaging">
    <skipped/>
  </testcase> <!-- tcPackaging -->
  <testcase name="tcPackaging" time="0.000" classname="com.hasbro.security.Packaging">
    <skipped/>
  </testcase> <!-- tcPackaging -->
  <testcase name="tcPackaging" time="0.000" classname="com.hasbro.security.Packaging">
    <skipped/>
  </testcase> <!-- tcPackaging -->
  <testcase name="tcPackaging" time="0.000" classname="com.hasbro.security.Packaging">
    <skipped/>
  </testcase> <!-- tcPackaging -->
  <testcase name="tcPackaging" time="0.000" classname="com.hasbro.security.Packaging">
    <skipped/>
  </testcase> <!-- tcPackaging -->
  <testcase name="tcPackaging" time="0.000" classname="com.hasbro.security.Packaging">
    <skipped/>
  </testcase> <!-- tcPackaging -->
  <testcase name="tcPackaging" time="0.000" classname="com.hasbro.security.Packaging">
    <skipped/>
  </testcase> <!-- tcPackaging -->
  <testcase name="tcPackaging" time="0.000" classname="com.hasbro.security.Packaging">
    <skipped/>
  </testcase> <!-- tcPackaging -->
  <testcase name="tcPackaging" time="0.000" classname="com.hasbro.security.Packaging">
    <skipped/>
  </testcase> <!-- tcPackaging -->
  <testcase name="tcPackaging" time="0.000" classname="com.hasbro.security.Packaging">
    <skipped/>
  </testcase> <!-- tcPackaging -->
  <testcase name="tcPackaging" time="0.000" classname="com.hasbro.security.Packaging">
    <skipped/>
  </testcase> <!-- tcPackaging -->
  <testcase name="tcPackaging" time="0.000" classname="com.hasbro.security.Packaging">
    <skipped/>
  </testcase> <!-- tcPackaging -->
  <testcase name="tcPackaging" time="0.000" classname="com.hasbro.security.Packaging">
    <skipped/>
  </testcase> <!-- tcPackaging -->
  <testcase name="tcPackaging" time="0.000" classname="com.hasbro.security.Packaging">
    <skipped/>
  </testcase> <!-- tcPackaging -->
  <testcase name="tcPackaging" time="0.000" classname="com.hasbro.security.Packaging">
    <skipped/>
  </testcase> <!-- tcPackaging -->
  <testcase name="tcPackaging" time="0.000" classname="com.hasbro.security.Packaging">
    <skipped/>
  </testcase> <!-- tcPackaging -->
  <testcase name="tcPackaging" time="0.000" classname="com.hasbro.security.Packaging">
    <skipped/>
  </testcase> <!-- tcPackaging -->
  <testcase name="tcPackaging" time="0.000" classname="com.hasbro.security.Packaging">
    <skipped/>
  </testcase> <!-- tcPackaging -->
  <testcase name="tcPackaging" time="0.000" classname="com.hasbro.security.Packaging">
    <skipped/>
  </testcase> <!-- tcPackaging -->
  <testcase name="tcPackaging" time="0.000" classname="com.hasbro.security.Packaging">
    <skipped/>
  </testcase> <!-- tcPackaging -->
  <testcase name="tcPackaging" time="0.000" classname="com.hasbro.security.Packaging">
    <skipped/>
  </testcase> <!-- tcPackaging -->
  <testcase name="tcPackaging" time="0.000" classname="com.hasbro.security.Packaging">
    <skipped/>
  </testcase> <!-- tcPackaging -->
  <testcase name="tcPackaging" time="0.000" classname="com.hasbro.security.Packaging">
    <skipped/>
  </testcase> <!-- tcPackaging -->
  <testcase name="tcPackaging" time="0.000" classname="com.hasbro.security.Packaging">
    <skipped/>
  </testcase> <!-- tcPackaging -->
  <testcase name="tcPackaging" time="0.000" classname="com.hasbro.security.Packaging">
    <skipped/>
  </testcase> <!-- tcPackaging -->
  <testcase name="tcPackaging" time="0.000" classname="com.hasbro.security.Packaging">
    <skipped/>
  </testcase> <!-- tcPackaging -->
  <testcase name="tcPackaging" time="0.000" classname="com.hasbro.security.Packaging">
    <skipped/>
  </testcase> <!-- tcPackaging -->
  <testcase name="tcPackaging" time="0.000" classname="com.hasbro.security.Packaging">
    <skipped/>
  </testcase> <!-- tcPackaging -->
  <testcase name="tcPackaging" time="0.000" classname="com.hasbro.security.Packaging">
    <skipped/>
  </testcase> <!-- tcPackaging -->
  <testcase name="tcPackaging" time="0.000" classname="com.hasbro.security.Packaging">
    <skipped/>
  </testcase> <!-- tcPackaging -->
  <testcase name="tcPackaging" time="0.000" classname="com.hasbro.security.Packaging">
    <skipped/>
  </testcase> <!-- tcPackaging -->
  <testcase name="tcPackaging" time="0.000" classname="com.hasbro.security.Packaging">
    <skipped/>
  </testcase> <!-- tcPackaging -->
  <testcase name="tcPackaging" time="0.000" classname="com.hasbro.security.Packaging">
    <skipped/>
  </testcase> <!-- tcPackaging -->
  <testcase name="tcPackaging" time="0.000" classname="com.hasbro.security.Packaging">
    <skipped/>
  </testcase> <!-- tcPackaging -->
  <testcase name="tcPackaging" time="0.000" classname="com.hasbro.security.Packaging">
    <skipped/>
  </testcase> <!-- tcPackaging -->
  <testcase name="tcPackaging" time="0.000" classname="com.hasbro.security.Packaging">
    <skipped/>
  </testcase> <!-- tcPackaging -->
  <testcase name="tcPackaging" time="0.000" classname="com.hasbro.security.Packaging">
    <skipped/>
  </testcase> <!-- tcPackaging -->
  <testcase name="tcPackaging" time="0.000" classname="com.hasbro.security.Packaging">
    <skipped/>
  </testcase> <!-- tcPackaging -->
  <testcase name="tcPackaging" time="0.000" classname="com.hasbro.security.Packaging">
    <skipped/>
  </testcase> <!-- tcPackaging -->
  <testcase name="tcPackaging" time="0.000" classname="com.hasbro.security.Packaging">
    <skipped/>
  </testcase> <!-- tcPackaging -->
  <testcase name="tcPackaging" time="0.000" classname="com.hasbro.security.Packaging">
    <skipped/>
  </testcase> <!-- tcPackaging -->
  <testcase name="tcPackaging" time="0.000" classname="com.hasbro.security.Packaging">
    <skipped/>
  </testcase> <!-- tcPackaging -->
  <testcase name="tcPackaging" time="0.000" classname="com.hasbro.security.Packaging">
    <skipped/>
  </testcase> <!-- tcPackaging -->
  <testcase name="tcPackaging" time="0.000" classname="com.hasbro.security.Packaging">
    <skipped/>
  </testcase> <!-- tcPackaging -->
  <testcase name="tcPackaging" time="0.000" classname="com.hasbro.security.Packaging">
    <skipped/>
  </testcase> <!-- tcPackaging -->
  <testcase name="tcPackaging" time="0.000" classname="com.hasbro.security.Packaging">
    <skipped/>
  </testcase> <!-- tcPackaging -->
  <testcase name="tcPackaging" time="0.000" classname="com.hasbro.security.Packaging">
    <skipped/>
  </testcase> <!-- tcPackaging -->
  <testcase name="tcPackaging" time="0.000" classname="com.hasbro.security.Packaging">
    <skipped/>
  </testcase> <!-- tcPackaging -->
  <testcase name="tcPackaging" time="0.000" classname="com.hasbro.security.Packaging">
    <skipped/>
  </testcase> <!-- tcPackaging -->
  <testcase name="tcPackaging" time="0.000" classname="com.hasbro.security.Packaging">
    <skipped/>
  </testcase> <!-- tcPackaging -->
  <testcase name="tcPackaging" time="0.000" classname="com.hasbro.security.Packaging">
    <skipped/>
  </testcase> <!-- tcPackaging -->
  <testcase name="tcPackaging" time="0.000" classname="com.hasbro.security.Packaging">
    <skipped/>
  </testcase> <!-- tcPackaging -->
  <testcase name="tcPackaging" time="0.000" classname="com.hasbro.security.Packaging">
    <skipped/>
  </testcase> <!-- tcPackaging -->
  <testcase name="tcPackaging" time="0.000" classname="com.hasbro.security.Packaging">
    <skipped/>
  </testcase> <!-- tcPackaging -->
  <testcase name="tcPackaging" time="0.000" classname="com.hasbro.security.Packaging">
    <skipped/>
  </testcase> <!-- tcPackaging -->
  <testcase name="tcPackaging" time="0.000" classname="com.hasbro.security.Packaging">
    <skipped/>
  </testcase> <!-- tcPackaging -->
  <testcase name="tcPackaging" time="0.000" classname="com.hasbro.security.Packaging">
    <skipped/>
  </testcase> <!-- tcPackaging -->
  <testcase name="tcPackaging" time="0.000" classname="com.hasbro.security.Packaging">
    <skipped/>
  </testcase> <!-- tcPackaging -->
  <testcase name="tcPackaging" time="0.000" classname="com.hasbro.security.Packaging">
    <skipped/>
  </testcase> <!-- tcPackaging -->
  <testcase name="tcPackaging" time="0.000" classname="com.hasbro.security.Packaging">
    <skipped/>
  </testcase> <!-- tcPackaging -->
  <testcase name="tcPackaging" time="0.000" classname="com.hasbro.security.Packaging">
    <skipped/>
  </testcase> <!-- tcPackaging -->
  <testcase name="tcPackaging" time="0.000" classname="com.hasbro.security.Packaging">
    <skipped/>
  </testcase> <!-- tcPackaging -->
  <testcase name="tcPackaging" time="0.000" classname="com.hasbro.security.Packaging">
    <skipped/>
  </testcase> <!-- tcPackaging -->
  <testcase name="tcPackaging" time="0.000" classname="com.hasbro.security.Packaging">
    <skipped/>
  </testcase> <!-- tcPackaging -->
  <testcase name="tcPackaging" time="0.000" classname="com.hasbro.security.Packaging">
    <skipped/>
  </testcase> <!-- tcPackaging -->
  <testcase name="tcPackaging" time="0.000" classname="com.hasbro.security.Packaging">
    <skipped/>
  </testcase> <!-- tcPackaging -->
  <testcase name="tcPackaging" time="0.000" classname="com.hasbro.security.Packaging">
    <skipped/>
  </testcase> <!-- tcPackaging -->
  <testcase name="tcPackaging" time="0.000" classname="com.hasbro.security.Packaging">
    <skipped/>
  </testcase> <!-- tcPackaging -->
  <testcase name="tcPackaging" time="0.000" classname="com.hasbro.security.Packaging">
    <skipped/>
  </testcase> <!-- tcPackaging -->
  <testcase name="tcPackaging" time="0.000" classname="com.hasbro.security.Packaging">
    <skipped/>
  </testcase> <!-- tcPackaging -->
  <testcase name="tcPackaging" time="0.000" classname="com.hasbro.security.Packaging">
    <skipped/>
  </testcase> <!-- tcPackaging -->
  <testcase name="tcPackaging" time="0.000" classname="com.hasbro.security.Packaging">
    <skipped/>
  </testcase> <!-- tcPackaging -->
  <testcase name="tcPackaging" time="0.000" classname="com.hasbro.security.Packaging">
    <skipped/>
  </testcase> <!-- tcPackaging -->
  <testcase name="tcPackaging" time="0.000" classname="com.hasbro.security.Packaging">
    <skipped/>
  </testcase> <!-- tcPackaging -->
  <testcase name="tcPackaging" time="0.000" classname="com.hasbro.security.Packaging">
    <skipped/>
  </testcase> <!-- tcPackaging -->
  <testcase name="tcPackaging" time="0.000" classname="com.hasbro.security.Packaging">
    <skipped/>
  </testcase> <!-- tcPackaging -->
  <testcase name="tcPackaging" time="0.000" classname="com.hasbro.security.Packaging">
    <skipped/>
  </testcase> <!-- tcPackaging -->
  <testcase name="tcPackaging" time="0.000" classname="com.hasbro.security.Packaging">
    <skipped/>
  </testcase> <!-- tcPackaging -->
  <testcase name="tcPackaging" time="0.000" classname="com.hasbro.security.Packaging">
    <skipped/>
  </testcase> <!-- tcPackaging -->
  <testcase name="tcPackaging" time="0.000" classname="com.hasbro.security.Packaging">
    <skipped/>
  </testcase> <!-- tcPackaging -->
  <testcase name="tcPackaging" time="0.000" classname="com.hasbro.security.Packaging">
    <skipped/>
  </testcase> <!-- tcPackaging -->
  <testcase name="tcPackaging" time="0.000" classname="com.hasbro.security.Packaging">
    <skipped/>
  </testcase> <!-- tcPackaging -->
  <testcase name="tcPackaging" time="0.000" classname="com.hasbro.security.Packaging">
    <skipped/>
  </testcase> <!-- tcPackaging -->
  <testcase name="tcPackaging" time="0.000" classname="com.hasbro.security.Packaging">
    <skipped/>
  </testcase> <!-- tcPackaging -->
  <testcase name="tcPackaging" time="0.000" classname="com.hasbro.security.Packaging">
    <skipped/>
  </testcase> <!-- tcPackaging -->
  <testcase name="tcPackaging" time="0.000" classname="com.hasbro.security.Packaging">
    <skipped/>
  </testcase> <!-- tcPackaging -->
  <testcase name="tcPackaging" time="0.000" classname="com.hasbro.security.Packaging">
    <skipped/>
  </testcase> <!-- tcPackaging -->
  <testcase name="tcPackaging" time="0.000" classname="com.hasbro.security.Packaging">
    <skipped/>
  </testcase> <!-- tcPackaging -->
  <testcase name="tcPackaging" time="0.000" classname="com.hasbro.security.Packaging">
    <skipped/>
  </testcase> <!-- tcPackaging -->
  <testcase name="tcPackaging" time="0.000" classname="com.hasbro.security.Packaging">
    <skipped/>
  </testcase> <!-- tcPackaging -->
  <testcase name="tcPackaging" time="0.000" classname="com.hasbro.security.Packaging">
    <skipped/>
  </testcase> <!-- tcPackaging -->
  <testcase name="tcPackaging" time="0.000" classname="com.hasbro.security.Packaging">
    <skipped/>
  </testcase> <!-- tcPackaging -->
  <testcase name="tcPackaging" time="0.000" classname="com.hasbro.security.Packaging">
    <skipped/>
  </testcase> <!-- tcPackaging -->
  <testcase name="tcPackaging" time="0.000" classname="com.hasbro.security.Packaging">
    <skipped/>
  </testcase> <!-- tcPackaging -->
  <testcase name="tcPackaging" time="0.000" classname="com.hasbro.security.Packaging">
    <skipped/>
  </testcase> <!-- tcPackaging -->
  <testcase name="tcPackaging" time="0.000" classname="com.hasbro.security.Packaging">
    <skipped/>
  </testcase> <!-- tcPackaging -->
  <testcase name="tcPackaging" time="0.000" classname="com.hasbro.security.Packaging">
    <skipped/>
  </testcase> <!-- tcPackaging -->
  <testcase name="tcPackaging" time="0.000" classname="com.hasbro.security.Packaging">
    <skipped/>
  </testcase> <!-- tcPackaging -->
  <testcase name="tcPackaging" time="0.000" classname="com.hasbro.security.Packaging">
    <skipped/>
  </testcase> <!-- tcPackaging -->
  <testcase name="tcPackaging" time="0.000" classname="com.hasbro.security.Packaging">
    <skipped/>
  </testcase> <!-- tcPackaging -->
  <testcase name="tcPackaging" time="0.000" classname="com.hasbro.security.Packaging">
    <skipped/>
  </testcase> <!-- tcPackaging -->
  <testcase name="tcPackaging" time="0.000" classname="com.hasbro.security.Packaging">
    <skipped/>
  </testcase> <!-- tcPackaging -->
  <testcase name="tcPackaging" time="0.000" classname="com.hasbro.security.Packaging">
    <skipped/>
  </testcase> <!-- tcPackaging -->
  <testcase name="tcPackaging" time="0.000" classname="com.hasbro.security.Packaging">
    <skipped/>
  </testcase> <!-- tcPackaging -->
  <testcase name="tcPackaging" time="0.000" classname="com.hasbro.security.Packaging">
    <skipped/>
  </testcase> <!-- tcPackaging -->
  <testcase name="tcPackaging" time="0.000" classname="com.hasbro.security.Packaging">
    <skipped/>
  </testcase> <!-- tcPackaging -->
  <testcase name="tcPackaging" time="0.000" classname="com.hasbro.security.Packaging">
    <skipped/>
  </testcase> <!-- tcPackaging -->
  <testcase name="tcPackaging" time="0.000" classname="com.hasbro.security.Packaging">
    <skipped/>
  </testcase> <!-- tcPackaging -->
  <testcase name="tcPackaging" time="0.000" classname="com.hasbro.security.Packaging">
    <skipped/>
  </testcase> <!-- tcPackaging -->
  <testcase name="tcPackaging" time="0.000" classname="com.hasbro.security.Packaging">
    <skipped/>
  </testcase> <!-- tcPackaging -->
  <testcase name="tcPackaging" time="0.000" classname="com.hasbro.security.Packaging">
    <skipped/>
  </testcase> <!-- tcPackaging -->
  <testcase name="tcPackaging" time="0.000" classname="com.hasbro.security.Packaging">
    <skipped/>
  </testcase> <!-- tcPackaging -->
  <testcase name="tcPackaging" time="0.000" classname="com.hasbro.security.Packaging">
    <skipped/>
  </testcase> <!-- tcPackaging -->
  <testcase name="tcPackaging" time="0.000" classname="com.hasbro.security.Packaging">
    <skipped/>
  </testcase> <!-- tcPackaging -->
  <testcase name="tcPackaging" time="0.000" classname="com.hasbro.security.Packaging">
    <skipped/>
  </testcase> <!-- tcPackaging -->
  <testcase name="tcPackaging" time="0.000" classname="com.hasbro.security.Packaging">
    <skipped/>
  </testcase> <!-- tcPackaging -->
  <testcase name="tcPackaging" time="0.000" classname="com.hasbro.security.Packaging">
    <skipped/>
  </testcase> <!-- tcPackaging -->
  <testcase name="tcPackaging" time="0.000" classname="com.hasbro.security.Packaging">
    <skipped/>
  </testcase> <!-- tcPackaging -->
  <testcase name="tcPackaging" time="0.000" classname="com.hasbro.security.Packaging">
    <skipped/>
  </testcase> <!-- tcPackaging -->
  <testcase name="tcPackaging" time="0.000" classname="com.hasbro.security.Packaging">
    <skipped/>
  </testcase> <!-- tcPackaging -->
  <testcase name="tcPackaging" time="0.000" classname="com.hasbro.security.Packaging">
    <skipped/>
  </testcase> <!-- tcPackaging -->
  <testcase name="tcPackaging" time="0.000" classname="com.hasbro.security.Packaging">
    <skipped/>
  </testcase> <!-- tcPackaging -->
  <testcase name="tcPackaging" time="0.000" classname="com.hasbro.security.Packaging">
    <skipped/>
  </testcase> <!-- tcPackaging -->
  <testcase name="tcPackaging" time="0.000" classname="com.hasbro.security.Packaging">
    <skipped/>
  </testcase> <!-- tcPackaging -->
  <testcase name="tcPackaging" time="0.000" classname="com.hasbro.security.Packaging">
    <skipped/>
  </testcase> <!-- tcPackaging -->
  <testcase name="tcPackaging" time="0.000" classname="com.hasbro.security.Packaging">
    <skipped/>
  </testcase> <!-- tcPackaging -->
  <testcase name="tcPackaging" time="0.000" classname="com.hasbro.security.Packaging">
    <skipped/>
  </testcase> <!-- tcPackaging -->
  <testcase name="tcPackaging" time="0.000" classname="com.hasbro.security.Packaging">
    <skipped/>
  </testcase> <!-- tcPackaging -->
  <testcase name="tcPackaging" time="0.000" classname="com.hasbro.security.Packaging">
    <skipped/>
  </testcase> <!-- tcPackaging -->
  <testcase name="tcPackaging" time="0.000" classname="com.hasbro.security.Packaging">
    <skipped/>
  </testcase> <!-- tcPackaging -->
  <testcase name="tcPackaging" time="0.000" classname="com.hasbro.security.Packaging">
    <skipped/>
  </testcase> <!-- tcPackaging -->
  <testcase name="tcPackaging" time="0.000" classname="com.hasbro.security.Packaging">
    <skipped/>
  </testcase> <!-- tcPackaging -->
  <testcase name="tcPackaging" time="0.000" classname="com.hasbro.security.Packaging">
    <skipped/>
  </testcase> <!-- tcPackaging -->
  <testcase name="tcPackaging" time="0.000" classname="com.hasbro.security.Packaging">
    <skipped/>
  </testcase> <!-- tcPackaging -->
  <testcase name="tcPackaging" time="0.000" classname="com.hasbro.security.Packaging">
    <skipped/>
  </testcase> <!-- tcPackaging -->
  <testcase name="tcPackaging" time="0.000" classname="com.hasbro.security.Packaging">
    <skipped/>
  </testcase> <!-- tcPackaging -->
  <testcase name="tcPackaging" time="0.000" classname="com.hasbro.security.Packaging">
    <skipped/>
  </testcase> <!-- tcPackaging -->
  <testcase name="tcPackaging" time="0.000" classname="com.hasbro.security.Packaging">
    <skipped/>
  </testcase> <!-- tcPackaging -->
  <testcase name="tcPackaging" time="0.000" classname="com.hasbro.security.Packaging">
    <skipped/>
  </testcase> <!-- tcPackaging -->
  <testcase name="tcPackaging" time="0.000" classname="com.hasbro.security.Packaging">
    <skipped/>
  </testcase> <!-- tcPackaging -->
  <testcase name="tcPackaging" time="0.000" classname="com.hasbro.security.Packaging">
    <skipped/>
  </testcase> <!-- tcPackaging -->
  <testcase name="tcPackaging" time="0.000" classname="com.hasbro.security.Packaging">
    <skipped/>
  </testcase> <!-- tcPackaging -->
  <testcase name="tcPackaging" time="0.000" classname="com.hasbro.security.Packaging">
    <skipped/>
  </testcase> <!-- tcPackaging -->
  <testcase name="tcPackaging" time="0.000" classname="com.hasbro.security.Packaging">
    <skipped/>
  </testcase> <!-- tcPackaging -->
  <testcase name="tcPackaging" time="0.000" classname="com.hasbro.security.Packaging">
    <skipped/>
  </testcase> <!-- tcPackaging -->
  <testcase name="tcPackaging" time="0.000" classname="com.hasbro.security.Packaging">
    <skipped/>
  </testcase> <!-- tcPackaging -->
  <testcase name="tcPackaging" time="0.000" classname="com.hasbro.security.Packaging">
    <skipped/>
  </testcase> <!-- tcPackaging -->
  <testcase name="tcPackaging" time="0.000" classname="com.hasbro.security.Packaging">
    <skipped/>
  </testcase> <!-- tcPackaging -->
  <testcase name="tcPackaging" time="0.000" classname="com.hasbro.security.Packaging">
    <skipped/>
  </testcase> <!-- tcPackaging -->
  <testcase name="tcPackaging" time="0.000" classname="com.hasbro.security.Packaging">
    <skipped/>
  </testcase> <!-- tcPackaging -->
  <testcase name="tcPackaging" time="0.000" classname="com.hasbro.security.Packaging">
    <skipped/>
  </testcase> <!-- tcPackaging -->
  <testcase name="tcPackaging" time="0.000" classname="com.hasbro.security.Packaging">
    <skipped/>
  </testcase> <!-- tcPackaging -->
  <testcase name="tcPackaging" time="0.000" classname="com.hasbro.security.Packaging">
    <skipped/>
  </testcase> <!-- tcPackaging -->
  <testcase name="tcPackaging" time="0.000" classname="com.hasbro.security.Packaging">
    <skipped/>
  </testcase> <!-- tcPackaging -->
  <testcase name="tcPackaging" time="0.000" classname="com.hasbro.security.Packaging">
    <skipped/>
  </testcase> <!-- tcPackaging -->
  <testcase name="tcPackaging" time="0.000" classname="com.hasbro.security.Packaging">
    <skipped/>
  </testcase> <!-- tcPackaging -->
  <testcase name="tcPackaging" time="0.000" classname="com.hasbro.security.Packaging">
    <skipped/>
  </testcase> <!-- tcPackaging -->
  <testcase name="tcPackaging" time="0.000" classname="com.hasbro.security.Packaging">
    <skipped/>
  </testcase> <!-- tcPackaging -->
  <testcase name="tcPackaging" time="0.000" classname="com.hasbro.security.Packaging">
    <skipped/>
  </testcase> <!-- tcPackaging -->
  <testcase name="tcPackaging" time="0.000" classname="com.hasbro.security.Packaging">
    <skipped/>
  </testcase> <!-- tcPackaging -->
  <testcase name="tcPackaging" time="0.000" classname="com.hasbro.security.Packaging">
    <skipped/>
  </testcase> <!-- tcPackaging -->
  <testcase name="tcPackaging" time="0.000" classname="com.hasbro.security.Packaging">
    <skipped/>
  </testcase> <!-- tcPackaging -->
  <testcase name="tcPackaging" time="0.000" classname="com.hasbro.security.Packaging">
    <skipped/>
  </testcase> <!-- tcPackaging -->
  <testcase name="tcPackaging" time="0.000" classname="com.hasbro.security.Packaging">
    <skipped/>
  </testcase> <!-- tcPackaging -->
  <testcase name="tcPackaging" time="0.000" classname="com.hasbro.security.Packaging">
    <skipped/>
  </testcase> <!-- tcPackaging -->
  <testcase name="tcPackaging" time="0.000" classname="com.hasbro.security.Packaging">
    <skipped/>
  </testcase> <!-- tcPackaging -->
  <testcase name="tcPackaging" time="0.000" classname="com.hasbro.security.Packaging">
    <skipped/>
  </testcase> <!-- tcPackaging -->
  <testcase name="tcPackaging" time="0.000" classname="com.hasbro.security.Packaging">
    <skipped/>
  </testcase> <!-- tcPackaging -->
  <testcase name="tcPackaging" time="0.000" classname="com.hasbro.security.Packaging">
    <skipped/>
  </testcase> <!-- tcPackaging -->
  <testcase name="tcPackaging" time="0.000" classname="com.hasbro.security.Packaging">
    <skipped/>
  </testcase> <!-- tcPackaging -->
  <testcase name="tcPackaging" time="0.000" classname="com.hasbro.security.Packaging">
    <skipped/>
  </testcase> <!-- tcPackaging -->
  <testcase name="tcPackaging" time="0.000" classname="com.hasbro.security.Packaging">
    <skipped/>
  </testcase> <!-- tcPackaging -->
  <testcase name="tcPackaging" time="0.000" classname="com.hasbro.security.Packaging">
    <skipped/>
  </testcase> <!-- tcPackaging -->
  <testcase name="tcPackaging" time="0.000" classname="com.hasbro.security.Packaging">
    <skipped/>
  </testcase> <!-- tcPackaging -->
  <testcase name="tcPackaging" time="0.000" classname="com.hasbro.security.Packaging">
    <skipped/>
  </testcase> <!-- tcPackaging -->
  <testcase name="tcPackaging" time="0.000" classname="com.hasbro.security.Packaging">
    <skipped/>
  </testcase> <!-- tcPackaging -->
  <testcase name="tcPackaging" time="0.000" classname="com.hasbro.security.Packaging">
    <skipped/>
  </testcase> <!-- tcPackaging -->
  <testcase name="tcPackaging" time="0.000" classname="com.hasbro.security.Packaging">
    <skipped/>
  </testcase> <!-- tcPackaging -->
  <testcase name="tcPackaging" time="0.000" classname="com.hasbro.security.Packaging">
    <skipped/>
  </testcase> <!-- tcPackaging -->
  <testcase name="tcPackaging" time="0.000" classname="com.hasbro.security.Packaging">
    <skipped/>
  </testcase> <!-- tcPackaging -->
  <testcase name="tcPackaging" time="0.000" classname="com.hasbro.security.Packaging">
    <skipped/>
  </testcase> <!-- tcPackaging -->
  <testcase name="tcPackaging" time="0.000" classname="com.hasbro.security.Packaging">
    <skipped/>
  </testcase> <!-- tcPackaging -->
  <testcase name="tcPackaging" time="0.000" classname="com.hasbro.security.Packaging">
    <skipped/>
  </testcase> <!-- tcPackaging -->
  <testcase name="tcPackaging" time="0.000" classname="com.hasbro.security.Packaging">
    <skipped/>
  </testcase> <!-- tcPackaging -->
  <testcase name="tcPackaging" time="0.000" classname="com.hasbro.security.Packaging">
    <skipped/>
  </testcase> <!-- tcPackaging -->
  <testcase name="tcPackaging" time="0.000" classname="com.hasbro.security.Packaging">
    <skipped/>
  </testcase> <!-- tcPackaging -->
  <testcase name="tcPackaging" time="0.000" classname="com.hasbro.security.Packaging">
    <skipped/>
  </testcase> <!-- tcPackaging -->
  <testcase name="tcPackaging" time="0.000" classname="com.hasbro.security.Packaging">
    <skipped/>
  </testcase> <!-- tcPackaging -->
  <testcase name="tcPackaging" time="0.000" classname="com.hasbro.security.Packaging">
    <skipped/>
  </testcase> <!-- tcPackaging -->
  <testcase name="tcPackaging" time="0.000" classname="com.hasbro.security.Packaging">
    <skipped/>
  </testcase> <!-- tcPackaging -->
  <testcase name="tcPackaging" time="0.000" classname="com.hasbro.security.Packaging">
    <skipped/>
  </testcase> <!-- tcPackaging -->
  <testcase name="tcPackaging" time="0.000" classname="com.hasbro.security.Packaging">
    <skipped/>
  </testcase> <!-- tcPackaging -->
  <testcase name="tcPackaging" time="0.000" classname="com.hasbro.security.Packaging">
    <skipped/>
  </testcase> <!-- tcPackaging -->
  <testcase name="tcPackaging" time="0.000" classname="com.hasbro.security.Packaging">
    <skipped/>
  </testcase> <!-- tcPackaging -->
  <testcase name="tcPackaging" time="0.000" classname="com.hasbro.security.Packaging">
    <skipped/>
  </testcase> <!-- tcPackaging -->
  <testcase name="tcPackaging" time="0.000" classname="com.hasbro.security.Packaging">
    <skipped/>
  </testcase> <!-- tcPackaging -->
  <testcase name="tcPackaging" time="0.000" classname="com.hasbro.security.Packaging">
    <skipped/>
  </testcase> <!-- tcPackaging -->
  <testcase name="tcPackaging" time="0.000" classname="com.hasbro.security.Packaging">
    <skipped/>
  </testcase> <!-- tcPackaging -->
  <testcase name="tcPackaging" time="0.000" classname="com.hasbro.security.Packaging">
    <skipped/>
  </testcase> <!-- tcPackaging -->
  <testcase name="tcPackaging" time="0.000" classname="com.hasbro.security.Packaging">
    <skipped/>
  </testcase> <!-- tcPackaging -->
  <testcase name="tcPackaging" time="0.000" classname="com.hasbro.security.Packaging">
    <skipped/>
  </testcase> <!-- tcPackaging -->
  <testcase name="tcPackaging" time="0.000" classname="com.hasbro.security.Packaging">
    <skipped/>
  </testcase> <!-- tcPackaging -->
  <testcase name="tcPackaging" time="0.000" classname="com.hasbro.security.Packaging">
    <skipped/>
  </testcase> <!-- tcPackaging -->
  <testcase name="tcPackaging" time="0.000" classname="com.hasbro.security.Packaging">
    <skipped/>
  </testcase> <!-- tcPackaging -->
  <testcase name="tcPackaging" time="0.000" classname="com.hasbro.security.Packaging">
    <skipped/>
  </testcase> <!-- tcPackaging -->
  <testcase name="tcPackaging" time="0.000" classname="com.hasbro.security.Packaging">
    <skipped/>
  </testcase> <!-- tcPackaging -->
  <testcase name="tcPackaging" time="0.000" classname="com.hasbro.security.Packaging">
    <skipped/>
  </testcase> <!-- tcPackaging -->
  <testcase name="tcPackaging" time="0.000" classname="com.hasbro.security.Packaging">
    <skipped/>
  </testcase> <!-- tcPackaging -->
  <testcase name="tcPackaging" time="0.000" classname="com.hasbro.security.Packaging">
    <skipped/>
  </testcase> <!-- tcPackaging -->
  <testcase name="tcPackaging" time="0.000" classname="com.hasbro.security.Packaging">
    <skipped/>
  </testcase> <!-- tcPackaging -->
  <testcase name="tcPackaging" time="0.000" classname="com.hasbro.security.Packaging">
    <skipped/>
  </testcase> <!-- tcPackaging -->
  <testcase name="tcPackaging" time="0.000" classname="com.hasbro.security.Packaging">
    <skipped/>
  </testcase> <!-- tcPackaging -->
  <testcase name="tcPackaging" time="0.000" classname="com.hasbro.security.Packaging">
    <skipped/>
  </testcase> <!-- tcPackaging -->
  <testcase name="tcPackaging" time="0.000" classname="com.hasbro.security.Packaging">
    <skipped/>
  </testcase> <!-- tcPackaging -->
  <testcase name="tcPackaging" time="0.000" classname="com.hasbro.security.Packaging">
    <skipped/>
  </testcase> <!-- tcPackaging -->
  <testcase name="tcPackaging" time="0.000" classname="com.hasbro.security.Packaging">
    <skipped/>
  </testcase> <!-- tcPackaging -->
  <testcase name="tcPackaging" time="0.000" classname="com.hasbro.security.Packaging">
    <skipped/>
  </testcase> <!-- tcPackaging -->
  <testcase name="tcPackaging" time="0.000" classname="com.hasbro.security.Packaging">
    <skipped/>
  </testcase> <!-- tcPackaging -->
  <testcase name="tcPackaging" time="0.000" classname="com.hasbro.security.Packaging">
    <skipped/>
  </testcase> <!-- tcPackaging -->
  <testcase name="tcPackaging" time="0.000" classname="com.hasbro.security.Packaging">
    <skipped/>
  </testcase> <!-- tcPackaging -->
  <testcase name="tcPackaging" time="0.000" classname="com.hasbro.security.Packaging">
    <skipped/>
  </testcase> <!-- tcPackaging -->
  <testcase name="tcPackaging" time="0.000" classname="com.hasbro.security.Packaging">
    <skipped/>
  </testcase> <!-- tcPackaging -->
  <testcase name="tcPackaging" time="0.000" classname="com.hasbro.security.Packaging">
    <skipped/>
  </testcase> <!-- tcPackaging -->
  <testcase name="tcPackaging" time="0.000" classname="com.hasbro.security.Packaging">
    <skipped/>
  </testcase> <!-- tcPackaging -->
  <testcase name="tcPackaging" time="0.000" classname="com.hasbro.security.Packaging">
    <skipped/>
  </testcase> <!-- tcPackaging -->
  <testcase name="tcPackaging" time="0.000" classname="com.hasbro.security.Packaging">
    <skipped/>
  </testcase> <!-- tcPackaging -->
  <testcase name="tcPackaging" time="0.000" classname="com.hasbro.security.Packaging">
    <skipped/>
  </testcase> <!-- tcPackaging -->
  <testcase name="tcPackaging" time="0.000" classname="com.hasbro.security.Packaging">
    <skipped/>
  </testcase> <!-- tcPackaging -->
  <testcase name="tcPackaging" time="0.000" classname="com.hasbro.security.Packaging">
    <skipped/>
  </testcase> <!-- tcPackaging -->
  <testcase name="tcPackaging" time="0.000" classname="com.hasbro.security.Packaging">
    <skipped/>
  </testcase> <!-- tcPackaging -->
  <testcase name="tcPackaging" time="0.000" classname="com.hasbro.security.Packaging">
    <skipped/>
  </testcase> <!-- tcPackaging -->
  <testcase name="tcPackaging" time="0.000" classname="com.hasbro.security.Packaging">
    <skipped/>
  </testcase> <!-- tcPackaging -->
  <testcase name="tcPackaging" time="0.000" classname="com.hasbro.security.Packaging">
    <skipped/>
  </testcase> <!-- tcPackaging -->
  <testcase name="tcPackaging" time="0.000" classname="com.hasbro.security.Packaging">
    <skipped/>
  </testcase> <!-- tcPackaging -->
  <testcase name="tcPackaging" time="0.000" classname="com.hasbro.security.Packaging">
    <skipped/>
  </testcase> <!-- tcPackaging -->
  <testcase name="tcPackaging" time="0.000" classname="com.hasbro.security.Packaging">
    <skipped/>
  </testcase> <!-- tcPackaging -->
  <testcase name="tcPackaging" time="0.000" classname="com.hasbro.security.Packaging">
    <skipped/>
  </testcase> <!-- tcPackaging -->
  <testcase name="tcPackaging" time="0.000" classname="com.hasbro.security.Packaging">
    <skipped/>
  </testcase> <!-- tcPackaging -->
  <testcase name="tcPackaging" time="0.000" classname="com.hasbro.security.Packaging">
    <skipped/>
  </testcase> <!-- tcPackaging -->
  <testcase name="tcPackaging" time="0.000" classname="com.hasbro.security.Packaging">
    <skipped/>
  </testcase> <!-- tcPackaging -->
  <testcase name="tcPackaging" time="0.000" classname="com.hasbro.security.Packaging">
    <skipped/>
  </testcase> <!-- tcPackaging -->
  <testcase name="tcPackaging" time="0.000" classname="com.hasbro.security.Packaging">
    <skipped/>
  </testcase> <!-- tcPackaging -->
  <testcase name="tcPackaging" time="0.000" classname="com.hasbro.security.Packaging">
    <skipped/>
  </testcase> <!-- tcPackaging -->
  <testcase name="tcPackaging" time="0.000" classname="com.hasbro.security.Packaging">
    <skipped/>
  </testcase> <!-- tcPackaging -->
  <testcase name="tcPackaging" time="0.000" classname="com.hasbro.security.Packaging">
    <skipped/>
  </testcase> <!-- tcPackaging -->
  <testcase name="tcPackaging" time="0.000" classname="com.hasbro.security.Packaging">
    <skipped/>
  </testcase> <!-- tcPackaging -->
  <testcase name="tcPackaging" time="0.000" classname="com.hasbro.security.Packaging">
    <skipped/>
  </testcase> <!-- tcPackaging -->
  <testcase name="tcPackaging" time="0.000" classname="com.hasbro.security.Packaging">
    <skipped/>
  </testcase> <!-- tcPackaging -->
  <testcase name="tcPackaging" time="0.000" classname="com.hasbro.security.Packaging">
    <skipped/>
  </testcase> <!-- tcPackaging -->
  <testcase name="tcPackaging" time="0.000" classname="com.hasbro.security.Packaging">
    <skipped/>
  </testcase> <!-- tcPackaging -->
  <testcase name="tcPackaging" time="0.000" classname="com.hasbro.security.Packaging">
    <skipped/>
  </testcase> <!-- tcPackaging -->
  <testcase name="tcPackaging" time="0.000" classname="com.hasbro.security.Packaging">
    <skipped/>
  </testcase> <!-- tcPackaging -->
  <testcase name="tcPackaging" time="0.000" classname="com.hasbro.security.Packaging">
    <skipped/>
  </testcase> <!-- tcPackaging -->
  <testcase name="tcPackaging" time="0.000" classname="com.hasbro.security.Packaging">
    <skipped/>
  </testcase> <!-- tcPackaging -->
  <testcase name="tcPackaging" time="0.000" classname="com.hasbro.security.Packaging">
    <skipped/>
  </testcase> <!-- tcPackaging -->
  <testcase name="tcPackaging" time="0.000" classname="com.hasbro.security.Packaging">
    <skipped/>
  </testcase> <!-- tcPackaging -->
  <testcase name="tcPackaging" time="0.000" classname="com.hasbro.security.Packaging">
    <skipped/>
  </testcase> <!-- tcPackaging -->
  <testcase name="tcPackaging" time="0.000" classname="com.hasbro.security.Packaging">
    <skipped/>
  </testcase> <!-- tcPackaging -->
  <testcase name="tcPackaging" time="0.000" classname="com.hasbro.security.Packaging">
    <skipped/>
  </testcase> <!-- tcPackaging -->
  <testcase name="tcPackaging" time="0.000" classname="com.hasbro.security.Packaging">
    <skipped/>
  </testcase> <!-- tcPackaging -->
  <testcase name="tcPackaging" time="0.000" classname="com.hasbro.security.Packaging">
    <skipped/>
  </testcase> <!-- tcPackaging -->
  <testcase name="tcPackaging" time="0.000" classname="com.hasbro.security.Packaging">
    <skipped/>
  </testcase> <!-- tcPackaging -->
  <testcase name="tcPackaging" time="0.000" classname="com.hasbro.security.Packaging">
    <skipped/>
  </testcase> <!-- tcPackaging -->
  <testcase name="tcPackaging" time="0.000" classname="com.hasbro.security.Packaging">
    <skipped/>
  </testcase> <!-- tcPackaging -->
  <testcase name="tcPackaging" time="0.000" classname="com.hasbro.security.Packaging">
    <skipped/>
  </testcase> <!-- tcPackaging -->
  <testcase name="tcPackaging" time="0.000" classname="com.hasbro.security.Packaging">
    <skipped/>
  </testcase> <!-- tcPackaging -->
  <testcase name="tcPackaging" time="0.000" classname="com.hasbro.security.Packaging">
    <skipped/>
  </testcase> <!-- tcPackaging -->
  <testcase name="tcPackaging" time="0.000" classname="com.hasbro.security.Packaging">
    <skipped/>
  </testcase> <!-- tcPackaging -->
  <testcase name="tcPackaging" time="0.000" classname="com.hasbro.security.Packaging">
    <skipped/>
  </testcase> <!-- tcPackaging -->
  <testcase name="tcPackaging" time="0.000" classname="com.hasbro.security.Packaging">
    <skipped/>
  </testcase> <!-- tcPackaging -->
  <testcase name="tcPackaging" time="0.000" classname="com.hasbro.security.Packaging">
    <skipped/>
  </testcase> <!-- tcPackaging -->
  <testcase name="tcPackaging" time="0.000" classname="com.hasbro.security.Packaging">
    <skipped/>
  </testcase> <!-- tcPackaging -->
  <testcase name="tcPackaging" time="0.000" classname="com.hasbro.security.Packaging">
    <skipped/>
  </testcase> <!-- tcPackaging -->
  <testcase name="tcPackaging" time="0.000" classname="com.hasbro.security.Packaging">
    <skipped/>
  </testcase> <!-- tcPackaging -->
  <testcase name="tcPackaging" time="0.000" classname="com.hasbro.security.Packaging">
    <skipped/>
  </testcase> <!-- tcPackaging -->
  <testcase name="tcPackaging" time="0.000" classname="com.hasbro.security.Packaging">
    <skipped/>
  </testcase> <!-- tcPackaging -->
  <testcase name="tcPackaging" time="0.000" classname="com.hasbro.security.Packaging">
    <skipped/>
  </testcase> <!-- tcPackaging -->
  <testcase name="tcPackaging" time="0.000" classname="com.hasbro.security.Packaging">
    <skipped/>
  </testcase> <!-- tcPackaging -->
  <testcase name="tcPackaging" time="0.000" classname="com.hasbro.security.Packaging">
    <skipped/>
  </testcase> <!-- tcPackaging -->
  <testcase name="tcPackaging" time="0.000" classname="com.hasbro.security.Packaging">
    <skipped/>
  </testcase> <!-- tcPackaging -->
  <testcase name="tcPackaging" time="0.000" classname="com.hasbro.security.Packaging">
    <skipped/>
  </testcase> <!-- tcPackaging -->
  <testcase name="tcPackaging" time="0.000" classname="com.hasbro.security.Packaging">
    <skipped/>
  </testcase> <!-- tcPackaging -->
  <testcase name="tcPackaging" time="0.000" classname="com.hasbro.security.Packaging">
    <skipped/>
  </testcase> <!-- tcPackaging -->
  <testcase name="tcPackaging" time="0.000" classname="com.hasbro.security.Packaging">
    <skipped/>
  </testcase> <!-- tcPackaging -->
  <testcase name="tcPackaging" time="0.000" classname="com.hasbro.security.Packaging">
    <skipped/>
  </testcase> <!-- tcPackaging -->
  <testcase name="tcPackaging" time="0.000" classname="com.hasbro.security.Packaging">
    <skipped/>
  </testcase> <!-- tcPackaging -->
  <testcase name="tcPackaging" time="0.000" classname="com.hasbro.security.Packaging">
    <skipped/>
  </testcase> <!-- tcPackaging -->
  <testcase name="tcPackaging" time="0.000" classname="com.hasbro.security.Packaging">
    <skipped/>
  </testcase> <!-- tcPackaging -->
  <testcase name="tcPackaging" time="0.000" classname="com.hasbro.security.Packaging">
    <skipped/>
  </testcase> <!-- tcPackaging -->
  <testcase name="tcPackaging" time="0.000" classname="com.hasbro.security.Packaging">
    <skipped/>
  </testcase> <!-- tcPackaging -->
  <testcase name="tcPackaging" time="0.000" classname="com.hasbro.security.Packaging">
    <skipped/>
  </testcase> <!-- tcPackaging -->
  <testcase name="tcPackaging" time="0.000" classname="com.hasbro.security.Packaging">
    <skipped/>
  </testcase> <!-- tcPackaging -->
  <testcase name="tcPackaging" time="0.000" classname="com.hasbro.security.Packaging">
    <skipped/>
  </testcase> <!-- tcPackaging -->
  <testcase name="tcPackaging" time="0.000" classname="com.hasbro.security.Packaging">
    <skipped/>
  </testcase> <!-- tcPackaging -->
  <testcase name="tcPackaging" time="0.000" classname="com.hasbro.security.Packaging">
    <skipped/>
  </testcase> <!-- tcPackaging -->
  <testcase name="tcPackaging" time="0.000" classname="com.hasbro.security.Packaging">
    <skipped/>
  </testcase> <!-- tcPackaging -->
  <testcase name="tcPackaging" time="0.000" classname="com.hasbro.security.Packaging">
    <skipped/>
  </testcase> <!-- tcPackaging -->
  <testcase name="tcPackaging" time="0.000" classname="com.hasbro.security.Packaging">
    <skipped/>
  </testcase> <!-- tcPackaging -->
  <testcase name="tcPackaging" time="0.000" classname="com.hasbro.security.Packaging">
    <skipped/>
  </testcase> <!-- tcPackaging -->
  <testcase name="tcPackaging" time="0.000" classname="com.hasbro.security.Packaging">
    <skipped/>
  </testcase> <!-- tcPackaging -->
  <testcase name="tcPackaging" time="0.000" classname="com.hasbro.security.Packaging">
    <skipped/>
  </testcase> <!-- tcPackaging -->
  <testcase name="tcPackaging" time="0.000" classname="com.hasbro.security.Packaging">
    <skipped/>
  </testcase> <!-- tcPackaging -->
  <testcase name="tcPackaging" time="0.000" classname="com.hasbro.security.Packaging">
    <skipped/>
  </testcase> <!-- tcPackaging -->
  <testcase name="tcPackaging" time="0.000" classname="com.hasbro.security.Packaging">
    <skipped/>
  </testcase> <!-- tcPackaging -->
  <testcase name="tcPackaging" time="0.000" classname="com.hasbro.security.Packaging">
    <skipped/>
  </testcase> <!-- tcPackaging -->
  <testcase name="tcPackaging" time="0.000" classname="com.hasbro.security.Packaging">
    <skipped/>
  </testcase> <!-- tcPackaging -->
  <testcase name="tcPackaging" time="0.000" classname="com.hasbro.security.Packaging">
    <skipped/>
  </testcase> <!-- tcPackaging -->
  <testcase name="tcPackaging" time="0.000" classname="com.hasbro.security.Packaging">
    <skipped/>
  </testcase> <!-- tcPackaging -->
  <testcase name="tcPackaging" time="0.000" classname="com.hasbro.security.Packaging">
    <skipped/>
  </testcase> <!-- tcPackaging -->
  <testcase name="tcPackaging" time="0.000" classname="com.hasbro.security.Packaging">
    <skipped/>
  </testcase> <!-- tcPackaging -->
  <testcase name="tcPackaging" time="0.000" classname="com.hasbro.security.Packaging">
    <skipped/>
  </testcase> <!-- tcPackaging -->
  <testcase name="tcPackaging" time="0.000" classname="com.hasbro.security.Packaging">
    <skipped/>
  </testcase> <!-- tcPackaging -->
  <testcase name="tcPackaging" time="0.000" classname="com.hasbro.security.Packaging">
    <skipped/>
  </testcase> <!-- tcPackaging -->
  <testcase name="tcPackaging" time="0.000" classname="com.hasbro.security.Packaging">
    <skipped/>
  </testcase> <!-- tcPackaging -->
  <testcase name="tcPackaging" time="0.000" classname="com.hasbro.security.Packaging">
    <skipped/>
  </testcase> <!-- tcPackaging -->
  <testcase name="tcPackaging" time="0.000" classname="com.hasbro.security.Packaging">
    <skipped/>
  </testcase> <!-- tcPackaging -->
  <testcase name="tcPackaging" time="0.000" classname="com.hasbro.security.Packaging">
    <skipped/>
  </testcase> <!-- tcPackaging -->
  <testcase name="tcPackaging" time="0.000" classname="com.hasbro.security.Packaging">
    <skipped/>
  </testcase> <!-- tcPackaging -->
  <testcase name="tcPackaging" time="0.000" classname="com.hasbro.security.Packaging">
    <skipped/>
  </testcase> <!-- tcPackaging -->
  <testcase name="tcPackaging" time="0.000" classname="com.hasbro.security.Packaging">
    <skipped/>
  </testcase> <!-- tcPackaging -->
  <testcase name="tcPackaging" time="0.000" classname="com.hasbro.security.Packaging">
    <skipped/>
  </testcase> <!-- tcPackaging -->
  <testcase name="tcPackaging" time="0.000" classname="com.hasbro.security.Packaging">
    <skipped/>
  </testcase> <!-- tcPackaging -->
  <testcase name="tcPackaging" time="0.000" classname="com.hasbro.security.Packaging">
    <skipped/>
  </testcase> <!-- tcPackaging -->
  <testcase name="tcPackaging" time="0.000" classname="com.hasbro.security.Packaging">
    <skipped/>
  </testcase> <!-- tcPackaging -->
  <testcase name="tcPackaging" time="0.000" classname="com.hasbro.security.Packaging">
    <skipped/>
  </testcase> <!-- tcPackaging -->
  <testcase name="tcPackaging" time="0.000" classname="com.hasbro.security.Packaging">
    <skipped/>
  </testcase> <!-- tcPackaging -->
  <testcase name="tcPackaging" time="0.000" classname="com.hasbro.security.Packaging">
    <skipped/>
  </testcase> <!-- tcPackaging -->
  <testcase name="tcPackaging" time="0.000" classname="com.hasbro.security.Packaging">
    <skipped/>
  </testcase> <!-- tcPackaging -->
  <testcase name="tcPackaging" time="0.000" classname="com.hasbro.security.Packaging">
    <skipped/>
  </testcase> <!-- tcPackaging -->
  <testcase name="tcPackaging" time="0.000" classname="com.hasbro.security.Packaging">
    <skipped/>
  </testcase> <!-- tcPackaging -->
  <testcase name="tcPackaging" time="0.000" classname="com.hasbro.security.Packaging">
    <skipped/>
  </testcase> <!-- tcPackaging -->
  <testcase name="tcPackaging" time="0.000" classname="com.hasbro.security.Packaging">
    <skipped/>
  </testcase> <!-- tcPackaging -->
  <testcase name="tcPackaging" time="0.000" classname="com.hasbro.security.Packaging">
    <skipped/>
  </testcase> <!-- tcPackaging -->
  <testcase name="tcPackaging" time="0.000" classname="com.hasbro.security.Packaging">
    <skipped/>
  </testcase> <!-- tcPackaging -->
  <testcase name="tcPackaging" time="0.000" classname="com.hasbro.security.Packaging">
    <skipped/>
  </testcase> <!-- tcPackaging -->
  <testcase name="tcPackaging" time="0.000" classname="com.hasbro.security.Packaging">
    <skipped/>
  </testcase> <!-- tcPackaging -->
  <testcase name="tcPackaging" time="0.000" classname="com.hasbro.security.Packaging">
    <skipped/>
  </testcase> <!-- tcPackaging -->
  <testcase name="tcPackaging" time="0.000" classname="com.hasbro.security.Packaging">
    <skipped/>
  </testcase> <!-- tcPackaging -->
  <testcase name="tcPackaging" time="0.000" classname="com.hasbro.security.Packaging">
    <skipped/>
  </testcase> <!-- tcPackaging -->
  <testcase name="tcPackaging" time="0.000" classname="com.hasbro.security.Packaging">
    <skipped/>
  </testcase> <!-- tcPackaging -->
  <testcase name="tcPackaging" time="0.000" classname="com.hasbro.security.Packaging">
    <skipped/>
  </testcase> <!-- tcPackaging -->
  <testcase name="tcPackaging" time="0.000" classname="com.hasbro.security.Packaging">
    <skipped/>
  </testcase> <!-- tcPackaging -->
  <testcase name="tcPackaging" time="0.000" classname="com.hasbro.security.Packaging">
    <skipped/>
  </testcase> <!-- tcPackaging -->
  <testcase name="tcPackaging" time="0.000" classname="com.hasbro.security.Packaging">
    <skipped/>
  </testcase> <!-- tcPackaging -->
  <testcase name="tcPackaging" time="0.000" classname="com.hasbro.security.Packaging">
    <skipped/>
  </testcase> <!-- tcPackaging -->
  <testcase name="tcPackaging" time="0.000" classname="com.hasbro.security.Packaging">
    <skipped/>
  </testcase> <!-- tcPackaging -->
  <testcase name="tcPackaging" time="0.000" classname="com.hasbro.security.Packaging">
    <skipped/>
  </testcase> <!-- tcPackaging -->
  <testcase name="tcPackaging" time="0.000" classname="com.hasbro.security.Packaging">
    <skipped/>
  </testcase> <!-- tcPackaging -->
  <testcase name="tcPackaging" time="0.000" classname="com.hasbro.security.Packaging">
    <skipped/>
  </testcase> <!-- tcPackaging -->
  <testcase name="tcPackaging" time="0.000" classname="com.hasbro.security.Packaging">
    <skipped/>
  </testcase> <!-- tcPackaging -->
  <testcase name="tcPackaging" time="0.000" classname="com.hasbro.security.Packaging">
    <skipped/>
  </testcase> <!-- tcPackaging -->
  <testcase name="tcPackaging" time="0.000" classname="com.hasbro.security.Packaging">
    <skipped/>
  </testcase> <!-- tcPackaging -->
  <testcase name="tcPackaging" time="0.000" classname="com.hasbro.security.Packaging">
    <skipped/>
  </testcase> <!-- tcPackaging -->
  <testcase name="tcPackaging" time="0.000" classname="com.hasbro.security.Packaging">
    <skipped/>
  </testcase> <!-- tcPackaging -->
  <testcase name="tcPackaging" time="0.000" classname="com.hasbro.security.Packaging">
    <skipped/>
  </testcase> <!-- tcPackaging -->
  <testcase name="tcPackaging" time="0.000" classname="com.hasbro.security.Packaging">
    <skipped/>
  </testcase> <!-- tcPackaging -->
  <testcase name="tcPackaging" time="0.000" classname="com.hasbro.security.Packaging">
    <skipped/>
  </testcase> <!-- tcPackaging -->
  <testcase name="tcPackaging" time="0.000" classname="com.hasbro.security.Packaging">
    <skipped/>
  </testcase> <!-- tcPackaging -->
  <testcase name="tcPackaging" time="0.000" classname="com.hasbro.security.Packaging">
    <skipped/>
  </testcase> <!-- tcPackaging -->
  <testcase name="tcPackaging" time="0.000" classname="com.hasbro.security.Packaging">
    <skipped/>
  </testcase> <!-- tcPackaging -->
  <testcase name="tcPackaging" time="0.000" classname="com.hasbro.security.Packaging">
    <skipped/>
  </testcase> <!-- tcPackaging -->
  <testcase name="tcPackaging" time="0.000" classname="com.hasbro.security.Packaging">
    <skipped/>
  </testcase> <!-- tcPackaging -->
  <testcase name="tcPackaging" time="0.000" classname="com.hasbro.security.Packaging">
    <skipped/>
  </testcase> <!-- tcPackaging -->
  <testcase name="tcPackaging" time="0.000" classname="com.hasbro.security.Packaging">
    <skipped/>
  </testcase> <!-- tcPackaging -->
  <testcase name="tcPackaging" time="0.000" classname="com.hasbro.security.Packaging">
    <skipped/>
  </testcase> <!-- tcPackaging -->
  <testcase name="tcPackaging" time="0.000" classname="com.hasbro.security.Packaging">
    <skipped/>
  </testcase> <!-- tcPackaging -->
  <testcase name="tcPackaging" time="0.000" classname="com.hasbro.security.Packaging">
    <skipped/>
  </testcase> <!-- tcPackaging -->
  <testcase name="tcPackaging" time="0.000" classname="com.hasbro.security.Packaging">
    <skipped/>
  </testcase> <!-- tcPackaging -->
  <testcase name="tcPackaging" time="0.000" classname="com.hasbro.security.Packaging">
    <skipped/>
  </testcase> <!-- tcPackaging -->
  <testcase name="tcPackaging" time="0.000" classname="com.hasbro.security.Packaging">
    <skipped/>
  </testcase> <!-- tcPackaging -->
  <testcase name="tcPackaging" time="0.000" classname="com.hasbro.security.Packaging">
    <skipped/>
  </testcase> <!-- tcPackaging -->
  <testcase name="tcPackaging" time="0.000" classname="com.hasbro.security.Packaging">
    <skipped/>
  </testcase> <!-- tcPackaging -->
  <testcase name="tcPackaging" time="0.000" classname="com.hasbro.security.Packaging">
    <skipped/>
  </testcase> <!-- tcPackaging -->
  <testcase name="tcPackaging" time="0.000" classname="com.hasbro.security.Packaging">
    <skipped/>
  </testcase> <!-- tcPackaging -->
  <testcase name="tcPackaging" time="0.000" classname="com.hasbro.security.Packaging">
    <skipped/>
  </testcase> <!-- tcPackaging -->
  <testcase name="tcPackaging" time="0.000" classname="com.hasbro.security.Packaging">
    <skipped/>
  </testcase> <!-- tcPackaging -->
  <testcase name="tcPackaging" time="0.000" classname="com.hasbro.security.Packaging">
    <skipped/>
  </testcase> <!-- tcPackaging -->
  <testcase name="tcPackaging" time="0.000" classname="com.hasbro.security.Packaging">
    <skipped/>
  </testcase> <!-- tcPackaging -->
  <testcase name="tcPackaging" time="0.000" classname="com.hasbro.security.Packaging">
    <skipped/>
  </testcase> <!-- tcPackaging -->
  <testcase name="tcPackaging" time="0.000" classname="com.hasbro.security.Packaging">
    <skipped/>
  </testcase> <!-- tcPackaging -->
  <testcase name="tcPackaging" time="0.000" classname="com.hasbro.security.Packaging">
    <skipped/>
  </testcase> <!-- tcPackaging -->
  <testcase name="tcPackaging" time="0.000" classname="com.hasbro.security.Packaging">
    <skipped/>
  </testcase> <!-- tcPackaging -->
  <testcase name="tcPackaging" time="0.000" classname="com.hasbro.security.Packaging">
    <skipped/>
  </testcase> <!-- tcPackaging -->
  <testcase name="tcPackaging" time="0.000" classname="com.hasbro.security.Packaging">
    <skipped/>
  </testcase> <!-- tcPackaging -->
  <testcase name="tcPackaging" time="0.000" classname="com.hasbro.security.Packaging">
    <skipped/>
  </testcase> <!-- tcPackaging -->
  <testcase name="tcPackaging" time="0.000" classname="com.hasbro.security.Packaging">
    <skipped/>
  </testcase> <!-- tcPackaging -->
  <testcase name="tcPackaging" time="0.000" classname="com.hasbro.security.Packaging">
    <skipped/>
  </testcase> <!-- tcPackaging -->
  <testcase name="tcPackaging" time="0.000" classname="com.hasbro.security.Packaging">
    <skipped/>
  </testcase> <!-- tcPackaging -->
  <testcase name="tcPackaging" time="0.000" classname="com.hasbro.security.Packaging">
    <skipped/>
  </testcase> <!-- tcPackaging -->
  <testcase name="tcPackaging" time="0.000" classname="com.hasbro.security.Packaging">
    <skipped/>
  </testcase> <!-- tcPackaging -->
  <testcase name="tcPackaging" time="0.000" classname="com.hasbro.security.Packaging">
    <skipped/>
  </testcase> <!-- tcPackaging -->
  <testcase name="tcPackaging" time="0.000" classname="com.hasbro.security.Packaging">
    <skipped/>
  </testcase> <!-- tcPackaging -->
  <testcase name="tcPackaging" time="0.000" classname="com.hasbro.security.Packaging">
    <skipped/>
  </testcase> <!-- tcPackaging -->
  <testcase name="tcPackaging" time="0.000" classname="com.hasbro.security.Packaging">
    <skipped/>
  </testcase> <!-- tcPackaging -->
  <testcase name="tcPackaging" time="0.000" classname="com.hasbro.security.Packaging">
    <skipped/>
  </testcase> <!-- tcPackaging -->
  <testcase name="tcPackaging" time="0.000" classname="com.hasbro.security.Packaging">
    <skipped/>
  </testcase> <!-- tcPackaging -->
  <testcase name="tcPackaging" time="0.000" classname="com.hasbro.security.Packaging">
    <skipped/>
  </testcase> <!-- tcPackaging -->
  <testcase name="tcPackaging" time="0.000" classname="com.hasbro.security.Packaging">
    <skipped/>
  </testcase> <!-- tcPackaging -->
  <testcase name="tcPackaging" time="0.000" classname="com.hasbro.security.Packaging">
    <skipped/>
  </testcase> <!-- tcPackaging -->
  <testcase name="tcPackaging" time="0.000" classname="com.hasbro.security.Packaging">
    <skipped/>
  </testcase> <!-- tcPackaging -->
  <testcase name="tcPackaging" time="0.000" classname="com.hasbro.security.Packaging">
    <skipped/>
  </testcase> <!-- tcPackaging -->
  <testcase name="tcPackaging" time="0.000" classname="com.hasbro.security.Packaging">
    <skipped/>
  </testcase> <!-- tcPackaging -->
  <testcase name="tcPackaging" time="0.000" classname="com.hasbro.security.Packaging">
    <skipped/>
  </testcase> <!-- tcPackaging -->
  <testcase name="tcPackaging" time="0.000" classname="com.hasbro.security.Packaging">
    <skipped/>
  </testcase> <!-- tcPackaging -->
  <testcase name="tcPackaging" time="0.000" classname="com.hasbro.security.Packaging">
    <skipped/>
  </testcase> <!-- tcPackaging -->
  <testcase name="tcPackaging" time="0.000" classname="com.hasbro.security.Packaging">
    <skipped/>
  </testcase> <!-- tcPackaging -->
  <testcase name="tcPackaging" time="0.000" classname="com.hasbro.security.Packaging">
    <skipped/>
  </testcase> <!-- tcPackaging -->
  <testcase name="tcPackaging" time="0.000" classname="com.hasbro.security.Packaging">
    <skipped/>
  </testcase> <!-- tcPackaging -->
  <testcase name="tcPackaging" time="0.000" classname="com.hasbro.security.Packaging">
    <skipped/>
  </testcase> <!-- tcPackaging -->
  <testcase name="tcPackaging" time="0.000" classname="com.hasbro.security.Packaging">
    <skipped/>
  </testcase> <!-- tcPackaging -->
  <testcase name="tcPackaging" time="0.000" classname="com.hasbro.security.Packaging">
    <skipped/>
  </testcase> <!-- tcPackaging -->
  <testcase name="tcPackaging" time="0.000" classname="com.hasbro.security.Packaging">
    <skipped/>
  </testcase> <!-- tcPackaging -->
  <testcase name="tcPackaging" time="0.000" classname="com.hasbro.security.Packaging">
    <skipped/>
  </testcase> <!-- tcPackaging -->
  <testcase name="tcPackaging" time="0.000" classname="com.hasbro.security.Packaging">
    <skipped/>
  </testcase> <!-- tcPackaging -->
  <testcase name="tcPackaging" time="0.000" classname="com.hasbro.security.Packaging">
    <skipped/>
  </testcase> <!-- tcPackaging -->
  <testcase name="tcPackaging" time="0.000" classname="com.hasbro.security.Packaging">
    <skipped/>
  </testcase> <!-- tcPackaging -->
  <testcase name="tcPackaging" time="0.000" classname="com.hasbro.security.Packaging">
    <skipped/>
  </testcase> <!-- tcPackaging -->
  <testcase name="tcPackaging" time="0.000" classname="com.hasbro.security.Packaging">
    <skipped/>
  </testcase> <!-- tcPackaging -->
  <testcase name="tcPackaging" time="0.000" classname="com.hasbro.security.Packaging">
    <skipped/>
  </testcase> <!-- tcPackaging -->
  <testcase name="tcPackaging" time="0.000" classname="com.hasbro.security.Packaging">
    <skipped/>
  </testcase> <!-- tcPackaging -->
  <testcase name="tcPackaging" time="0.000" classname="com.hasbro.security.Packaging">
    <skipped/>
  </testcase> <!-- tcPackaging -->
  <testcase name="tcPackaging" time="0.000" classname="com.hasbro.security.Packaging">
    <skipped/>
  </testcase> <!-- tcPackaging -->
  <testcase name="tcPackaging" time="0.000" classname="com.hasbro.security.Packaging">
    <skipped/>
  </testcase> <!-- tcPackaging -->
  <testcase name="tcPackaging" time="0.000" classname="com.hasbro.security.Packaging">
    <skipped/>
  </testcase> <!-- tcPackaging -->
  <testcase name="tcPackaging" time="0.000" classname="com.hasbro.security.Packaging">
    <skipped/>
  </testcase> <!-- tcPackaging -->
  <testcase name="tcPackaging" time="0.000" classname="com.hasbro.security.Packaging">
    <skipped/>
  </testcase> <!-- tcPackaging -->
  <testcase name="tcPackaging" time="0.000" classname="com.hasbro.security.Packaging">
    <skipped/>
  </testcase> <!-- tcPackaging -->
  <testcase name="tcPackaging" time="0.000" classname="com.hasbro.security.Packaging">
    <skipped/>
  </testcase> <!-- tcPackaging -->
  <testcase name="tcPackaging" time="0.000" classname="com.hasbro.security.Packaging">
    <skipped/>
  </testcase> <!-- tcPackaging -->
  <testcase name="tcPackaging" time="0.000" classname="com.hasbro.security.Packaging">
    <skipped/>
  </testcase> <!-- tcPackaging -->
  <testcase name="tcPackaging" time="0.000" classname="com.hasbro.security.Packaging">
    <skipped/>
  </testcase> <!-- tcPackaging -->
  <testcase name="tcPackaging" time="0.000" classname="com.hasbro.security.Packaging">
    <skipped/>
  </testcase> <!-- tcPackaging -->
  <testcase name="tcPackaging" time="0.000" classname="com.hasbro.security.Packaging">
    <skipped/>
  </testcase> <!-- tcPackaging -->
  <testcase name="tcPackaging" time="0.000" classname="com.hasbro.security.Packaging">
    <skipped/>
  </testcase> <!-- tcPackaging -->
  <testcase name="tcPackaging" time="0.000" classname="com.hasbro.security.Packaging">
    <skipped/>
  </testcase> <!-- tcPackaging -->
  <testcase name="tcPackaging" time="0.000" classname="com.hasbro.security.Packaging">
    <skipped/>
  </testcase> <!-- tcPackaging -->
  <testcase name="tcPackaging" time="0.000" classname="com.hasbro.security.Packaging">
    <skipped/>
  </testcase> <!-- tcPackaging -->
  <testcase name="tcPackaging" time="0.000" classname="com.hasbro.security.Packaging">
    <skipped/>
  </testcase> <!-- tcPackaging -->
  <testcase name="tcPackaging" time="0.000" classname="com.hasbro.security.Packaging">
    <skipped/>
  </testcase> <!-- tcPackaging -->
  <testcase name="tcPackaging" time="0.000" classname="com.hasbro.security.Packaging">
    <skipped/>
  </testcase> <!-- tcPackaging -->
  <testcase name="tcPackaging" time="0.000" classname="com.hasbro.security.Packaging">
    <skipped/>
  </testcase> <!-- tcPackaging -->
  <testcase name="tcPackaging" time="0.000" classname="com.hasbro.security.Packaging">
    <skipped/>
  </testcase> <!-- tcPackaging -->
  <testcase name="tcPackaging" time="0.000" classname="com.hasbro.security.Packaging">
    <skipped/>
  </testcase> <!-- tcPackaging -->
  <testcase name="tcPackaging" time="0.000" classname="com.hasbro.security.Packaging">
    <skipped/>
  </testcase> <!-- tcPackaging -->
  <testcase name="tcPackaging" time="0.000" classname="com.hasbro.security.Packaging">
    <skipped/>
  </testcase> <!-- tcPackaging -->
  <testcase name="tcPackaging" time="0.000" classname="com.hasbro.security.Packaging">
    <skipped/>
  </testcase> <!-- tcPackaging -->
  <testcase name="tcPackaging" time="0.000" classname="com.hasbro.security.Packaging">
    <skipped/>
  </testcase> <!-- tcPackaging -->
  <testcase name="tcPackaging" time="0.000" classname="com.hasbro.security.Packaging">
    <skipped/>
  </testcase> <!-- tcPackaging -->
  <testcase name="tcPackaging" time="0.000" classname="com.hasbro.security.Packaging">
    <skipped/>
  </testcase> <!-- tcPackaging -->
  <testcase name="tcPackaging" time="0.000" classname="com.hasbro.security.Packaging">
    <skipped/>
  </testcase> <!-- tcPackaging -->
  <testcase name="tcPackaging" time="0.000" classname="com.hasbro.security.Packaging">
    <skipped/>
  </testcase> <!-- tcPackaging -->
  <testcase name="tcPackaging" time="0.000" classname="com.hasbro.security.Packaging">
    <skipped/>
  </testcase> <!-- tcPackaging -->
  <testcase name="tcPackaging" time="0.000" classname="com.hasbro.security.Packaging">
    <skipped/>
  </testcase> <!-- tcPackaging -->
  <testcase name="tcPackaging" time="0.000" classname="com.hasbro.security.Packaging">
    <skipped/>
  </testcase> <!-- tcPackaging -->
  <testcase name="tcPackaging" time="0.000" classname="com.hasbro.security.Packaging">
    <skipped/>
  </testcase> <!-- tcPackaging -->
  <testcase name="tcPackaging" time="0.000" classname="com.hasbro.security.Packaging">
    <skipped/>
  </testcase> <!-- tcPackaging -->
  <testcase name="tcPackaging" time="0.000" classname="com.hasbro.security.Packaging">
    <skipped/>
  </testcase> <!-- tcPackaging -->
  <testcase name="tcPackaging" time="0.000" classname="com.hasbro.security.Packaging">
    <skipped/>
  </testcase> <!-- tcPackaging -->
  <testcase name="tcPackaging" time="0.000" classname="com.hasbro.security.Packaging">
    <skipped/>
  </testcase> <!-- tcPackaging -->
  <testcase name="tcPackaging" time="0.000" classname="com.hasbro.security.Packaging">
    <skipped/>
  </testcase> <!-- tcPackaging -->
  <testcase name="tcPackaging" time="0.000" classname="com.hasbro.security.Packaging">
    <skipped/>
  </testcase> <!-- tcPackaging -->
  <testcase name="tcPackaging" time="0.000" classname="com.hasbro.security.Packaging">
    <skipped/>
  </testcase> <!-- tcPackaging -->
  <testcase name="tcPackaging" time="0.000" classname="com.hasbro.security.Packaging">
    <skipped/>
  </testcase> <!-- tcPackaging -->
  <testcase name="tcPackaging" time="0.000" classname="com.hasbro.security.Packaging">
    <skipped/>
  </testcase> <!-- tcPackaging -->
  <testcase name="tcPackaging" time="0.000" classname="com.hasbro.security.Packaging">
    <skipped/>
  </testcase> <!-- tcPackaging -->
  <testcase name="tcPackaging" time="0.000" classname="com.hasbro.security.Packaging">
    <skipped/>
  </testcase> <!-- tcPackaging -->
  <testcase name="tcPackaging" time="0.000" classname="com.hasbro.security.Packaging">
    <skipped/>
  </testcase> <!-- tcPackaging -->
  <testcase name="tcPackaging" time="0.000" classname="com.hasbro.security.Packaging">
    <skipped/>
  </testcase> <!-- tcPackaging -->
  <testcase name="tcPackaging" time="0.000" classname="com.hasbro.security.Packaging">
    <skipped/>
  </testcase> <!-- tcPackaging -->
  <testcase name="tcPackaging" time="0.000" classname="com.hasbro.security.Packaging">
    <skipped/>
  </testcase> <!-- tcPackaging -->
  <testcase name="tcPackaging" time="0.000" classname="com.hasbro.security.Packaging">
    <skipped/>
  </testcase> <!-- tcPackaging -->
  <testcase name="tcPackaging" time="0.000" classname="com.hasbro.security.Packaging">
    <skipped/>
  </testcase> <!-- tcPackaging -->
  <testcase name="tcPackaging" time="0.000" classname="com.hasbro.security.Packaging">
    <skipped/>
  </testcase> <!-- tcPackaging -->
  <testcase name="tcPackaging" time="0.000" classname="com.hasbro.security.Packaging">
    <skipped/>
  </testcase> <!-- tcPackaging -->
  <testcase name="tcPackaging" time="0.000" classname="com.hasbro.security.Packaging">
    <skipped/>
  </testcase> <!-- tcPackaging -->
  <testcase name="tcPackaging" time="0.000" classname="com.hasbro.security.Packaging">
    <skipped/>
  </testcase> <!-- tcPackaging -->
  <testcase name="tcPackaging" time="0.000" classname="com.hasbro.security.Packaging">
    <skipped/>
  </testcase> <!-- tcPackaging -->
  <testcase name="tcPackaging" time="0.000" classname="com.hasbro.security.Packaging">
    <skipped/>
  </testcase> <!-- tcPackaging -->
  <testcase name="tcPackaging" time="0.000" classname="com.hasbro.security.Packaging">
    <skipped/>
  </testcase> <!-- tcPackaging -->
  <testcase name="tcPackaging" time="0.000" classname="com.hasbro.security.Packaging">
    <skipped/>
[...]
    <skipped/>
  </testcase> <!-- tcPackaging -->
  <testcase name="tcPackaging" time="0.000" classname="com.hasbro.security.Packaging">
    <skipped/>
  </testcase> <!-- tcPackaging -->
  <testcase name="tcPackaging" time="0.000" classname="com.hasbro.security.Packaging">
    <skipped/>
  </testcase> <!-- tcPackaging -->
  <testcase name="tcPackaging" time="0.000" classname="com.hasbro.security.Packaging">
    <skipped/>
  </testcase> <!-- tcPackaging -->
  <testcase name="tcPackaging" time="0.000" classname="com.hasbro.security.Packaging">
    <skipped/>
  </testcase> <!-- tcPackaging -->
  <testcase name="tcPackaging" time="0.000" classname="com.hasbro.security.Packaging">
    <skipped/>
  </testcase> <!-- tcPackaging -->
  <testcase name="tcPackaging" time="0.000" classname="com.hasbro.security.Packaging">
    <skipped/>
  </testcase> <!-- tcPackaging -->
  <testcase name="tcPackaging" time="0.000" classname="com.hasbro.security.Packaging">
    <skipped/>
  </testcase> <!-- tcPackaging -->
  <testcase name="tcPackaging" time="0.000" classname="com.hasbro.security.Packaging">
    <skipped/>
  </testcase> <!-- tcPackaging -->
  <testcase name="tcPackaging" time="0.000" classname="com.hasbro.security.Packaging">
    <skipped/>
  </testcase> <!-- tcPackaging -->
  <testcase name="tcPackaging" time="0.000" classname="com.hasbro.security.Packaging">
    <skipped/>
  </testcase> <!-- tcPackaging -->
  <testcase name="tcPackaging" time="0.000" classname="com.hasbro.security.Packaging">
    <skipped/>
  </testcase> <!-- tcPackaging -->
  <testcase name="tcPackaging" time="0.000" classname="com.hasbro.security.Packaging">
    <skipped/>
  </testcase> <!-- tcPackaging -->
  <testcase name="tcPackaging" time="0.000" classname="com.hasbro.security.Packaging">
    <skipped/>
  </testcase> <!-- tcPackaging -->
  <testcase name="tcPackaging" time="0.000" classname="com.hasbro.security.Packaging">
    <skipped/>
  </testcase> <!-- tcPackaging -->
  <testcase name="tcPackaging" time="0.000" classname="com.hasbro.security.Packaging">
    <skipped/>
  </testcase> <!-- tcPackaging -->
  <testcase name="tcPackaging" time="0.000" classname="com.hasbro.security.Packaging">
    <skipped/>
  </testcase> <!-- tcPackaging -->
  <testcase name="tcPackaging" time="0.000" classname="com.hasbro.security.Packaging">
    <skipped/>
  </testcase> <!-- tcPackaging -->
  <testcase name="tcPackaging" time="0.000" classname="com.hasbro.security.Packaging">
    <skipped/>
  </testcase> <!-- tcPackaging -->
  <testcase name="tcPackaging" time="0.000" classname="com.hasbro.security.Packaging">
    <skipped/>
  </testcase> <!-- tcPackaging -->
  <testcase name="tcPackaging" time="0.000" classname="com.hasbro.security.Packaging">
    <skipped/>
  </testcase> <!-- tcPackaging -->
  <testcase name="tcPackaging" time="0.000" classname="com.hasbro.security.Packaging">
    <skipped/>
  </testcase> <!-- tcPackaging -->
  <testcase name="tcPackaging" time="0.000" classname="com.hasbro.security.Packaging">
    <skipped/>
  </testcase> <!-- tcPackaging -->
  <testcase name="tcPackaging" time="0.000" classname="com.hasbro.security.Packaging">
    <skipped/>
  </testcase> <!-- tcPackaging -->
  <testcase name="tcPackaging" time="0.000" classname="com.hasbro.security.Packaging">
    <skipped/>
  </testcase> <!-- tcPackaging -->
  <testcase name="tcPackaging" time="0.000" classname="com.hasbro.security.Packaging">
    <skipped/>
  </testcase> <!-- tcPackaging -->
  <testcase name="tcPackaging" time="0.000" classname="com.hasbro.security.Packaging">
    <skipped/>
  </testcase> <!-- tcPackaging -->
  <testcase name="tcPackaging" time="0.000" classname="com.hasbro.security.Packaging">
    <skipped/>
  </testcase> <!-- tcPackaging -->
  <testcase name="tcPackaging" time="0.000" classname="com.hasbro.security.Packaging">
    <skipped/>
  </testcase> <!-- tcPackaging -->
  <testcase name="tcPackaging" time="0.000" classname="com.hasbro.security.Packaging">
    <skipped/>
  </testcase> <!-- tcPackaging -->
  <testcase name="tcPackaging" time="0.000" classname="com.hasbro.security.Packaging">
    <skipped/>
  </testcase> <!-- tcPackaging -->
  <testcase name="tcPackaging" time="0.000" classname="com.hasbro.security.Packaging">
    <skipped/>
  </testcase> <!-- tcPackaging -->
  <testcase name="tcPackaging" time="0.000" classname="com.hasbro.security.Packaging">
    <skipped/>
  </testcase> <!-- tcPackaging -->
  <testcase name="tcPackaging" time="0.000" classname="com.hasbro.security.Packaging">
    <skipped/>
  </testcase> <!-- tcPackaging -->
  <testcase name="tcPackaging" time="0.000" classname="com.hasbro.security.Packaging">
    <skipped/>
  </testcase> <!-- tcPackaging -->
  <testcase name="tcPackaging" time="0.000" classname="com.hasbro.security.Packaging">
    <skipped/>
  </testcase> <!-- tcPackaging -->
  <testcase name="tcPackaging" time="0.000" classname="com.hasbro.security.Packaging">
    <skipped/>
  </testcase> <!-- tcPackaging -->
  <testcase name="tcPackaging" time="0.000" classname="com.hasbro.security.Packaging">
    <skipped/>
  </testcase> <!-- tcPackaging -->
  <testcase name="tcPackaging" time="0.000" classname="com.hasbro.security.Packaging">
    <skipped/>
  </testcase> <!-- tcPackaging -->
  <testcase name="tcPackaging" time="0.000" classname="com.hasbro.security.Packaging">
    <skipped/>
  </testcase> <!-- tcPackaging -->
  <testcase name="tcPackaging" time="0.000" classname="com.hasbro.security.Packaging">
    <skipped/>
  </testcase> <!-- tcPackaging -->
  <testcase name="tcPackaging" time="0.000" classname="com.hasbro.security.Packaging">
    <skipped/>
  </testcase> <!-- tcPackaging -->
  <testcase name="tcPackaging" time="0.000" classname="com.hasbro.security.Packaging">
    <skipped/>
  </testcase> <!-- tcPackaging -->
  <testcase name="tcPackaging" time="0.000" classname="com.hasbro.security.Packaging">
    <skipped/>
  </testcase> <!-- tcPackaging -->
  <testcase name="tcPackaging" time="0.000" classname="com.hasbro.security.Packaging">
    <skipped/>
  </testcase> <!-- tcPackaging -->
  <testcase name="tcPackaging" time="0.000" classname="com.hasbro.security.Packaging">
    <skipped/>
  </testcase> <!-- tcPackaging -->
  <testcase name="tcPackaging" time="0.000" classname="com.hasbro.security.Packaging">
    <skipped/>
  </testcase> <!-- tcPackaging -->
  <testcase name="tcPackaging" time="0.000" classname="com.hasbro.security.Packaging">
    <skipped/>
  </testcase> <!-- tcPackaging -->
  <testcase name="tcPackaging" time="0.000" classname="com.hasbro.security.Packaging">
    <skipped/>
  </testcase> <!-- tcPackaging -->
  <testcase name="tcPackaging" time="0.000" classname="com.hasbro.security.Packaging">
    <skipped/>
  </testcase> <!-- tcPackaging -->
  <testcase name="tcPackaging" time="0.000" classname="com.hasbro.security.Packaging">
    <skipped/>
  </testcase> <!-- tcPackaging -->
  <testcase name="tcPackaging" time="0.000" classname="com.hasbro.security.Packaging">
    <skipped/>
  </testcase> <!-- tcPackaging -->
  <testcase name="tcPackaging" time="0.000" classname="com.hasbro.security.Packaging">
    <skipped/>
  </testcase> <!-- tcPackaging -->
  <testcase name="tcPackaging" time="0.000" classname="com.hasbro.security.Packaging">
    <skipped/>
  </testcase> <!-- tcPackaging -->
  <testcase name="tcPackaging" time="0.000" classname="com.hasbro.security.Packaging">
    <skipped/>
  </testcase> <!-- tcPackaging -->
  <testcase name="tcPackaging" time="0.000" classname="com.hasbro.security.Packaging">
    <skipped/>
  </testcase> <!-- tcPackaging -->
  <testcase name="tcPackaging" time="0.000" classname="com.hasbro.security.Packaging">
    <skipped/>
  </testcase> <!-- tcPackaging -->
  <testcase name="tcPackaging" time="0.000" classname="com.hasbro.security.Packaging">
    <skipped/>
  </testcase> <!-- tcPackaging -->
  <testcase name="tcPackaging" time="0.000" classname="com.hasbro.security.Packaging">
    <skipped/>
  </testcase> <!-- tcPackaging -->
  <testcase name="tcPackaging" time="0.000" classname="com.hasbro.security.Packaging">
    <skipped/>
  </testcase> <!-- tcPackaging -->
  <testcase name="tcPackaging" time="0.000" classname="com.hasbro.security.Packaging">
    <skipped/>
  </testcase> <!-- tcPackaging -->
  <testcase name="tcPackaging" time="0.000" classname="com.hasbro.security.Packaging">
    <skipped/>
  </testcase> <!-- tcPackaging -->
  <testcase name="tcPackaging" time="0.000" classname="com.hasbro.security.Packaging">
    <skipped/>
  </testcase> <!-- tcPackaging -->
  <testcase name="tcPackaging" time="0.000" classname="com.hasbro.security.Packaging">
    <skipped/>
  </testcase> <!-- tcPackaging -->
  <testcase name="tcPackaging" time="0.000" classname="com.hasbro.security.Packaging">
    <skipped/>
  </testcase> <!-- tcPackaging -->
  <testcase name="tcPackaging" time="0.000" classname="com.hasbro.security.Packaging">
    <skipped/>
  </testcase> <!-- tcPackaging -->
  <testcase name="tcPackaging" time="0.000" classname="com.hasbro.security.Packaging">
    <skipped/>
  </testcase> <!-- tcPackaging -->
  <testcase name="tcPackaging" time="0.000" classname="com.hasbro.security.Packaging">
    <skipped/>
  </testcase> <!-- tcPackaging -->
  <testcase name="tcPackaging" time="0.000" classname="com.hasbro.security.Packaging">
    <skipped/>
  </testcase> <!-- tcPackaging -->
  <testcase name="tcPackaging" time="0.000" classname="com.hasbro.security.Packaging">
    <skipped/>
  </testcase> <!-- tcPackaging -->
  <testcase name="tcPackaging" time="0.000" classname="com.hasbro.security.Packaging">
    <skipped/>
  </testcase> <!-- tcPackaging -->
  <testcase name="tcPackaging" time="0.000" classname="com.hasbro.security.Packaging">
    <skipped/>
  </testcase> <!-- tcPackaging -->
  <testcase name="tcPackaging" time="0.000" classname="com.hasbro.security.Packaging">
    <skipped/>
  </testcase> <!-- tcPackaging -->
  <testcase name="tcPackaging" time="0.000" classname="com.hasbro.security.Packaging">
    <skipped/>
  </testcase> <!-- tcPackaging -->
  <testcase name="tcPackaging" time="0.000" classname="com.hasbro.security.Packaging">
    <skipped/>
  </testcase> <!-- tcPackaging -->
  <testcase name="tcPackaging" time="0.000" classname="com.hasbro.security.Packaging">
    <skipped/>
  </testcase> <!-- tcPackaging -->
  <testcase name="tcPackaging" time="0.000" classname="com.hasbro.security.Packaging">
    <skipped/>
  </testcase> <!-- tcPackaging -->
  <testcase name="tcPackaging" time="0.000" classname="com.hasbro.security.Packaging">
    <skipped/>
  </testcase> <!-- tcPackaging -->
  <testcase name="tcPackaging" time="0.000" classname="com.hasbro.security.Packaging">
    <skipped/>
  </testcase> <!-- tcPackaging -->
  <testcase name="tcPackaging" time="0.000" classname="com.hasbro.security.Packaging">
    <skipped/>
  </testcase> <!-- tcPackaging -->
  <testcase name="tcPackaging" time="0.000" classname="com.hasbro.security.Packaging">
    <skipped/>
  </testcase> <!-- tcPackaging -->
  <testcase name="tcPackaging" time="0.000" classname="com.hasbro.security.Packaging">
    <skipped/>
  </testcase> <!-- tcPackaging -->
  <testcase name="tcPackaging" time="0.000" classname="com.hasbro.security.Packaging">
    <skipped/>
  </testcase> <!-- tcPackaging -->
  <testcase name="tcPackaging" time="0.000" classname="com.hasbro.security.Packaging">
    <skipped/>
  </testcase> <!-- tcPackaging -->
  <testcase name="tcPackaging" time="0.000" classname="com.hasbro.security.Packaging">
    <skipped/>
  </testcase> <!-- tcPackaging -->
  <testcase name="tcPackaging" time="0.000" classname="com.hasbro.security.Packaging">
    <skipped/>
  </testcase> <!-- tcPackaging -->
  <testcase name="tcPackaging" time="0.000" classname="com.hasbro.security.Packaging">
    <skipped/>
  </testcase> <!-- tcPackaging -->
  <testcase name="tcPackaging" time="0.000" classname="com.hasbro.security.Packaging">
    <skipped/>
  </testcase> <!-- tcPackaging -->
  <testcase name="tcPackaging" time="0.000" classname="com.hasbro.security.Packaging">
    <skipped/>
  </testcase> <!-- tcPackaging -->
  <testcase name="tcPackaging" time="0.000" classname="com.hasbro.security.Packaging">
    <skipped/>
  </testcase> <!-- tcPackaging -->
  <testcase name="tcPackaging" time="0.000" classname="com.hasbro.security.Packaging">
    <skipped/>
  </testcase> <!-- tcPackaging -->
  <testcase name="tcPackaging" time="0.000" classname="com.hasbro.security.Packaging">
    <skipped/>
  </testcase> <!-- tcPackaging -->
  <testcase name="tcPackaging" time="0.000" classname="com.hasbro.security.Packaging">
    <skipped/>
  </testcase> <!-- tcPackaging -->
  <testcase name="tcPackaging" time="0.000" classname="com.hasbro.security.Packaging">
    <skipped/>
  </testcase> <!-- tcPackaging -->
  <testcase name="tcPackaging" time="0.000" classname="com.hasbro.security.Packaging">
    <skipped/>
  </testcase> <!-- tcPackaging -->
  <testcase name="tcPackaging" time="0.000" classname="com.hasbro.security.Packaging">
    <skipped/>
  </testcase> <!-- tcPackaging -->
  <testcase name="tcPackaging" time="0.000" classname="com.hasbro.security.Packaging">
    <skipped/>
  </testcase> <!-- tcPackaging -->
  <testcase name="tcPackaging" time="0.000" classname="com.hasbro.security.Packaging">
    <skipped/>
  </testcase> <!-- tcPackaging -->
  <testcase name="tcPackaging" time="0.000" classname="com.hasbro.security.Packaging">
    <skipped/>
  </testcase> <!-- tcPackaging -->
  <testcase name="tcPackaging" time="0.000" classname="com.hasbro.security.Packaging">
    <skipped/>
  </testcase> <!-- tcPackaging -->
  <testcase name="tcPackaging" time="0.000" classname="com.hasbro.security.Packaging">
    <skipped/>
  </testcase> <!-- tcPackaging -->
  <testcase name="tcPackaging" time="0.000" classname="com.hasbro.security.Packaging">
    <skipped/>
  </testcase> <!-- tcPackaging -->
  <testcase name="tcPackaging" time="0.000" classname="com.hasbro.security.Packaging">
    <skipped/>
  </testcase> <!-- tcPackaging -->
  <testcase name="tcPackaging" time="0.000" classname="com.hasbro.security.Packaging">
    <skipped/>
  </testcase> <!-- tcPackaging -->
  <testcase name="tcPackaging" time="0.000" classname="com.hasbro.security.Packaging">
    <skipped/>
  </testcase> <!-- tcPackaging -->
  <testcase name="tcPackaging" time="0.000" classname="com.hasbro.security.Packaging">
    <skipped/>
  </testcase> <!-- tcPackaging -->
  <testcase name="tcPackaging" time="0.000" classname="com.hasbro.security.Packaging">
    <skipped/>
  </testcase> <!-- tcPackaging -->
  <testcase name="tcPackaging" time="0.000" classname="com.hasbro.security.Packaging">
    <skipped/>
  </testcase> <!-- tcPackaging -->
  <testcase name="tcPackaging" time="0.000" classname="com.hasbro.security.Packaging">
    <skipped/>
  </testcase> <!-- tcPackaging -->
  <testcase name="tcPackaging" time="0.000" classname="com.hasbro.security.Packaging">
    <skipped/>
  </testcase> <!-- tcPackaging -->
  <testcase name="tcPackaging" time="0.000" classname="com.hasbro.security.Packaging">
    <skipped/>
  </testcase> <!-- tcPackaging -->
  <testcase name="tcPackaging" time="0.000" classname="com.hasbro.security.Packaging">
    <skipped/>
  </testcase> <!-- tcPackaging -->
  <testcase name="tcPackaging" time="0.000" classname="com.hasbro.security.Packaging">
    <skipped/>
  </testcase> <!-- tcPackaging -->
  <testcase name="tcPackaging" time="0.000" classname="com.hasbro.security.Packaging">
    <skipped/>
  </testcase> <!-- tcPackaging -->
  <testcase name="tcPackaging" time="0.000" classname="com.hasbro.security.Packaging">
    <skipped/>
  </testcase> <!-- tcPackaging -->
  <testcase name="tcPackaging" time="0.000" classname="com.hasbro.security.Packaging">
    <skipped/>
  </testcase> <!-- tcPackaging -->
  <testcase name="tcPackaging" time="0.000" classname="com.hasbro.security.Packaging">
    <skipped/>
  </testcase> <!-- tcPackaging -->
  <testcase name="tcPackaging" time="0.000" classname="com.hasbro.security.Packaging">
    <skipped/>
  </testcase> <!-- tcPackaging -->
  <testcase name="tcPackaging" time="0.000" classname="com.hasbro.security.Packaging">
    <skipped/>
  </testcase> <!-- tcPackaging -->
  <testcase name="tcPackaging" time="0.000" classname="com.hasbro.security.Packaging">
    <skipped/>
  </testcase> <!-- tcPackaging -->
  <testcase name="tcPackaging" time="0.000" classname="com.hasbro.security.Packaging">
    <skipped/>
  </testcase> <!-- tcPackaging -->
  <testcase name="tcPackaging" time="0.000" classname="com.hasbro.security.Packaging">
    <skipped/>
  </testcase> <!-- tcPackaging -->
  <testcase name="tcPackaging" time="0.000" classname="com.hasbro.security.Packaging">
    <skipped/>
  </testcase> <!-- tcPackaging -->
  <testcase name="tcPackaging" time="0.000" classname="com.hasbro.security.Packaging">
    <skipped/>
  </testcase> <!-- tcPackaging -->
  <testcase name="tcPackaging" time="0.000" classname="com.hasbro.security.Packaging">
    <skipped/>
  </testcase> <!-- tcPackaging -->
  <testcase name="tcPackaging" time="0.000" classname="com.hasbro.security.Packaging">
    <skipped/>
  </testcase> <!-- tcPackaging -->
  <testcase name="tcPackaging" time="0.000" classname="com.hasbro.security.Packaging">
    <skipped/>
  </testcase> <!-- tcPackaging -->
  <testcase name="tcPackaging" time="0.000" classname="com.hasbro.security.Packaging">
    <skipped/>
  </testcase> <!-- tcPackaging -->
  <testcase name="tcPackaging" time="0.000" classname="com.hasbro.security.Packaging">
    <skipped/>
  </testcase> <!-- tcPackaging -->
  <testcase name="tcPackaging" time="0.000" classname="com.hasbro.security.Packaging">
    <skipped/>
  </testcase> <!-- tcPackaging -->
  <testcase name="tcPackaging" time="0.000" classname="com.hasbro.security.Packaging">
    <skipped/>
  </testcase> <!-- tcPackaging -->
  <testcase name="tcPackaging" time="0.000" classname="com.hasbro.security.Packaging">
    <skipped/>
  </testcase> <!-- tcPackaging -->
  <testcase name="tcPackaging" time="0.000" classname="com.hasbro.security.Packaging">
    <skipped/>
  </testcase> <!-- tcPackaging -->
  <testcase name="tcPackaging" time="0.000" classname="com.hasbro.security.Packaging">
    <skipped/>
  </testcase> <!-- tcPackaging -->
  <testcase name="tcPackaging" time="0.000" classname="com.hasbro.security.Packaging">
    <skipped/>
  </testcase> <!-- tcPackaging -->
  <testcase name="tcPackaging" time="0.000" classname="com.hasbro.security.Packaging">
    <skipped/>
  </testcase> <!-- tcPackaging -->
  <testcase name="tcPackaging" time="0.000" classname="com.hasbro.security.Packaging">
    <skipped/>
  </testcase> <!-- tcPackaging -->
  <testcase name="tcPackaging" time="0.000" classname="com.hasbro.security.Packaging">
    <skipped/>
  </testcase> <!-- tcPackaging -->
  <testcase name="tcPackaging" time="0.000" classname="com.hasbro.security.Packaging">
    <skipped/>
  </testcase> <!-- tcPackaging -->
  <testcase name="tcPackaging" time="0.000" classname="com.hasbro.security.Packaging">
    <skipped/>
  </testcase> <!-- tcPackaging -->
  <testcase name="tcPackaging" time="0.000" classname="com.hasbro.security.Packaging">
    <skipped/>
  </testcase> <!-- tcPackaging -->
  <testcase name="tcPackaging" time="0.000" classname="com.hasbro.security.Packaging">
    <skipped/>
  </testcase> <!-- tcPackaging -->
  <testcase name="tcPackaging" time="0.000" classname="com.hasbro.security.Packaging">
    <skipped/>
  </testcase> <!-- tcPackaging -->
  <testcase name="tcPackaging" time="0.000" classname="com.hasbro.security.Packaging">
    <skipped/>
  </testcase> <!-- tcPackaging -->
  <testcase name="tcPackaging" time="0.000" classname="com.hasbro.security.Packaging">
    <skipped/>
  </testcase> <!-- tcPackaging -->
  <testcase name="tcPackaging" time="0.000" classname="com.hasbro.security.Packaging">
    <skipped/>
  </testcase> <!-- tcPackaging -->
</testsuite> <!-- com.hasbro.security.Packaging -->
