<?xml version="1.0" encoding="UTF-8"?>
<!-- Generated by org.testng.reporters.JUnitXMLReporter -->
<testsuite hostname="P3ALAP-6021FG3" name="Product" tests="6" failures="0" timestamp="15 Mar 2017 08:56:01 GMT" time="0.031" errors="0">
  <testcase name="@BeforeSuite checkSuiteSkipTest" time="0.0" classname="com.hasbro.libraries.Product">
    <failure type="java.lang.OutOfMemoryError" message="Java heap space">
      <![CDATA[java.lang.OutOfMemoryError: Java heap space
]]>
    </failure>
  </testcase> <!-- @BeforeSuite checkSuiteSkipTest -->
  <testcase name="@BeforeTest checkTestcaseSkip" time="0.0" classname="com.hasbro.libraries.Product">
    <skipped/>
  </testcase> <!-- @BeforeTest checkTestcaseSkip -->
  <testcase name="@AfterMethod reporterdataSetResult" time="0.0" classname="com.hasbro.libraries.Product">
    <skipped/>
  </testcase> <!-- @AfterMethod reporterdataSetResult -->
  <testcase name="@AfterMethod reporterdataSetResult" time="0.0" classname="com.hasbro.libraries.Product">
    <skipped/>
  </testcase> <!-- @AfterMethod reporterdataSetResult -->
  <testcase name="@AfterMethod reporterdataSetResult" time="0.0" classname="com.hasbro.libraries.Product">
    <skipped/>
  </testcase> <!-- @AfterMethod reporterdataSetResult -->
  <testcase name="@AfterMethod reporterdataSetResult" time="0.0" classname="com.hasbro.libraries.Product">
    <skipped/>
  </testcase> <!-- @AfterMethod reporterdataSetResult -->
  <testcase name="@AfterMethod reporterdataSetResult" time="0.0" classname="com.hasbro.libraries.Product">
    <skipped/>
  </testcase> <!-- @AfterMethod reporterdataSetResult -->
  <testcase name="@AfterMethod reporterdataSetResult" time="0.0" classname="com.hasbro.libraries.Product">
    <skipped/>
  </testcase> <!-- @AfterMethod reporterdataSetResult -->
  <testcase name="@AfterTest reportTestcaseResult" time="0.0" classname="com.hasbro.libraries.Product">
    <skipped/>
  </testcase> <!-- @AfterTest reportTestcaseResult -->
  <testcase name="testcaseA1" time="0.0" classname="com.hasbro.libraries.Product">
    <skipped/>
  </testcase> <!-- testcaseA1 -->
  <testcase name="testcaseA1" time="0.0" classname="com.hasbro.libraries.Product">
    <skipped/>
  </testcase> <!-- testcaseA1 -->
  <testcase name="testcaseA1" time="0.0" classname="com.hasbro.libraries.Product">
    <skipped/>
  </testcase> <!-- testcaseA1 -->
  <testcase name="testcaseA1" time="0.0" classname="com.hasbro.libraries.Product">
    <skipped/>
  </testcase> <!-- testcaseA1 -->
  <testcase name="testcaseA1" time="0.0" classname="com.hasbro.libraries.Product">
    <skipped/>
  </testcase> <!-- testcaseA1 -->
  <testcase name="testcaseA1" time="0.0" classname="com.hasbro.libraries.Product">
    <skipped/>
  </testcase> <!-- testcaseA1 -->
</testsuite> <!-- Product -->
