<?xml version="1.0" encoding="UTF-8"?>
<!-- Generated by org.testng.reporters.JUnitXMLReporter -->
<testsuite hostname="P3ALAP-6021FG3" name="Season" tests="6" failures="0" timestamp="9 Aug 2016 09:47:07 GMT" time="0.048" errors="0">
  <testcase name="@BeforeTest checkTestcaseSkip" time="0.0" classname="com.hasbro.libraries.Season">
    <skipped/>
  </testcase> <!-- @BeforeTest checkTestcaseSkip -->
  <testcase name="@AfterMethod reporterdataSetResult" time="0.0" classname="com.hasbro.libraries.Season">
    <skipped/>
  </testcase> <!-- @AfterMethod reporterdataSetResult -->
  <testcase name="@AfterMethod reporterdataSetResult" time="0.0" classname="com.hasbro.libraries.Season">
    <skipped/>
  </testcase> <!-- @AfterMethod reporterdataSetResult -->
  <testcase name="@AfterMethod reporterdataSetResult" time="0.0" classname="com.hasbro.libraries.Season">
    <skipped/>
  </testcase> <!-- @AfterMethod reporterdataSetResult -->
  <testcase name="@AfterMethod reporterdataSetResult" time="0.0" classname="com.hasbro.libraries.Season">
    <skipped/>
  </testcase> <!-- @AfterMethod reporterdataSetResult -->
  <testcase name="@AfterMethod reporterdataSetResult" time="0.0" classname="com.hasbro.libraries.Season">
    <skipped/>
  </testcase> <!-- @AfterMethod reporterdataSetResult -->
  <testcase name="@AfterMethod reporterdataSetResult" time="0.0" classname="com.hasbro.libraries.Season">
    <skipped/>
  </testcase> <!-- @AfterMethod reporterdataSetResult -->
  <testcase name="@AfterTest reportTestcaseResult" time="0.0" classname="com.hasbro.libraries.Season">
    <skipped/>
  </testcase> <!-- @AfterTest reportTestcaseResult -->
  <testcase name="testcaseA1" time="0.0" classname="com.hasbro.libraries.Season">
    <skipped/>
  </testcase> <!-- testcaseA1 -->
  <testcase name="testcaseA1" time="0.0" classname="com.hasbro.libraries.Season">
    <skipped/>
  </testcase> <!-- testcaseA1 -->
  <testcase name="testcaseA1" time="0.0" classname="com.hasbro.libraries.Season">
    <skipped/>
  </testcase> <!-- testcaseA1 -->
  <testcase name="testcaseA1" time="0.0" classname="com.hasbro.libraries.Season">
    <skipped/>
  </testcase> <!-- testcaseA1 -->
  <testcase name="testcaseA1" time="0.0" classname="com.hasbro.libraries.Season">
    <skipped/>
  </testcase> <!-- testcaseA1 -->
  <testcase name="testcaseA1" time="0.0" classname="com.hasbro.libraries.Season">
    <skipped/>
  </testcase> <!-- testcaseA1 -->
</testsuite> <!-- Season -->
